2026-04-20 08:38:13,184 [INFO] ==================================================
2026-04-20 08:38:13,184 [INFO] >>>> R-MNIST DOMAIN-IL BENCHMARK <<<<
2026-04-20 08:38:13,184 [INFO] ==================================================
2026-04-20 08:38:13,184 [INFO]   lmbd            = 0.6
2026-04-20 08:38:13,184 [INFO]   trials          = 5
2026-04-20 08:38:13,184 [INFO]   t_contrast      = 0.07
2026-04-20 08:38:13,184 [INFO]   t_student       = 0.07
2026-04-20 08:38:13,184 [INFO]   t_teacher       = 0.07
2026-04-20 08:38:13,184 [INFO]   epochs_train    = 20
2026-04-20 08:38:13,184 [INFO]   epochs_eval     = 100
2026-04-20 08:38:13,184 [INFO]   alpha_lump      = 0.1
2026-04-20 08:38:13,184 [INFO]   buffer_size     = 500
2026-04-20 08:38:13,184 [INFO]   data_root       = ./data
2026-04-20 08:38:13,184 [INFO]   log_file        = None
2026-04-20 08:38:13,184 [INFO]   gpu             = 0
2026-04-20 08:38:13,184 [INFO] ==================================================
2026-04-20 08:38:13,184 [INFO] >>>> TRIAL 1/5 <<<<
2026-04-20 08:38:13,214 [INFO] Using device: cuda
2026-04-20 08:38:13,214 [INFO] R-MNIST degrees: [0, 9, 18, 27, 36, 45, 54, 63, 72, 81, 90, 99, 108, 117, 126, 135, 144, 153, 162, 171]
2026-04-20 08:38:13,977 [INFO] === Task 1/20 | degree=0.0 | epochs=100 ===
2026-04-20 08:39:17,581 [INFO]   Epoch 10/100 | Loss: 0.0485
2026-04-20 08:40:20,411 [INFO]   Epoch 20/100 | Loss: 0.0232
2026-04-20 08:41:27,957 [INFO]   Epoch 30/100 | Loss: 0.0344
2026-04-20 08:42:33,721 [INFO]   Epoch 40/100 | Loss: 0.0164
2026-04-20 08:43:47,333 [INFO]   Epoch 50/100 | Loss: 0.0283
2026-04-20 08:45:07,475 [INFO]   Epoch 60/100 | Loss: 0.0145
2026-04-20 08:46:36,525 [INFO]   Epoch 70/100 | Loss: 0.0271
2026-04-20 08:48:05,398 [INFO]   Epoch 80/100 | Loss: 0.0144
2026-04-20 08:49:25,590 [INFO]   Epoch 90/100 | Loss: 0.0256
2026-04-20 08:50:33,983 [INFO]   Epoch 100/100 | Loss: 0.0137
2026-04-20 08:53:12,323 [INFO] After Task 1 | Domain accs: [90.5]
2026-04-20 08:53:12,323 [INFO] After Task 1 | Avg Domain-IL: 90.50%
2026-04-20 08:53:12,323 [INFO] === Task 2/20 | degree=9.0 | epochs=20 ===
2026-04-20 08:54:42,453 [INFO]   Epoch 10/20 | Loss: 0.1128
2026-04-20 08:55:55,061 [INFO]   Epoch 20/20 | Loss: 0.0951
2026-04-20 08:56:08,776 [INFO] After Task 2 | Domain accs: [89.81, 86.5]
2026-04-20 08:56:08,777 [INFO] After Task 2 | Avg Domain-IL: 88.16%
2026-04-20 08:56:08,777 [INFO] === Task 3/20 | degree=18.0 | epochs=20 ===
2026-04-20 08:57:16,141 [INFO]   Epoch 10/20 | Loss: 0.1839
2026-04-20 08:58:22,677 [INFO]   Epoch 20/20 | Loss: 0.1518
2026-04-20 08:58:32,838 [INFO] After Task 3 | Domain accs: [83.0, 80.54, 86.77]
2026-04-20 08:58:32,838 [INFO] After Task 3 | Avg Domain-IL: 83.44%
2026-04-20 08:58:32,838 [INFO] === Task 4/20 | degree=27.0 | epochs=20 ===
