2026-04-20 13:09:28,421 [INFO] ==================================================
2026-04-20 13:09:28,421 [INFO] >>>> R-MNIST DOMAIN-IL BENCHMARK <<<<
2026-04-20 13:09:28,421 [INFO] ==================================================
2026-04-20 13:09:28,421 [INFO]   lmbd            = 1.0
2026-04-20 13:09:28,421 [INFO]   trials          = 5
2026-04-20 13:09:28,421 [INFO]   t_contrast      = 0.2
2026-04-20 13:09:28,421 [INFO]   t_student       = 0.07
2026-04-20 13:09:28,421 [INFO]   t_teacher       = 0.01
2026-04-20 13:09:28,421 [INFO]   epochs_train    = 20
2026-04-20 13:09:28,421 [INFO]   epochs_eval     = 100
2026-04-20 13:09:28,421 [INFO]   alpha_lump      = 0.1
2026-04-20 13:09:28,421 [INFO]   buffer_size     = 500
2026-04-20 13:09:28,421 [INFO]   data_root       = ./data
2026-04-20 13:09:28,421 [INFO]   log_file        = None
2026-04-20 13:09:28,421 [INFO]   gpu             = 1
2026-04-20 13:09:28,421 [INFO] ==================================================
2026-04-20 13:09:28,421 [INFO] >>>> TRIAL 1/5 <<<<
2026-04-20 13:09:28,468 [INFO] Using device: cuda
2026-04-20 13:09:28,469 [INFO] R-MNIST degrees: [0, 9, 18, 27, 36, 45, 54, 63, 72, 81, 90, 99, 108, 117, 126, 135, 144, 153, 162, 171]
2026-04-20 13:09:29,076 [INFO] === Task 1/20 | degree=0.0 | epochs=100 ===
2026-04-20 13:10:21,061 [INFO]   Epoch 10/100 | Loss: 1.7821
2026-04-20 13:11:13,223 [INFO]   Epoch 20/100 | Loss: 1.7246
2026-04-20 13:12:05,636 [INFO]   Epoch 30/100 | Loss: 1.7265
2026-04-20 13:12:58,195 [INFO]   Epoch 40/100 | Loss: 1.6833
2026-04-20 13:13:50,835 [INFO]   Epoch 50/100 | Loss: 1.7006
2026-04-20 13:14:43,799 [INFO]   Epoch 60/100 | Loss: 1.6621
2026-04-20 13:15:36,557 [INFO]   Epoch 70/100 | Loss: 1.6869
2026-04-20 13:16:29,375 [INFO]   Epoch 80/100 | Loss: 1.6498
2026-04-20 13:17:22,153 [INFO]   Epoch 90/100 | Loss: 1.6801
2026-04-20 13:18:18,118 [INFO]   Epoch 100/100 | Loss: 1.6426
2026-04-20 13:18:30,353 [INFO] After Task 1 | Domain accs: [98.94]
2026-04-20 13:18:30,353 [INFO] After Task 1 | Avg Domain-IL: 98.94%
2026-04-20 13:18:30,353 [INFO] === Task 2/20 | degree=9.0 | epochs=20 ===
2026-04-20 13:19:26,535 [INFO]   Epoch 10/20 | Loss: 1.7601
2026-04-20 13:20:25,715 [INFO]   Epoch 20/20 | Loss: 1.7232
2026-04-20 13:20:38,790 [INFO] After Task 2 | Domain accs: [98.94, 98.76]
2026-04-20 13:20:38,790 [INFO] After Task 2 | Avg Domain-IL: 98.76%
2026-04-20 13:20:38,790 [INFO] === Task 3/20 | degree=18.0 | epochs=20 ===
2026-04-20 13:21:35,840 [INFO]   Epoch 10/20 | Loss: 1.8465
2026-04-20 13:22:39,534 [INFO]   Epoch 20/20 | Loss: 1.8007
2026-04-20 13:22:56,202 [INFO] After Task 3 | Domain accs: [98.94, 98.76, 98.67]
2026-04-20 13:22:56,202 [INFO] After Task 3 | Avg Domain-IL: 98.67%
2026-04-20 13:22:56,202 [INFO] === Task 4/20 | degree=27.0 | epochs=20 ===
2026-04-20 13:23:53,545 [INFO]   Epoch 10/20 | Loss: 1.9195
2026-04-20 13:24:57,539 [INFO]   Epoch 20/20 | Loss: 1.8649
2026-04-20 13:25:14,556 [INFO] After Task 4 | Domain accs: [98.94, 98.76, 98.67, 98.91]
2026-04-20 13:25:14,556 [INFO] After Task 4 | Avg Domain-IL: 98.91%
2026-04-20 13:25:14,556 [INFO] === Task 5/20 | degree=36.0 | epochs=20 ===
2026-04-20 13:26:11,953 [INFO]   Epoch 10/20 | Loss: 1.9626
2026-04-20 13:27:15,448 [INFO]   Epoch 20/20 | Loss: 1.9155
2026-04-20 13:27:32,833 [INFO] After Task 5 | Domain accs: [98.94, 98.76, 98.67, 98.91, 98.97]
2026-04-20 13:27:32,833 [INFO] After Task 5 | Avg Domain-IL: 98.97%
2026-04-20 13:27:32,833 [INFO] === Task 6/20 | degree=45.0 | epochs=20 ===
2026-04-20 13:28:30,401 [INFO]   Epoch 10/20 | Loss: 2.0297
2026-04-20 13:29:34,195 [INFO]   Epoch 20/20 | Loss: 1.9921
2026-04-20 13:29:52,212 [INFO] After Task 6 | Domain accs: [98.94, 98.76, 98.67, 98.91, 98.97, 98.58]
2026-04-20 13:29:52,212 [INFO] After Task 6 | Avg Domain-IL: 98.58%
2026-04-20 13:29:52,212 [INFO] === Task 7/20 | degree=54.0 | epochs=20 ===
2026-04-20 13:30:56,123 [INFO]   Epoch 10/20 | Loss: 2.0806
2026-04-20 13:31:59,205 [INFO]   Epoch 20/20 | Loss: 2.0359
2026-04-20 13:32:19,473 [INFO] After Task 7 | Domain accs: [98.94, 98.76, 98.67, 98.91, 98.97, 98.58, 98.91]
2026-04-20 13:32:19,473 [INFO] After Task 7 | Avg Domain-IL: 98.91%
2026-04-20 13:32:19,473 [INFO] === Task 8/20 | degree=63.0 | epochs=20 ===
2026-04-20 13:33:23,635 [INFO]   Epoch 10/20 | Loss: 2.1253
2026-04-20 13:34:28,032 [INFO]   Epoch 20/20 | Loss: 2.0956
2026-04-20 13:34:50,586 [INFO] After Task 8 | Domain accs: [98.94, 98.76, 98.67, 98.91, 98.97, 98.58, 98.91, 98.70]
2026-04-20 13:34:50,586 [INFO] After Task 8 | Avg Domain-IL: 98.70%
2026-04-20 13:34:50,586 [INFO] === Task 9/20 | degree=72.0 | epochs=20 ===
2026-04-20 13:35:57,169 [INFO]   Epoch 10/20 | Loss: 2.1723
2026-04-20 13:37:00,104 [INFO]   Epoch 20/20 | Loss: 2.1490
2026-04-20 13:37:21,811 [INFO] After Task 9 | Domain accs: [98.94, 98.76, 98.67, 98.91, 98.97, 98.58, 98.91, 98.70, 98.50]
2026-04-20 13:37:21,811 [INFO] After Task 9 | Avg Domain-IL: 98.50%
2026-04-20 13:37:21,811 [INFO] === Task 10/20 | degree=81.0 | epochs=20 ===
2026-04-20 13:38:25,679 [INFO]   Epoch 10/20 | Loss: 2.2517
2026-04-20 13:39:29,331 [INFO]   Epoch 20/20 | Loss: 2.1833
2026-04-20 13:39:50,170 [INFO] After Task 10 | Domain accs: [98.94, 98.76, 98.67, 98.91, 98.97, 98.58, 98.91, 98.70, 98.50, 98.48]
2026-04-20 13:39:50,170 [INFO] After Task 10 | Avg Domain-IL: 98.48%
2026-04-20 13:39:50,170 [INFO] === Task 11/20 | degree=90.0 | epochs=20 ===
2026-04-20 13:40:50,484 [INFO]   Epoch 10/20 | Loss: 2.2487
2026-04-20 13:41:49,915 [INFO]   Epoch 20/20 | Loss: 2.2247
2026-04-20 13:42:10,516 [INFO] After Task 11 | Domain accs: [98.94, 98.76, 98.67, 98.91, 98.97, 98.58, 98.91, 98.70, 98.50, 98.48, 98.25]
2026-04-20 13:42:10,516 [INFO] After Task 11 | Avg Domain-IL: 98.25%
2026-04-20 13:42:10,516 [INFO] === Task 12/20 | degree=99.0 | epochs=20 ===
2026-04-20 13:43:13,156 [INFO]   Epoch 10/20 | Loss: 2.3053
2026-04-20 13:44:15,059 [INFO]   Epoch 20/20 | Loss: 2.2775
2026-04-20 13:44:36,957 [INFO] After Task 12 | Domain accs: [98.94, 98.76, 98.67, 98.91, 98.97, 98.58, 98.91, 98.70, 98.50, 98.48, 98.25, 98.17]
2026-04-20 13:44:36,957 [INFO] After Task 12 | Avg Domain-IL: 98.17%
2026-04-20 13:44:36,957 [INFO] === Task 13/20 | degree=108.0 | epochs=20 ===
2026-04-20 13:45:40,283 [INFO]   Epoch 10/20 | Loss: 2.3728
2026-04-20 13:46:42,591 [INFO]   Epoch 20/20 | Loss: 2.3199
2026-04-20 13:47:05,095 [INFO] After Task 13 | Domain accs: [98.94, 98.76, 98.67, 98.91, 98.97, 98.58, 98.91, 98.70, 98.50, 98.48, 98.25, 98.17, 98.41]
2026-04-20 13:47:05,096 [INFO] After Task 13 | Avg Domain-IL: 98.41%
2026-04-20 13:47:05,096 [INFO] === Task 14/20 | degree=117.0 | epochs=20 ===
2026-04-20 13:48:10,374 [INFO]   Epoch 10/20 | Loss: 2.3629
2026-04-20 13:49:10,885 [INFO]   Epoch 20/20 | Loss: 2.3298
2026-04-20 13:49:34,030 [INFO] After Task 14 | Domain accs: [98.94, 98.76, 98.67, 98.91, 98.97, 98.58, 98.91, 98.70, 98.50, 98.48, 98.25, 98.17, 98.41, 98.31]
2026-04-20 13:49:34,030 [INFO] After Task 14 | Avg Domain-IL: 98.31%
2026-04-20 13:49:34,030 [INFO] === Task 15/20 | degree=126.0 | epochs=20 ===
2026-04-20 13:50:41,763 [INFO]   Epoch 10/20 | Loss: 2.3909
2026-04-20 13:51:39,523 [INFO]   Epoch 20/20 | Loss: 2.3464
2026-04-20 13:52:03,711 [INFO] After Task 15 | Domain accs: [98.94, 98.76, 98.67, 98.91, 98.97, 98.58, 98.91, 98.70, 98.50, 98.48, 98.25, 98.17, 98.41, 98.31, 98.35]
2026-04-20 13:52:03,711 [INFO] After Task 15 | Avg Domain-IL: 98.35%
2026-04-20 13:52:03,711 [INFO] === Task 16/20 | degree=135.0 | epochs=20 ===
2026-04-20 13:53:12,157 [INFO]   Epoch 10/20 | Loss: 2.4151
2026-04-20 13:54:08,275 [INFO]   Epoch 20/20 | Loss: 2.3464
2026-04-20 13:54:33,027 [INFO] After Task 16 | Domain accs: [98.94, 98.76, 98.67, 98.91, 98.97, 98.58, 98.91, 98.70, 98.50, 98.48, 98.25, 98.17, 98.41, 98.31, 98.35, 98.43]
2026-04-20 13:54:33,028 [INFO] After Task 16 | Avg Domain-IL: 98.43%
2026-04-20 13:54:33,028 [INFO] === Task 17/20 | degree=144.0 | epochs=20 ===
2026-04-20 13:55:41,757 [INFO]   Epoch 10/20 | Loss: 2.3807
2026-04-20 13:56:37,785 [INFO]   Epoch 20/20 | Loss: 2.3468
2026-04-20 13:57:02,547 [INFO] After Task 17 | Domain accs: [98.94, 98.76, 98.67, 98.91, 98.97, 98.58, 98.91, 98.70, 98.50, 98.48, 98.25, 98.17, 98.41, 98.31, 98.35, 98.43, 98.89]
2026-04-20 13:57:02,547 [INFO] After Task 17 | Avg Domain-IL: 98.89%
2026-04-20 13:57:02,547 [INFO] === Task 18/20 | degree=153.0 | epochs=20 ===
2026-04-20 13:58:11,620 [INFO]   Epoch 10/20 | Loss: 2.3889
2026-04-20 13:59:07,887 [INFO]   Epoch 20/20 | Loss: 2.3406
2026-04-20 13:59:35,305 [INFO] After Task 18 | Domain accs: [98.94, 98.76, 98.67, 98.91, 98.97, 98.58, 98.91, 98.70, 98.50, 98.48, 98.25, 98.17, 98.41, 98.31, 98.35, 98.43, 98.89, 98.43]
2026-04-20 13:59:35,305 [INFO] After Task 18 | Avg Domain-IL: 98.43%
2026-04-20 13:59:35,305 [INFO] === Task 19/20 | degree=162.0 | epochs=20 ===
2026-04-20 14:00:41,287 [INFO]   Epoch 10/20 | Loss: 2.3945
2026-04-20 14:01:37,662 [INFO]   Epoch 20/20 | Loss: 2.3689
2026-04-20 14:02:07,152 [INFO] After Task 19 | Domain accs: [98.94, 98.76, 98.67, 98.91, 98.97, 98.58, 98.91, 98.70, 98.50, 98.48, 98.25, 98.17, 98.41, 98.31, 98.35, 98.43, 98.89, 98.43, 97.87]
2026-04-20 14:02:07,153 [INFO] After Task 19 | Avg Domain-IL: 97.87%
2026-04-20 14:02:07,153 [INFO] === Task 20/20 | degree=171.0 | epochs=20 ===
2026-04-20 14:03:10,790 [INFO]   Epoch 10/20 | Loss: 2.3806
2026-04-20 14:04:06,827 [INFO]   Epoch 20/20 | Loss: 2.3529
2026-04-20 14:04:38,736 [INFO] After Task 20 | Domain accs: [98.94, 98.76, 98.67, 98.91, 98.97, 98.58, 98.91, 98.70, 98.50, 98.48, 98.25, 98.17, 98.41, 98.31, 98.35, 98.43, 98.89, 98.43, 97.87, 97.76]
2026-04-20 14:04:38,736 [INFO] After Task 20 | Avg Domain-IL: 97.76%
2026-04-20 14:04:38,736 [INFO] ==================================================
2026-04-20 14:04:38,736 [INFO] >>>> FINAL DOMAIN-IL METRICS <<<<
2026-04-20 14:04:38,736 [INFO] Domain-IL Accuracy : 98.51%
2026-04-20 14:04:38,736 [INFO] Backward Transfer  : -0.7942
2026-04-20 14:04:38,736 [INFO] Forgetting Measure : 1.0753
2026-04-20 14:04:38,736 [INFO] ==================================================
2026-04-20 14:04:38,796 [INFO] Trial 1 done in 3310.4s
2026-04-20 14:04:38,800 [INFO] >>>> TRIAL 2/5 <<<<
2026-04-20 14:04:38,800 [INFO] Using device: cuda
2026-04-20 14:04:38,800 [INFO] R-MNIST degrees: [0, 9, 18, 27, 36, 45, 54, 63, 72, 81, 90, 99, 108, 117, 126, 135, 144, 153, 162, 171]
2026-04-20 14:04:39,278 [INFO] === Task 1/20 | degree=0.0 | epochs=100 ===
2026-04-20 14:05:32,829 [INFO]   Epoch 10/100 | Loss: 1.7859
2026-04-20 14:06:26,133 [INFO]   Epoch 20/100 | Loss: 1.7270
2026-04-20 14:07:25,750 [INFO]   Epoch 30/100 | Loss: 1.7256
2026-04-20 14:08:19,238 [INFO]   Epoch 40/100 | Loss: 1.6815
2026-04-20 14:09:19,010 [INFO]   Epoch 50/100 | Loss: 1.7008
2026-04-20 14:10:12,633 [INFO]   Epoch 60/100 | Loss: 1.6595
2026-04-20 14:11:05,990 [INFO]   Epoch 70/100 | Loss: 1.6860
2026-04-20 14:12:05,571 [INFO]   Epoch 80/100 | Loss: 1.6478
2026-04-20 14:13:05,344 [INFO]   Epoch 90/100 | Loss: 1.6799
2026-04-20 14:14:04,959 [INFO]   Epoch 100/100 | Loss: 1.6423
2026-04-20 14:14:20,830 [INFO] After Task 1 | Domain accs: [98.43]
2026-04-20 14:14:20,830 [INFO] After Task 1 | Avg Domain-IL: 98.43%
2026-04-20 14:14:20,830 [INFO] === Task 2/20 | degree=9.0 | epochs=20 ===
2026-04-20 14:15:22,995 [INFO]   Epoch 10/20 | Loss: 1.7790
2026-04-20 14:16:26,069 [INFO]   Epoch 20/20 | Loss: 1.7381
2026-04-20 14:16:42,226 [INFO] After Task 2 | Domain accs: [98.43, 98.38]
2026-04-20 14:16:42,227 [INFO] After Task 2 | Avg Domain-IL: 98.38%
2026-04-20 14:16:42,227 [INFO] === Task 3/20 | degree=18.0 | epochs=20 ===
2026-04-20 14:17:44,251 [INFO]   Epoch 10/20 | Loss: 1.8395
2026-04-20 14:18:40,049 [INFO]   Epoch 20/20 | Loss: 1.8145
2026-04-20 14:18:56,557 [INFO] After Task 3 | Domain accs: [98.43, 98.38, 98.59]
2026-04-20 14:18:56,557 [INFO] After Task 3 | Avg Domain-IL: 98.59%
2026-04-20 14:18:56,557 [INFO] === Task 4/20 | degree=27.0 | epochs=20 ===
2026-04-20 14:19:58,025 [INFO]   Epoch 10/20 | Loss: 1.9081
2026-04-20 14:20:54,014 [INFO]   Epoch 20/20 | Loss: 1.8711
2026-04-20 14:21:10,508 [INFO] After Task 4 | Domain accs: [98.43, 98.38, 98.59, 98.78]
2026-04-20 14:21:10,508 [INFO] After Task 4 | Avg Domain-IL: 98.78%
2026-04-20 14:21:10,508 [INFO] === Task 5/20 | degree=36.0 | epochs=20 ===
2026-04-20 14:22:13,075 [INFO]   Epoch 10/20 | Loss: 1.9701
2026-04-20 14:23:10,122 [INFO]   Epoch 20/20 | Loss: 1.9399
2026-04-20 14:23:26,803 [INFO] After Task 5 | Domain accs: [98.43, 98.38, 98.59, 98.78, 98.59]
2026-04-20 14:23:26,803 [INFO] After Task 5 | Avg Domain-IL: 98.59%
2026-04-20 14:23:26,803 [INFO] === Task 6/20 | degree=45.0 | epochs=20 ===
2026-04-20 14:24:29,201 [INFO]   Epoch 10/20 | Loss: 2.0279
2026-04-20 14:25:25,942 [INFO]   Epoch 20/20 | Loss: 1.9872
2026-04-20 14:25:43,991 [INFO] After Task 6 | Domain accs: [98.43, 98.38, 98.59, 98.78, 98.59, 98.48]
2026-04-20 14:25:43,991 [INFO] After Task 6 | Avg Domain-IL: 98.48%
2026-04-20 14:25:43,991 [INFO] === Task 7/20 | degree=54.0 | epochs=20 ===
2026-04-20 14:26:52,400 [INFO]   Epoch 10/20 | Loss: 2.0823
2026-04-20 14:27:48,861 [INFO]   Epoch 20/20 | Loss: 2.0423
2026-04-20 14:28:07,919 [INFO] After Task 7 | Domain accs: [98.43, 98.38, 98.59, 98.78, 98.59, 98.48, 98.73]
2026-04-20 14:28:07,919 [INFO] After Task 7 | Avg Domain-IL: 98.73%
2026-04-20 14:28:07,919 [INFO] === Task 8/20 | degree=63.0 | epochs=20 ===
2026-04-20 14:29:16,579 [INFO]   Epoch 10/20 | Loss: 2.1363
2026-04-20 14:30:13,050 [INFO]   Epoch 20/20 | Loss: 2.0975
2026-04-20 14:30:33,749 [INFO] After Task 8 | Domain accs: [98.43, 98.38, 98.59, 98.78, 98.59, 98.48, 98.73, 98.79]
2026-04-20 14:30:33,750 [INFO] After Task 8 | Avg Domain-IL: 98.79%
2026-04-20 14:30:33,750 [INFO] === Task 9/20 | degree=72.0 | epochs=20 ===
2026-04-20 14:31:43,616 [INFO]   Epoch 10/20 | Loss: 2.1827
2026-04-20 14:32:40,397 [INFO]   Epoch 20/20 | Loss: 2.1267
2026-04-20 14:33:00,688 [INFO] After Task 9 | Domain accs: [98.43, 98.38, 98.59, 98.78, 98.59, 98.48, 98.73, 98.79, 98.58]
2026-04-20 14:33:00,688 [INFO] After Task 9 | Avg Domain-IL: 98.58%
2026-04-20 14:33:00,688 [INFO] === Task 10/20 | degree=81.0 | epochs=20 ===
2026-04-20 14:34:09,394 [INFO]   Epoch 10/20 | Loss: 2.2033
2026-04-20 14:35:05,971 [INFO]   Epoch 20/20 | Loss: 2.1887
2026-04-20 14:35:27,749 [INFO] After Task 10 | Domain accs: [98.43, 98.38, 98.59, 98.78, 98.59, 98.48, 98.73, 98.79, 98.58, 98.35]
2026-04-20 14:35:27,749 [INFO] After Task 10 | Avg Domain-IL: 98.35%
2026-04-20 14:35:27,749 [INFO] === Task 11/20 | degree=90.0 | epochs=20 ===
2026-04-20 14:36:35,320 [INFO]   Epoch 10/20 | Loss: 2.2334
2026-04-20 14:37:29,785 [INFO]   Epoch 20/20 | Loss: 2.2318
2026-04-20 14:37:51,273 [INFO] After Task 11 | Domain accs: [98.43, 98.38, 98.59, 98.78, 98.59, 98.48, 98.73, 98.79, 98.58, 98.35, 98.50]
2026-04-20 14:37:51,273 [INFO] After Task 11 | Avg Domain-IL: 98.50%
2026-04-20 14:37:51,273 [INFO] === Task 12/20 | degree=99.0 | epochs=20 ===
2026-04-20 14:38:59,985 [INFO]   Epoch 10/20 | Loss: 2.3008
2026-04-20 14:39:56,898 [INFO]   Epoch 20/20 | Loss: 2.2781
2026-04-20 14:40:18,544 [INFO] After Task 12 | Domain accs: [98.43, 98.38, 98.59, 98.78, 98.59, 98.48, 98.73, 98.79, 98.58, 98.35, 98.50, 98.27]
2026-04-20 14:40:18,544 [INFO] After Task 12 | Avg Domain-IL: 98.27%
2026-04-20 14:40:18,544 [INFO] === Task 13/20 | degree=108.0 | epochs=20 ===
2026-04-20 14:41:27,581 [INFO]   Epoch 10/20 | Loss: 2.3191
2026-04-20 14:42:24,180 [INFO]   Epoch 20/20 | Loss: 2.3019
2026-04-20 14:42:47,083 [INFO] After Task 13 | Domain accs: [98.43, 98.38, 98.59, 98.78, 98.59, 98.48, 98.73, 98.79, 98.58, 98.35, 98.50, 98.27, 97.98]
2026-04-20 14:42:47,083 [INFO] After Task 13 | Avg Domain-IL: 97.98%
2026-04-20 14:42:47,083 [INFO] === Task 14/20 | degree=117.0 | epochs=20 ===
2026-04-20 14:43:55,697 [INFO]   Epoch 10/20 | Loss: 2.3805
2026-04-20 14:44:52,546 [INFO]   Epoch 20/20 | Loss: 2.3440
2026-04-20 14:45:15,520 [INFO] After Task 14 | Domain accs: [98.43, 98.38, 98.59, 98.78, 98.59, 98.48, 98.73, 98.79, 98.58, 98.35, 98.50, 98.27, 97.98, 98.20]
2026-04-20 14:45:15,520 [INFO] After Task 14 | Avg Domain-IL: 98.20%
2026-04-20 14:45:15,520 [INFO] === Task 15/20 | degree=126.0 | epochs=20 ===
2026-04-20 14:46:23,904 [INFO]   Epoch 10/20 | Loss: 2.3876
2026-04-20 14:47:21,429 [INFO]   Epoch 20/20 | Loss: 2.3327
2026-04-20 14:47:44,931 [INFO] After Task 15 | Domain accs: [98.43, 98.38, 98.59, 98.78, 98.59, 98.48, 98.73, 98.79, 98.58, 98.35, 98.50, 98.27, 97.98, 98.20, 98.19]
2026-04-20 14:47:44,932 [INFO] After Task 15 | Avg Domain-IL: 98.19%
2026-04-20 14:47:44,932 [INFO] === Task 16/20 | degree=135.0 | epochs=20 ===
2026-04-20 14:49:08,123 [INFO]   Epoch 10/20 | Loss: 2.4383
2026-04-20 14:50:04,788 [INFO]   Epoch 20/20 | Loss: 2.3431
2026-04-20 14:50:29,300 [INFO] After Task 16 | Domain accs: [98.43, 98.38, 98.59, 98.78, 98.59, 98.48, 98.73, 98.79, 98.58, 98.35, 98.50, 98.27, 97.98, 98.20, 98.19, 97.45]
2026-04-20 14:50:29,300 [INFO] After Task 16 | Avg Domain-IL: 97.45%
2026-04-20 14:50:29,300 [INFO] === Task 17/20 | degree=144.0 | epochs=20 ===
2026-04-20 14:52:17,627 [INFO]   Epoch 10/20 | Loss: 2.3839
2026-04-20 14:53:15,495 [INFO]   Epoch 20/20 | Loss: 2.3529
2026-04-20 14:53:41,494 [INFO] After Task 17 | Domain accs: [98.43, 98.38, 98.59, 98.78, 98.59, 98.48, 98.73, 98.79, 98.58, 98.35, 98.50, 98.27, 97.98, 98.20, 98.19, 97.45, 98.22]
2026-04-20 14:53:41,494 [INFO] After Task 17 | Avg Domain-IL: 98.22%
2026-04-20 14:53:41,494 [INFO] === Task 18/20 | degree=153.0 | epochs=20 ===
2026-04-20 14:54:50,040 [INFO]   Epoch 10/20 | Loss: 2.4075
2026-04-20 14:55:46,677 [INFO]   Epoch 20/20 | Loss: 2.3527
2026-04-20 14:56:11,984 [INFO] After Task 18 | Domain accs: [98.43, 98.38, 98.59, 98.78, 98.59, 98.48, 98.73, 98.79, 98.58, 98.35, 98.50, 98.27, 97.98, 98.20, 98.19, 97.45, 98.22, 98.32]
2026-04-20 14:56:11,984 [INFO] After Task 18 | Avg Domain-IL: 98.32%
2026-04-20 14:56:11,984 [INFO] === Task 19/20 | degree=162.0 | epochs=20 ===
2026-04-20 14:57:20,972 [INFO]   Epoch 10/20 | Loss: 2.3847
2026-04-20 14:58:18,517 [INFO]   Epoch 20/20 | Loss: 2.3485
2026-04-20 14:58:45,337 [INFO] After Task 19 | Domain accs: [98.43, 98.38, 98.59, 98.78, 98.59, 98.48, 98.73, 98.79, 98.58, 98.35, 98.50, 98.27, 97.98, 98.20, 98.19, 97.45, 98.22, 98.32, 98.04]
2026-04-20 14:58:45,337 [INFO] After Task 19 | Avg Domain-IL: 98.04%
2026-04-20 14:58:45,337 [INFO] === Task 20/20 | degree=171.0 | epochs=20 ===
2026-04-20 14:59:57,360 [INFO]   Epoch 10/20 | Loss: 2.3882
2026-04-20 15:00:54,973 [INFO]   Epoch 20/20 | Loss: 2.3517
2026-04-20 15:01:21,871 [INFO] After Task 20 | Domain accs: [98.43, 98.38, 98.59, 98.78, 98.59, 98.48, 98.73, 98.79, 98.58, 98.35, 98.50, 98.27, 97.98, 98.20, 98.19, 97.45, 98.22, 98.32, 98.04, 97.97]
2026-04-20 15:01:21,872 [INFO] After Task 20 | Avg Domain-IL: 97.97%
2026-04-20 15:01:21,872 [INFO] ==================================================
2026-04-20 15:01:21,872 [INFO] >>>> FINAL DOMAIN-IL METRICS <<<<
2026-04-20 15:01:21,872 [INFO] Domain-IL Accuracy : 98.34%
2026-04-20 15:01:21,872 [INFO] Backward Transfer  : -0.3916
2026-04-20 15:01:21,872 [INFO] Forgetting Measure : 0.5658
2026-04-20 15:01:21,872 [INFO] ==================================================
2026-04-20 15:01:21,943 [INFO] Trial 2 done in 3403.1s
2026-04-20 15:01:21,947 [INFO] >>>> TRIAL 3/5 <<<<
2026-04-20 15:01:21,947 [INFO] Using device: cuda
2026-04-20 15:01:21,947 [INFO] R-MNIST degrees: [0, 9, 18, 27, 36, 45, 54, 63, 72, 81, 90, 99, 108, 117, 126, 135, 144, 153, 162, 171]
2026-04-20 15:01:22,449 [INFO] === Task 1/20 | degree=0.0 | epochs=100 ===
2026-04-20 15:02:22,930 [INFO]   Epoch 10/100 | Loss: 1.7825
2026-04-20 15:03:18,499 [INFO]   Epoch 20/100 | Loss: 1.7233
2026-04-20 15:04:19,602 [INFO]   Epoch 30/100 | Loss: 1.7245
2026-04-20 15:05:14,021 [INFO]   Epoch 40/100 | Loss: 1.6794
2026-04-20 15:06:08,225 [INFO]   Epoch 50/100 | Loss: 1.6986
2026-04-20 15:07:09,315 [INFO]   Epoch 60/100 | Loss: 1.6578
2026-04-20 15:08:04,525 [INFO]   Epoch 70/100 | Loss: 1.6850
2026-04-20 15:09:05,376 [INFO]   Epoch 80/100 | Loss: 1.6482
2026-04-20 15:10:06,711 [INFO]   Epoch 90/100 | Loss: 1.6780
2026-04-20 15:11:04,841 [INFO]   Epoch 100/100 | Loss: 1.6410
2026-04-20 15:11:54,279 [INFO] After Task 1 | Domain accs: [98.74]
2026-04-20 15:11:54,279 [INFO] After Task 1 | Avg Domain-IL: 98.74%
2026-04-20 15:11:54,279 [INFO] === Task 2/20 | degree=9.0 | epochs=20 ===
2026-04-20 15:12:59,274 [INFO]   Epoch 10/20 | Loss: 1.7668
2026-04-20 15:13:58,056 [INFO]   Epoch 20/20 | Loss: 1.7269
2026-04-20 15:14:57,257 [INFO] After Task 2 | Domain accs: [98.74, 98.66]
2026-04-20 15:14:57,257 [INFO] After Task 2 | Avg Domain-IL: 98.66%
2026-04-20 15:14:57,257 [INFO] === Task 3/20 | degree=18.0 | epochs=20 ===
2026-04-20 15:16:04,665 [INFO]   Epoch 10/20 | Loss: 1.8409
2026-04-20 15:17:03,441 [INFO]   Epoch 20/20 | Loss: 1.7958
2026-04-20 15:17:20,601 [INFO] After Task 3 | Domain accs: [98.74, 98.66, 98.71]
2026-04-20 15:17:20,601 [INFO] After Task 3 | Avg Domain-IL: 98.71%
2026-04-20 15:17:20,601 [INFO] === Task 4/20 | degree=27.0 | epochs=20 ===
2026-04-20 15:18:25,094 [INFO]   Epoch 10/20 | Loss: 1.8955
2026-04-20 15:19:24,095 [INFO]   Epoch 20/20 | Loss: 1.8640
2026-04-20 15:19:42,523 [INFO] After Task 4 | Domain accs: [98.74, 98.66, 98.71, 98.78]
2026-04-20 15:19:42,524 [INFO] After Task 4 | Avg Domain-IL: 98.78%
2026-04-20 15:19:42,524 [INFO] === Task 5/20 | degree=36.0 | epochs=20 ===
2026-04-20 15:20:47,973 [INFO]   Epoch 10/20 | Loss: 1.9447
2026-04-20 15:21:46,649 [INFO]   Epoch 20/20 | Loss: 1.9232
2026-04-20 15:22:05,612 [INFO] After Task 5 | Domain accs: [98.74, 98.66, 98.71, 98.78, 98.86]
2026-04-20 15:22:05,612 [INFO] After Task 5 | Avg Domain-IL: 98.86%
2026-04-20 15:22:05,612 [INFO] === Task 6/20 | degree=45.0 | epochs=20 ===
2026-04-20 15:23:10,563 [INFO]   Epoch 10/20 | Loss: 2.0176
2026-04-20 15:24:09,307 [INFO]   Epoch 20/20 | Loss: 1.9819
2026-04-20 15:24:28,171 [INFO] After Task 6 | Domain accs: [98.74, 98.66, 98.71, 98.78, 98.86, 98.51]
2026-04-20 15:24:28,171 [INFO] After Task 6 | Avg Domain-IL: 98.51%
2026-04-20 15:24:28,171 [INFO] === Task 7/20 | degree=54.0 | epochs=20 ===
2026-04-20 15:25:32,882 [INFO]   Epoch 10/20 | Loss: 2.0783
2026-04-20 15:26:38,036 [INFO]   Epoch 20/20 | Loss: 2.0401
2026-04-20 15:26:58,433 [INFO] After Task 7 | Domain accs: [98.74, 98.66, 98.71, 98.78, 98.86, 98.51, 98.52]
2026-04-20 15:26:58,433 [INFO] After Task 7 | Avg Domain-IL: 98.52%
2026-04-20 15:26:58,433 [INFO] === Task 8/20 | degree=63.0 | epochs=20 ===
2026-04-20 15:28:04,261 [INFO]   Epoch 10/20 | Loss: 2.1295
2026-04-20 15:29:07,416 [INFO]   Epoch 20/20 | Loss: 2.0879
2026-04-20 15:29:27,359 [INFO] After Task 8 | Domain accs: [98.74, 98.66, 98.71, 98.78, 98.86, 98.51, 98.52, 98.72]
2026-04-20 15:29:27,359 [INFO] After Task 8 | Avg Domain-IL: 98.72%
2026-04-20 15:29:27,359 [INFO] === Task 9/20 | degree=72.0 | epochs=20 ===
2026-04-20 15:30:34,741 [INFO]   Epoch 10/20 | Loss: 2.1693
2026-04-20 15:31:35,977 [INFO]   Epoch 20/20 | Loss: 2.1367
2026-04-20 15:31:56,768 [INFO] After Task 9 | Domain accs: [98.74, 98.66, 98.71, 98.78, 98.86, 98.51, 98.52, 98.72, 98.48]
2026-04-20 15:31:56,768 [INFO] After Task 9 | Avg Domain-IL: 98.48%
2026-04-20 15:31:56,768 [INFO] === Task 10/20 | degree=81.0 | epochs=20 ===
2026-04-20 15:33:08,754 [INFO]   Epoch 10/20 | Loss: 2.2266
2026-04-20 15:34:08,894 [INFO]   Epoch 20/20 | Loss: 2.1794
2026-04-20 15:34:30,488 [INFO] After Task 10 | Domain accs: [98.74, 98.66, 98.71, 98.78, 98.86, 98.51, 98.52, 98.72, 98.48, 98.41]
2026-04-20 15:34:30,488 [INFO] After Task 10 | Avg Domain-IL: 98.41%
2026-04-20 15:34:30,488 [INFO] === Task 11/20 | degree=90.0 | epochs=20 ===
2026-04-20 15:35:39,740 [INFO]   Epoch 10/20 | Loss: 2.2612
2026-04-20 15:36:37,211 [INFO]   Epoch 20/20 | Loss: 2.2262
2026-04-20 15:36:59,122 [INFO] After Task 11 | Domain accs: [98.74, 98.66, 98.71, 98.78, 98.86, 98.51, 98.52, 98.72, 98.48, 98.41, 98.53]
2026-04-20 15:36:59,122 [INFO] After Task 11 | Avg Domain-IL: 98.53%
2026-04-20 15:36:59,122 [INFO] === Task 12/20 | degree=99.0 | epochs=20 ===
2026-04-20 15:38:09,704 [INFO]   Epoch 10/20 | Loss: 2.3321
2026-04-20 15:39:09,109 [INFO]   Epoch 20/20 | Loss: 2.2610
2026-04-20 15:39:31,982 [INFO] After Task 12 | Domain accs: [98.74, 98.66, 98.71, 98.78, 98.86, 98.51, 98.52, 98.72, 98.48, 98.41, 98.53, 98.26]
2026-04-20 15:39:31,982 [INFO] After Task 12 | Avg Domain-IL: 98.26%
2026-04-20 15:39:31,982 [INFO] === Task 13/20 | degree=108.0 | epochs=20 ===
2026-04-20 15:40:43,972 [INFO]   Epoch 10/20 | Loss: 2.3337
2026-04-20 15:41:42,604 [INFO]   Epoch 20/20 | Loss: 2.3009
2026-04-20 15:42:06,123 [INFO] After Task 13 | Domain accs: [98.74, 98.66, 98.71, 98.78, 98.86, 98.51, 98.52, 98.72, 98.48, 98.41, 98.53, 98.26, 98.51]
2026-04-20 15:42:06,123 [INFO] After Task 13 | Avg Domain-IL: 98.51%
2026-04-20 15:42:06,123 [INFO] === Task 14/20 | degree=117.0 | epochs=20 ===
2026-04-20 15:43:18,220 [INFO]   Epoch 10/20 | Loss: 2.3638
2026-04-20 15:44:17,018 [INFO]   Epoch 20/20 | Loss: 2.3353
2026-04-20 15:44:41,433 [INFO] After Task 14 | Domain accs: [98.74, 98.66, 98.71, 98.78, 98.86, 98.51, 98.52, 98.72, 98.48, 98.41, 98.53, 98.26, 98.51, 98.62]
2026-04-20 15:44:41,433 [INFO] After Task 14 | Avg Domain-IL: 98.62%
2026-04-20 15:44:41,433 [INFO] === Task 15/20 | degree=126.0 | epochs=20 ===
2026-04-20 15:45:53,742 [INFO]   Epoch 10/20 | Loss: 2.3494
2026-04-20 15:46:52,752 [INFO]   Epoch 20/20 | Loss: 2.3256
2026-04-20 15:47:18,022 [INFO] After Task 15 | Domain accs: [98.74, 98.66, 98.71, 98.78, 98.86, 98.51, 98.52, 98.72, 98.48, 98.41, 98.53, 98.26, 98.51, 98.62, 98.61]
2026-04-20 15:47:18,022 [INFO] After Task 15 | Avg Domain-IL: 98.61%
2026-04-20 15:47:18,022 [INFO] === Task 16/20 | degree=135.0 | epochs=20 ===
2026-04-20 15:48:32,795 [INFO]   Epoch 10/20 | Loss: 2.3699
2026-04-20 15:49:31,563 [INFO]   Epoch 20/20 | Loss: 2.3427
2026-04-20 15:49:56,880 [INFO] After Task 16 | Domain accs: [98.74, 98.66, 98.71, 98.78, 98.86, 98.51, 98.52, 98.72, 98.48, 98.41, 98.53, 98.26, 98.51, 98.62, 98.61, 98.23]
2026-04-20 15:49:56,880 [INFO] After Task 16 | Avg Domain-IL: 98.23%
2026-04-20 15:49:56,880 [INFO] === Task 17/20 | degree=144.0 | epochs=20 ===
2026-04-20 15:51:34,876 [INFO]   Epoch 10/20 | Loss: 2.3869
2026-04-20 15:53:03,068 [INFO]   Epoch 20/20 | Loss: 2.3349
2026-04-20 15:53:28,479 [INFO] After Task 17 | Domain accs: [98.74, 98.66, 98.71, 98.78, 98.86, 98.51, 98.52, 98.72, 98.48, 98.41, 98.53, 98.26, 98.51, 98.62, 98.61, 98.23, 98.10]
2026-04-20 15:53:28,479 [INFO] After Task 17 | Avg Domain-IL: 98.10%
2026-04-20 15:53:28,479 [INFO] === Task 18/20 | degree=153.0 | epochs=20 ===
2026-04-20 15:54:27,260 [INFO]   Epoch 10/20 | Loss: 2.3855
2026-04-20 15:56:28,994 [INFO]   Epoch 20/20 | Loss: 2.3398
2026-04-20 15:58:49,728 [INFO] After Task 18 | Domain accs: [98.74, 98.66, 98.71, 98.78, 98.86, 98.51, 98.52, 98.72, 98.48, 98.41, 98.53, 98.26, 98.51, 98.62, 98.61, 98.23, 98.10, 98.22]
2026-04-20 15:58:49,728 [INFO] After Task 18 | Avg Domain-IL: 98.22%
2026-04-20 15:58:49,728 [INFO] === Task 19/20 | degree=162.0 | epochs=20 ===
2026-04-20 15:59:56,162 [INFO]   Epoch 10/20 | Loss: 2.3821
2026-04-20 16:00:59,303 [INFO]   Epoch 20/20 | Loss: 2.3458
2026-04-20 16:01:52,342 [INFO] After Task 19 | Domain accs: [98.74, 98.66, 98.71, 98.78, 98.86, 98.51, 98.52, 98.72, 98.48, 98.41, 98.53, 98.26, 98.51, 98.62, 98.61, 98.23, 98.10, 98.22, 97.89]
2026-04-20 16:01:52,342 [INFO] After Task 19 | Avg Domain-IL: 97.89%
2026-04-20 16:01:52,342 [INFO] === Task 20/20 | degree=171.0 | epochs=20 ===
2026-04-20 16:02:58,552 [INFO]   Epoch 10/20 | Loss: 2.3824
2026-04-20 16:04:01,277 [INFO]   Epoch 20/20 | Loss: 2.3601
2026-04-20 16:04:49,272 [INFO] After Task 20 | Domain accs: [98.74, 98.66, 98.71, 98.78, 98.86, 98.51, 98.52, 98.72, 98.48, 98.41, 98.53, 98.26, 98.51, 98.62, 98.61, 98.23, 98.10, 98.22, 97.89, 97.97]
2026-04-20 16:04:49,272 [INFO] After Task 20 | Avg Domain-IL: 97.97%
2026-04-20 16:04:49,273 [INFO] ==================================================
2026-04-20 16:04:49,273 [INFO] >>>> FINAL DOMAIN-IL METRICS <<<<
2026-04-20 16:04:49,273 [INFO] Domain-IL Accuracy : 98.47%
2026-04-20 16:04:49,273 [INFO] Backward Transfer  : -0.5226
2026-04-20 16:04:49,273 [INFO] Forgetting Measure : 0.6274
2026-04-20 16:04:49,273 [INFO] ==================================================
2026-04-20 16:04:49,363 [INFO] Trial 3 done in 3807.4s
2026-04-20 16:04:49,367 [INFO] >>>> TRIAL 4/5 <<<<
2026-04-20 16:04:49,367 [INFO] Using device: cuda
2026-04-20 16:04:49,367 [INFO] R-MNIST degrees: [0, 9, 18, 27, 36, 45, 54, 63, 72, 81, 90, 99, 108, 117, 126, 135, 144, 153, 162, 171]
2026-04-20 16:04:50,354 [INFO] === Task 1/20 | degree=0.0 | epochs=100 ===
2026-04-20 16:05:51,493 [INFO]   Epoch 10/100 | Loss: 1.7835
2026-04-20 16:06:50,092 [INFO]   Epoch 20/100 | Loss: 1.7244
2026-04-20 16:07:52,886 [INFO]   Epoch 30/100 | Loss: 1.7240
2026-04-20 16:08:48,582 [INFO]   Epoch 40/100 | Loss: 1.6814
2026-04-20 16:09:52,718 [INFO]   Epoch 50/100 | Loss: 1.6994
2026-04-20 16:11:17,005 [INFO]   Epoch 60/100 | Loss: 1.6585
2026-04-20 16:12:47,691 [INFO]   Epoch 70/100 | Loss: 1.6847
2026-04-20 16:14:34,260 [INFO]   Epoch 80/100 | Loss: 1.6472
2026-04-20 16:16:22,816 [INFO]   Epoch 90/100 | Loss: 1.6766
2026-04-20 16:18:19,288 [INFO]   Epoch 100/100 | Loss: 1.6395
2026-04-20 16:28:04,156 [INFO] After Task 1 | Domain accs: [98.90]
2026-04-20 16:28:04,156 [INFO] After Task 1 | Avg Domain-IL: 98.90%
2026-04-20 16:28:04,156 [INFO] === Task 2/20 | degree=9.0 | epochs=20 ===
2026-04-20 16:29:59,354 [INFO]   Epoch 10/20 | Loss: 1.7665
2026-04-20 16:31:36,738 [INFO]   Epoch 20/20 | Loss: 1.7294
2026-04-20 16:40:14,161 [INFO] After Task 2 | Domain accs: [98.90, 98.71]
2026-04-20 16:40:14,162 [INFO] After Task 2 | Avg Domain-IL: 98.71%
2026-04-20 16:40:14,162 [INFO] === Task 3/20 | degree=18.0 | epochs=20 ===
2026-04-20 16:42:00,411 [INFO]   Epoch 10/20 | Loss: 1.8398
2026-04-20 16:43:58,452 [INFO]   Epoch 20/20 | Loss: 1.8024
2026-04-20 16:50:15,556 [INFO] After Task 3 | Domain accs: [98.90, 98.71, 98.65]
2026-04-20 16:50:15,558 [INFO] After Task 3 | Avg Domain-IL: 98.65%
2026-04-20 16:50:15,558 [INFO] === Task 4/20 | degree=27.0 | epochs=20 ===
2026-04-20 16:51:47,906 [INFO]   Epoch 10/20 | Loss: 1.8990
2026-04-20 16:53:38,915 [INFO]   Epoch 20/20 | Loss: 1.8626
2026-04-20 17:00:07,214 [INFO] After Task 4 | Domain accs: [98.90, 98.71, 98.65, 98.69]
2026-04-20 17:00:07,214 [INFO] After Task 4 | Avg Domain-IL: 98.69%
2026-04-20 17:00:07,214 [INFO] === Task 5/20 | degree=36.0 | epochs=20 ===
2026-04-20 17:01:56,747 [INFO]   Epoch 10/20 | Loss: 1.9648
2026-04-20 17:03:58,661 [INFO]   Epoch 20/20 | Loss: 1.9371
2026-04-20 17:12:24,606 [INFO] After Task 5 | Domain accs: [98.90, 98.71, 98.65, 98.69, 98.98]
2026-04-20 17:12:24,606 [INFO] After Task 5 | Avg Domain-IL: 98.98%
2026-04-20 17:12:24,606 [INFO] === Task 6/20 | degree=45.0 | epochs=20 ===
2026-04-20 17:14:15,617 [INFO]   Epoch 10/20 | Loss: 2.0262
2026-04-20 17:15:59,584 [INFO]   Epoch 20/20 | Loss: 1.9883
2026-04-20 17:24:45,540 [INFO] After Task 6 | Domain accs: [98.90, 98.71, 98.65, 98.69, 98.98, 98.80]
2026-04-20 17:24:45,540 [INFO] After Task 6 | Avg Domain-IL: 98.80%
2026-04-20 17:24:45,540 [INFO] === Task 7/20 | degree=54.0 | epochs=20 ===
2026-04-20 17:26:28,424 [INFO]   Epoch 10/20 | Loss: 2.0896
2026-04-20 17:28:23,634 [INFO]   Epoch 20/20 | Loss: 2.0448
2026-04-20 17:38:08,339 [INFO] After Task 7 | Domain accs: [98.90, 98.71, 98.65, 98.69, 98.98, 98.80, 98.95]
2026-04-20 17:38:08,339 [INFO] After Task 7 | Avg Domain-IL: 98.95%
2026-04-20 17:38:08,339 [INFO] === Task 8/20 | degree=63.0 | epochs=20 ===
2026-04-20 17:40:12,192 [INFO]   Epoch 10/20 | Loss: 2.1220
2026-04-20 17:41:55,303 [INFO]   Epoch 20/20 | Loss: 2.1027
2026-04-20 17:48:44,407 [INFO] After Task 8 | Domain accs: [98.90, 98.71, 98.65, 98.69, 98.98, 98.80, 98.95, 98.91]
2026-04-20 17:48:44,407 [INFO] After Task 8 | Avg Domain-IL: 98.91%
2026-04-20 17:48:44,407 [INFO] === Task 9/20 | degree=72.0 | epochs=20 ===
2026-04-20 17:50:36,451 [INFO]   Epoch 10/20 | Loss: 2.1729
2026-04-20 17:52:16,038 [INFO]   Epoch 20/20 | Loss: 2.1400
2026-04-20 17:56:34,644 [INFO] After Task 9 | Domain accs: [98.90, 98.71, 98.65, 98.69, 98.98, 98.80, 98.95, 98.91, 98.80]
2026-04-20 17:56:34,644 [INFO] After Task 9 | Avg Domain-IL: 98.80%
2026-04-20 17:56:34,644 [INFO] === Task 10/20 | degree=81.0 | epochs=20 ===
2026-04-20 17:58:25,665 [INFO]   Epoch 10/20 | Loss: 2.2171
2026-04-20 18:00:18,944 [INFO]   Epoch 20/20 | Loss: 2.1755
2026-04-20 18:04:14,705 [INFO] After Task 10 | Domain accs: [98.90, 98.71, 98.65, 98.69, 98.98, 98.80, 98.95, 98.91, 98.80, 98.59]
2026-04-20 18:04:14,705 [INFO] After Task 10 | Avg Domain-IL: 98.59%
2026-04-20 18:04:14,705 [INFO] === Task 11/20 | degree=90.0 | epochs=20 ===
2026-04-20 18:05:50,551 [INFO]   Epoch 10/20 | Loss: 2.2479
2026-04-20 18:07:35,242 [INFO]   Epoch 20/20 | Loss: 2.2232
2026-04-20 18:13:25,565 [INFO] After Task 11 | Domain accs: [98.90, 98.71, 98.65, 98.69, 98.98, 98.80, 98.95, 98.91, 98.80, 98.59, 98.85]
2026-04-20 18:13:25,565 [INFO] After Task 11 | Avg Domain-IL: 98.85%
2026-04-20 18:13:25,565 [INFO] === Task 12/20 | degree=99.0 | epochs=20 ===
2026-04-20 18:14:56,234 [INFO]   Epoch 10/20 | Loss: 2.2900
2026-04-20 18:16:49,277 [INFO]   Epoch 20/20 | Loss: 2.2587
2026-04-20 18:23:20,503 [INFO] After Task 12 | Domain accs: [98.90, 98.71, 98.65, 98.69, 98.98, 98.80, 98.95, 98.91, 98.80, 98.59, 98.85, 98.74]
2026-04-20 18:23:20,503 [INFO] After Task 12 | Avg Domain-IL: 98.74%
2026-04-20 18:23:20,503 [INFO] === Task 13/20 | degree=108.0 | epochs=20 ===
2026-04-20 18:25:14,526 [INFO]   Epoch 10/20 | Loss: 2.3390
2026-04-20 18:26:56,327 [INFO]   Epoch 20/20 | Loss: 2.3098
2026-04-20 18:34:23,217 [INFO] After Task 13 | Domain accs: [98.90, 98.71, 98.65, 98.69, 98.98, 98.80, 98.95, 98.91, 98.80, 98.59, 98.85, 98.74, 98.66]
2026-04-20 18:34:23,217 [INFO] After Task 13 | Avg Domain-IL: 98.66%
2026-04-20 18:34:23,217 [INFO] === Task 14/20 | degree=117.0 | epochs=20 ===
2026-04-20 18:36:01,827 [INFO]   Epoch 10/20 | Loss: 2.3738
2026-04-20 18:37:39,222 [INFO]   Epoch 20/20 | Loss: 2.3254
2026-04-20 18:46:23,839 [INFO] After Task 14 | Domain accs: [98.90, 98.71, 98.65, 98.69, 98.98, 98.80, 98.95, 98.91, 98.80, 98.59, 98.85, 98.74, 98.66, 98.62]
2026-04-20 18:46:23,839 [INFO] After Task 14 | Avg Domain-IL: 98.62%
2026-04-20 18:46:23,839 [INFO] === Task 15/20 | degree=126.0 | epochs=20 ===
2026-04-20 18:47:52,962 [INFO]   Epoch 10/20 | Loss: 2.3604
2026-04-20 18:49:34,779 [INFO]   Epoch 20/20 | Loss: 2.3475
2026-04-20 18:57:13,489 [INFO] After Task 15 | Domain accs: [98.90, 98.71, 98.65, 98.69, 98.98, 98.80, 98.95, 98.91, 98.80, 98.59, 98.85, 98.74, 98.66, 98.62, 98.75]
2026-04-20 18:57:13,489 [INFO] After Task 15 | Avg Domain-IL: 98.75%
2026-04-20 18:57:13,489 [INFO] === Task 16/20 | degree=135.0 | epochs=20 ===
2026-04-20 18:58:46,219 [INFO]   Epoch 10/20 | Loss: 2.3908
2026-04-20 19:00:33,588 [INFO]   Epoch 20/20 | Loss: 2.3412
2026-04-20 19:06:47,417 [INFO] After Task 16 | Domain accs: [98.90, 98.71, 98.65, 98.69, 98.98, 98.80, 98.95, 98.91, 98.80, 98.59, 98.85, 98.74, 98.66, 98.62, 98.75, 98.69]
2026-04-20 19:06:47,418 [INFO] After Task 16 | Avg Domain-IL: 98.69%
2026-04-20 19:06:47,418 [INFO] === Task 17/20 | degree=144.0 | epochs=20 ===
2026-04-20 19:08:39,742 [INFO]   Epoch 10/20 | Loss: 2.3794
2026-04-20 19:10:07,631 [INFO]   Epoch 20/20 | Loss: 2.3384
2026-04-20 19:17:27,988 [INFO] After Task 17 | Domain accs: [98.90, 98.71, 98.65, 98.69, 98.98, 98.80, 98.95, 98.91, 98.80, 98.59, 98.85, 98.74, 98.66, 98.62, 98.75, 98.69, 98.48]
2026-04-20 19:17:27,988 [INFO] After Task 17 | Avg Domain-IL: 98.48%
2026-04-20 19:17:27,988 [INFO] === Task 18/20 | degree=153.0 | epochs=20 ===
2026-04-20 19:19:02,024 [INFO]   Epoch 10/20 | Loss: 2.3857
2026-04-20 19:20:29,657 [INFO]   Epoch 20/20 | Loss: 2.3474
2026-04-20 19:28:35,596 [INFO] After Task 18 | Domain accs: [98.90, 98.71, 98.65, 98.69, 98.98, 98.80, 98.95, 98.91, 98.80, 98.59, 98.85, 98.74, 98.66, 98.62, 98.75, 98.69, 98.48, 98.39]
2026-04-20 19:28:35,596 [INFO] After Task 18 | Avg Domain-IL: 98.39%
2026-04-20 19:28:35,596 [INFO] === Task 19/20 | degree=162.0 | epochs=20 ===
2026-04-20 19:30:06,529 [INFO]   Epoch 10/20 | Loss: 2.4289
2026-04-20 19:31:35,684 [INFO]   Epoch 20/20 | Loss: 2.3635
2026-04-20 19:39:54,017 [INFO] After Task 19 | Domain accs: [98.90, 98.71, 98.65, 98.69, 98.98, 98.80, 98.95, 98.91, 98.80, 98.59, 98.85, 98.74, 98.66, 98.62, 98.75, 98.69, 98.48, 98.39, 98.28]
2026-04-20 19:39:54,017 [INFO] After Task 19 | Avg Domain-IL: 98.28%
2026-04-20 19:39:54,017 [INFO] === Task 20/20 | degree=171.0 | epochs=20 ===
2026-04-20 19:41:26,085 [INFO]   Epoch 10/20 | Loss: 2.3828
2026-04-20 19:42:55,288 [INFO]   Epoch 20/20 | Loss: 2.3435
2026-04-20 19:48:49,829 [INFO] After Task 20 | Domain accs: [98.90, 98.71, 98.65, 98.69, 98.98, 98.80, 98.95, 98.91, 98.80, 98.59, 98.85, 98.74, 98.66, 98.62, 98.75, 98.69, 98.48, 98.39, 98.28, 98.40]
2026-04-20 19:48:49,829 [INFO] After Task 20 | Avg Domain-IL: 98.40%
2026-04-20 19:48:49,829 [INFO] ==================================================
2026-04-20 19:48:49,829 [INFO] >>>> FINAL DOMAIN-IL METRICS <<<<
2026-04-20 19:48:49,829 [INFO] Domain-IL Accuracy : 98.69%
2026-04-20 19:48:49,829 [INFO] Backward Transfer  : -0.3074
2026-04-20 19:48:49,829 [INFO] Forgetting Measure : 0.3947
2026-04-20 19:48:49,829 [INFO] ==================================================
2026-04-20 19:48:49,932 [INFO] Trial 4 done in 13440.6s
2026-04-20 19:48:49,937 [INFO] >>>> TRIAL 5/5 <<<<
2026-04-20 19:48:49,937 [INFO] Using device: cuda
2026-04-20 19:48:49,937 [INFO] R-MNIST degrees: [0, 9, 18, 27, 36, 45, 54, 63, 72, 81, 90, 99, 108, 117, 126, 135, 144, 153, 162, 171]
2026-04-20 19:48:51,028 [INFO] === Task 1/20 | degree=0.0 | epochs=100 ===
2026-04-20 19:50:14,707 [INFO]   Epoch 10/100 | Loss: 1.7802
2026-04-20 19:51:37,844 [INFO]   Epoch 20/100 | Loss: 1.7201
2026-04-20 19:53:18,233 [INFO]   Epoch 30/100 | Loss: 1.7220
2026-04-20 19:54:51,720 [INFO]   Epoch 40/100 | Loss: 1.6769
2026-04-20 19:56:13,685 [INFO]   Epoch 50/100 | Loss: 1.6982
2026-04-20 19:57:55,258 [INFO]   Epoch 60/100 | Loss: 1.6565
2026-04-20 19:59:45,798 [INFO]   Epoch 70/100 | Loss: 1.6837
2026-04-20 20:01:26,509 [INFO]   Epoch 80/100 | Loss: 1.6455
2026-04-20 20:02:53,774 [INFO]   Epoch 90/100 | Loss: 1.6753
2026-04-20 20:04:30,294 [INFO]   Epoch 100/100 | Loss: 1.6375
2026-04-20 20:11:04,386 [INFO] After Task 1 | Domain accs: [98.53]
2026-04-20 20:11:04,386 [INFO] After Task 1 | Avg Domain-IL: 98.53%
2026-04-20 20:11:04,386 [INFO] === Task 2/20 | degree=9.0 | epochs=20 ===
2026-04-20 20:12:38,836 [INFO]   Epoch 10/20 | Loss: 1.7631
2026-04-20 20:14:24,854 [INFO]   Epoch 20/20 | Loss: 1.7334
2026-04-20 20:17:13,517 [INFO] After Task 2 | Domain accs: [98.53, 98.24]
2026-04-20 20:17:13,517 [INFO] After Task 2 | Avg Domain-IL: 98.24%
2026-04-20 20:17:13,517 [INFO] === Task 3/20 | degree=18.0 | epochs=20 ===
2026-04-20 20:18:42,704 [INFO]   Epoch 10/20 | Loss: 1.8459
2026-04-20 20:20:26,790 [INFO]   Epoch 20/20 | Loss: 1.8045
2026-04-20 20:24:08,116 [INFO] After Task 3 | Domain accs: [98.53, 98.24, 98.55]
2026-04-20 20:24:08,117 [INFO] After Task 3 | Avg Domain-IL: 98.55%
2026-04-20 20:24:08,117 [INFO] === Task 4/20 | degree=27.0 | epochs=20 ===
2026-04-20 20:25:37,545 [INFO]   Epoch 10/20 | Loss: 1.9178
2026-04-20 20:27:23,029 [INFO]   Epoch 20/20 | Loss: 1.8652
2026-04-20 20:33:52,610 [INFO] After Task 4 | Domain accs: [98.53, 98.24, 98.55, 98.69]
2026-04-20 20:33:52,621 [INFO] After Task 4 | Avg Domain-IL: 98.69%
2026-04-20 20:33:52,621 [INFO] === Task 5/20 | degree=36.0 | epochs=20 ===
2026-04-20 20:35:38,638 [INFO]   Epoch 10/20 | Loss: 1.9708
2026-04-20 20:37:08,503 [INFO]   Epoch 20/20 | Loss: 1.9306
2026-04-20 20:44:22,108 [INFO] After Task 5 | Domain accs: [98.53, 98.24, 98.55, 98.69, 98.67]
2026-04-20 20:44:22,109 [INFO] After Task 5 | Avg Domain-IL: 98.67%
2026-04-20 20:44:22,109 [INFO] === Task 6/20 | degree=45.0 | epochs=20 ===
2026-04-20 20:46:02,183 [INFO]   Epoch 10/20 | Loss: 2.0281
2026-04-20 20:47:29,371 [INFO]   Epoch 20/20 | Loss: 1.9954
2026-04-20 20:54:20,737 [INFO] After Task 6 | Domain accs: [98.53, 98.24, 98.55, 98.69, 98.67, 98.42]
2026-04-20 20:54:20,737 [INFO] After Task 6 | Avg Domain-IL: 98.42%
2026-04-20 20:54:20,737 [INFO] === Task 7/20 | degree=54.0 | epochs=20 ===
2026-04-20 20:56:10,071 [INFO]   Epoch 10/20 | Loss: 2.0747
2026-04-20 20:57:39,908 [INFO]   Epoch 20/20 | Loss: 2.0416
2026-04-20 21:02:13,176 [INFO] After Task 7 | Domain accs: [98.53, 98.24, 98.55, 98.69, 98.67, 98.42, 98.71]
2026-04-20 21:02:13,177 [INFO] After Task 7 | Avg Domain-IL: 98.71%
2026-04-20 21:02:13,177 [INFO] === Task 8/20 | degree=63.0 | epochs=20 ===
2026-04-20 21:04:06,405 [INFO]   Epoch 10/20 | Loss: 2.1136
2026-04-20 21:05:50,929 [INFO]   Epoch 20/20 | Loss: 2.0963
2026-04-20 21:08:19,396 [INFO] After Task 8 | Domain accs: [98.53, 98.24, 98.55, 98.69, 98.67, 98.42, 98.71, 98.62]
2026-04-20 21:08:19,396 [INFO] After Task 8 | Avg Domain-IL: 98.62%
2026-04-20 21:08:19,396 [INFO] === Task 9/20 | degree=72.0 | epochs=20 ===
2026-04-20 21:09:57,356 [INFO]   Epoch 10/20 | Loss: 2.1773
2026-04-20 21:11:51,519 [INFO]   Epoch 20/20 | Loss: 2.1314
2026-04-20 21:18:10,500 [INFO] After Task 9 | Domain accs: [98.53, 98.24, 98.55, 98.69, 98.67, 98.42, 98.71, 98.62, 98.53]
2026-04-20 21:18:10,501 [INFO] After Task 9 | Avg Domain-IL: 98.53%
2026-04-20 21:18:10,501 [INFO] === Task 10/20 | degree=81.0 | epochs=20 ===
2026-04-20 21:19:37,286 [INFO]   Epoch 10/20 | Loss: 2.2512
2026-04-20 21:21:22,773 [INFO]   Epoch 20/20 | Loss: 2.1703
2026-04-20 21:28:57,840 [INFO] After Task 10 | Domain accs: [98.53, 98.24, 98.55, 98.69, 98.67, 98.42, 98.71, 98.62, 98.53, 98.48]
2026-04-20 21:28:57,840 [INFO] After Task 10 | Avg Domain-IL: 98.48%
2026-04-20 21:28:57,840 [INFO] === Task 11/20 | degree=90.0 | epochs=20 ===
2026-04-20 21:30:24,427 [INFO]   Epoch 10/20 | Loss: 2.2357
2026-04-20 21:32:10,307 [INFO]   Epoch 20/20 | Loss: 2.2278
2026-04-20 21:38:56,611 [INFO] After Task 11 | Domain accs: [98.53, 98.24, 98.55, 98.69, 98.67, 98.42, 98.71, 98.62, 98.53, 98.48, 98.52]
2026-04-20 21:38:56,611 [INFO] After Task 11 | Avg Domain-IL: 98.52%
2026-04-20 21:38:56,611 [INFO] === Task 12/20 | degree=99.0 | epochs=20 ===
2026-04-20 21:40:33,207 [INFO]   Epoch 10/20 | Loss: 2.2877
2026-04-20 21:42:16,961 [INFO]   Epoch 20/20 | Loss: 2.2763
2026-04-20 21:49:28,950 [INFO] After Task 12 | Domain accs: [98.53, 98.24, 98.55, 98.69, 98.67, 98.42, 98.71, 98.62, 98.53, 98.48, 98.52, 98.23]
2026-04-20 21:49:28,950 [INFO] After Task 12 | Avg Domain-IL: 98.23%
2026-04-20 21:49:28,950 [INFO] === Task 13/20 | degree=108.0 | epochs=20 ===
2026-04-20 21:51:12,959 [INFO]   Epoch 10/20 | Loss: 2.3624
2026-04-20 21:52:43,132 [INFO]   Epoch 20/20 | Loss: 2.3087
2026-04-20 22:00:55,232 [INFO] After Task 13 | Domain accs: [98.53, 98.24, 98.55, 98.69, 98.67, 98.42, 98.71, 98.62, 98.53, 98.48, 98.52, 98.23, 98.59]
2026-04-20 22:00:55,232 [INFO] After Task 13 | Avg Domain-IL: 98.59%
2026-04-20 22:00:55,232 [INFO] === Task 14/20 | degree=117.0 | epochs=20 ===
2026-04-20 22:02:25,672 [INFO]   Epoch 10/20 | Loss: 2.3669
2026-04-20 22:03:58,474 [INFO]   Epoch 20/20 | Loss: 2.3491
2026-04-20 22:12:09,248 [INFO] After Task 14 | Domain accs: [98.53, 98.24, 98.55, 98.69, 98.67, 98.42, 98.71, 98.62, 98.53, 98.48, 98.52, 98.23, 98.59, 98.28]
2026-04-20 22:12:09,248 [INFO] After Task 14 | Avg Domain-IL: 98.28%
2026-04-20 22:12:09,248 [INFO] === Task 15/20 | degree=126.0 | epochs=20 ===
2026-04-20 22:13:34,409 [INFO]   Epoch 10/20 | Loss: 2.3719
2026-04-20 22:15:11,335 [INFO]   Epoch 20/20 | Loss: 2.3213
2026-04-20 22:23:14,622 [INFO] After Task 15 | Domain accs: [98.53, 98.24, 98.55, 98.69, 98.67, 98.42, 98.71, 98.62, 98.53, 98.48, 98.52, 98.23, 98.59, 98.28, 98.51]
2026-04-20 22:23:14,634 [INFO] After Task 15 | Avg Domain-IL: 98.51%
2026-04-20 22:23:14,634 [INFO] === Task 16/20 | degree=135.0 | epochs=20 ===
2026-04-20 22:24:46,620 [INFO]   Epoch 10/20 | Loss: 2.3872
2026-04-20 22:26:37,468 [INFO]   Epoch 20/20 | Loss: 2.3448
2026-04-20 22:33:24,449 [INFO] After Task 16 | Domain accs: [98.53, 98.24, 98.55, 98.69, 98.67, 98.42, 98.71, 98.62, 98.53, 98.48, 98.52, 98.23, 98.59, 98.28, 98.51, 98.18]
2026-04-20 22:33:24,449 [INFO] After Task 16 | Avg Domain-IL: 98.18%
2026-04-20 22:33:24,449 [INFO] === Task 17/20 | degree=144.0 | epochs=20 ===
2026-04-20 22:35:07,902 [INFO]   Epoch 10/20 | Loss: 2.3850
2026-04-20 22:36:34,083 [INFO]   Epoch 20/20 | Loss: 2.3551
2026-04-20 22:44:24,083 [INFO] After Task 17 | Domain accs: [98.53, 98.24, 98.55, 98.69, 98.67, 98.42, 98.71, 98.62, 98.53, 98.48, 98.52, 98.23, 98.59, 98.28, 98.51, 98.18, 97.97]
2026-04-20 22:44:24,083 [INFO] After Task 17 | Avg Domain-IL: 97.97%
2026-04-20 22:44:24,083 [INFO] === Task 18/20 | degree=153.0 | epochs=20 ===
2026-04-20 22:46:02,180 [INFO]   Epoch 10/20 | Loss: 2.3829
2026-04-20 22:47:31,212 [INFO]   Epoch 20/20 | Loss: 2.3445
2026-04-20 22:55:51,069 [INFO] After Task 18 | Domain accs: [98.53, 98.24, 98.55, 98.69, 98.67, 98.42, 98.71, 98.62, 98.53, 98.48, 98.52, 98.23, 98.59, 98.28, 98.51, 98.18, 97.97, 97.90]
2026-04-20 22:55:51,069 [INFO] After Task 18 | Avg Domain-IL: 97.90%
2026-04-20 22:55:51,069 [INFO] === Task 19/20 | degree=162.0 | epochs=20 ===
2026-04-20 22:57:22,572 [INFO]   Epoch 10/20 | Loss: 2.4015
2026-04-20 22:58:46,301 [INFO]   Epoch 20/20 | Loss: 2.3597
2026-04-20 23:03:46,632 [INFO] After Task 19 | Domain accs: [98.53, 98.24, 98.55, 98.69, 98.67, 98.42, 98.71, 98.62, 98.53, 98.48, 98.52, 98.23, 98.59, 98.28, 98.51, 98.18, 97.97, 97.90, 97.80]
2026-04-20 23:03:46,633 [INFO] After Task 19 | Avg Domain-IL: 97.80%
2026-04-20 23:03:46,633 [INFO] === Task 20/20 | degree=171.0 | epochs=20 ===
2026-04-20 23:05:08,871 [INFO]   Epoch 10/20 | Loss: 2.4008
2026-04-20 23:06:32,240 [INFO]   Epoch 20/20 | Loss: 2.3576
2026-04-20 23:11:25,582 [INFO] After Task 20 | Domain accs: [98.53, 98.24, 98.55, 98.69, 98.67, 98.42, 98.71, 98.62, 98.53, 98.48, 98.52, 98.23, 98.59, 98.28, 98.51, 98.18, 97.97, 97.90, 97.80, 97.93]
2026-04-20 23:11:25,582 [INFO] After Task 20 | Avg Domain-IL: 97.93%
2026-04-20 23:11:25,582 [INFO] ==================================================
2026-04-20 23:11:25,582 [INFO] >>>> FINAL DOMAIN-IL METRICS <<<<
2026-04-20 23:11:25,582 [INFO] Domain-IL Accuracy : 98.37%
2026-04-20 23:11:25,582 [INFO] Backward Transfer  : -0.4605
2026-04-20 23:11:25,582 [INFO] Forgetting Measure : 0.5653
2026-04-20 23:11:25,582 [INFO] ==================================================
2026-04-20 23:11:25,677 [INFO] Trial 5 done in 12155.7s
2026-04-20 23:11:25,681 [INFO] ==================================================
2026-04-20 23:11:25,681 [INFO] >>>> SUMMARY <<<<
2026-04-20 23:11:25,681 [INFO] ==================================================
2026-04-20 23:11:25,681 [INFO] Domain-IL Accuracy : 98.48 ± 0.14
2026-04-20 23:11:25,681 [INFO] Backward Transfer  : -0.4953 ± 0.1853
2026-04-20 23:11:25,681 [INFO] Forgetting Measure : 0.6457 ± 0.2553
2026-04-20 23:11:25,681 [INFO] ==================================================
