2026-04-20 13:20:46,828 [INFO] ==================================================
2026-04-20 13:20:46,828 [INFO] >>>> R-MNIST DOMAIN-IL BENCHMARK <<<<
2026-04-20 13:20:46,828 [INFO] ==================================================
2026-04-20 13:20:46,828 [INFO]   lmbd            = 0.6
2026-04-20 13:20:46,828 [INFO]   trials          = 5
2026-04-20 13:20:46,828 [INFO]   t_contrast      = 0.2
2026-04-20 13:20:46,828 [INFO]   t_student       = 0.07
2026-04-20 13:20:46,828 [INFO]   t_teacher       = 0.01
2026-04-20 13:20:46,828 [INFO]   epochs_train    = 20
2026-04-20 13:20:46,828 [INFO]   epochs_eval     = 100
2026-04-20 13:20:46,828 [INFO]   alpha_lump      = 0.1
2026-04-20 13:20:46,828 [INFO]   buffer_size     = 500
2026-04-20 13:20:46,828 [INFO]   data_root       = ./data
2026-04-20 13:20:46,828 [INFO]   log_file        = None
2026-04-20 13:20:46,828 [INFO]   gpu             = 1
2026-04-20 13:20:46,828 [INFO] ==================================================
2026-04-20 13:20:46,828 [INFO] >>>> TRIAL 1/5 <<<<
2026-04-20 13:20:46,845 [INFO] Using device: cuda
2026-04-20 13:20:46,845 [INFO] R-MNIST degrees: [0, 9, 18, 27, 36, 45, 54, 63, 72, 81, 90, 99, 108, 117, 126, 135, 144, 153, 162, 171]
2026-04-20 13:20:47,469 [INFO] === Task 1/20 | degree=0.0 | epochs=100 ===
2026-04-20 13:21:40,447 [INFO]   Epoch 10/100 | Loss: 1.7819
2026-04-20 13:22:39,693 [INFO]   Epoch 20/100 | Loss: 1.7224
2026-04-20 13:23:39,099 [INFO]   Epoch 30/100 | Loss: 1.7244
2026-04-20 13:24:38,742 [INFO]   Epoch 40/100 | Loss: 1.6795
2026-04-20 13:25:38,729 [INFO]   Epoch 50/100 | Loss: 1.6998
2026-04-20 13:26:32,209 [INFO]   Epoch 60/100 | Loss: 1.6579
2026-04-20 13:27:38,145 [INFO]   Epoch 70/100 | Loss: 1.6853
2026-04-20 13:28:31,178 [INFO]   Epoch 80/100 | Loss: 1.6469
2026-04-20 13:29:30,399 [INFO]   Epoch 90/100 | Loss: 1.6776
2026-04-20 13:30:29,783 [INFO]   Epoch 100/100 | Loss: 1.6403
2026-04-20 13:30:45,798 [INFO] After Task 1 | Domain accs: [98.78]
2026-04-20 13:30:45,798 [INFO] After Task 1 | Current Domain-IL: 98.78%
2026-04-20 13:30:45,798 [INFO] === Task 2/20 | degree=9.0 | epochs=20 ===
2026-04-20 13:31:47,862 [INFO]   Epoch 10/20 | Loss: 1.7565
2026-04-20 13:32:50,802 [INFO]   Epoch 20/20 | Loss: 1.7246
2026-04-20 13:33:08,052 [INFO] After Task 2 | Domain accs: [98.78, 98.55]
2026-04-20 13:33:08,052 [INFO] After Task 2 | Current Domain-IL: 98.55%
2026-04-20 13:33:08,052 [INFO] === Task 3/20 | degree=18.0 | epochs=20 ===
2026-04-20 13:34:10,812 [INFO]   Epoch 10/20 | Loss: 1.8375
2026-04-20 13:35:16,743 [INFO]   Epoch 20/20 | Loss: 1.7987
2026-04-20 13:35:34,739 [INFO] After Task 3 | Domain accs: [98.78, 98.55, 98.62]
2026-04-20 13:35:34,739 [INFO] After Task 3 | Current Domain-IL: 98.62%
2026-04-20 13:35:34,739 [INFO] === Task 4/20 | degree=27.0 | epochs=20 ===
2026-04-20 13:36:36,485 [INFO]   Epoch 10/20 | Loss: 1.8970
2026-04-20 13:37:39,539 [INFO]   Epoch 20/20 | Loss: 1.8680
2026-04-20 13:37:57,169 [INFO] After Task 4 | Domain accs: [98.78, 98.55, 98.62, 98.67]
2026-04-20 13:37:57,169 [INFO] After Task 4 | Current Domain-IL: 98.67%
2026-04-20 13:37:57,169 [INFO] === Task 5/20 | degree=36.0 | epochs=20 ===
2026-04-20 13:38:59,453 [INFO]   Epoch 10/20 | Loss: 1.9601
2026-04-20 13:40:02,459 [INFO]   Epoch 20/20 | Loss: 1.9305
2026-04-20 13:40:20,472 [INFO] After Task 5 | Domain accs: [98.78, 98.55, 98.62, 98.67, 98.95]
2026-04-20 13:40:20,472 [INFO] After Task 5 | Current Domain-IL: 98.95%
2026-04-20 13:40:20,472 [INFO] === Task 6/20 | degree=45.0 | epochs=20 ===
2026-04-20 13:41:23,093 [INFO]   Epoch 10/20 | Loss: 2.0252
2026-04-20 13:42:26,800 [INFO]   Epoch 20/20 | Loss: 1.9773
2026-04-20 13:42:46,594 [INFO] After Task 6 | Domain accs: [98.78, 98.55, 98.62, 98.67, 98.95, 98.70]
2026-04-20 13:42:46,594 [INFO] After Task 6 | Current Domain-IL: 98.70%
2026-04-20 13:42:46,605 [INFO] === Task 7/20 | degree=54.0 | epochs=20 ===
2026-04-20 13:43:49,939 [INFO]   Epoch 10/20 | Loss: 2.0816
2026-04-20 13:44:53,908 [INFO]   Epoch 20/20 | Loss: 2.0390
2026-04-20 13:45:14,999 [INFO] After Task 7 | Domain accs: [98.78, 98.55, 98.62, 98.67, 98.95, 98.70, 98.73]
2026-04-20 13:45:14,999 [INFO] After Task 7 | Current Domain-IL: 98.73%
2026-04-20 13:45:14,999 [INFO] === Task 8/20 | degree=63.0 | epochs=20 ===
2026-04-20 13:46:18,887 [INFO]   Epoch 10/20 | Loss: 2.1130
2026-04-20 13:47:22,489 [INFO]   Epoch 20/20 | Loss: 2.0816
2026-04-20 13:47:43,697 [INFO] After Task 8 | Domain accs: [98.78, 98.55, 98.62, 98.67, 98.95, 98.70, 98.73, 98.64]
2026-04-20 13:47:43,697 [INFO] After Task 8 | Current Domain-IL: 98.64%
2026-04-20 13:47:43,697 [INFO] === Task 9/20 | degree=72.0 | epochs=20 ===
2026-04-20 13:48:45,484 [INFO]   Epoch 10/20 | Loss: 2.1576
2026-04-20 13:49:48,234 [INFO]   Epoch 20/20 | Loss: 2.1309
2026-04-20 13:50:09,313 [INFO] After Task 9 | Domain accs: [98.78, 98.55, 98.62, 98.67, 98.95, 98.70, 98.73, 98.64, 98.66]
2026-04-20 13:50:09,313 [INFO] After Task 9 | Current Domain-IL: 98.66%
2026-04-20 13:50:09,313 [INFO] === Task 10/20 | degree=81.0 | epochs=20 ===
2026-04-20 13:51:11,441 [INFO]   Epoch 10/20 | Loss: 2.2218
2026-04-20 13:52:14,353 [INFO]   Epoch 20/20 | Loss: 2.1779
2026-04-20 13:52:35,505 [INFO] After Task 10 | Domain accs: [98.78, 98.55, 98.62, 98.67, 98.95, 98.70, 98.73, 98.64, 98.66, 98.37]
2026-04-20 13:52:35,506 [INFO] After Task 10 | Current Domain-IL: 98.37%
2026-04-20 13:52:35,506 [INFO] === Task 11/20 | degree=90.0 | epochs=20 ===
2026-04-20 13:53:35,024 [INFO]   Epoch 10/20 | Loss: 2.2596
2026-04-20 13:54:36,166 [INFO]   Epoch 20/20 | Loss: 2.2073
2026-04-20 13:54:57,770 [INFO] After Task 11 | Domain accs: [98.78, 98.55, 98.62, 98.67, 98.95, 98.70, 98.73, 98.64, 98.66, 98.37, 98.82]
2026-04-20 13:54:57,770 [INFO] After Task 11 | Current Domain-IL: 98.82%
2026-04-20 13:54:57,770 [INFO] === Task 12/20 | degree=99.0 | epochs=20 ===
2026-04-20 13:55:59,639 [INFO]   Epoch 10/20 | Loss: 2.2978
2026-04-20 13:57:02,415 [INFO]   Epoch 20/20 | Loss: 2.2619
2026-04-20 13:57:24,350 [INFO] After Task 12 | Domain accs: [98.78, 98.55, 98.62, 98.67, 98.95, 98.70, 98.73, 98.64, 98.66, 98.37, 98.82, 98.43]
2026-04-20 13:57:24,350 [INFO] After Task 12 | Current Domain-IL: 98.43%
2026-04-20 13:57:24,350 [INFO] === Task 13/20 | degree=108.0 | epochs=20 ===
2026-04-20 13:58:26,081 [INFO]   Epoch 10/20 | Loss: 2.3353
2026-04-20 13:59:29,002 [INFO]   Epoch 20/20 | Loss: 2.3075
2026-04-20 13:59:51,272 [INFO] After Task 13 | Domain accs: [98.78, 98.55, 98.62, 98.67, 98.95, 98.70, 98.73, 98.64, 98.66, 98.37, 98.82, 98.43, 98.51]
2026-04-20 13:59:51,273 [INFO] After Task 13 | Current Domain-IL: 98.51%
2026-04-20 13:59:51,273 [INFO] === Task 14/20 | degree=117.0 | epochs=20 ===
2026-04-20 14:00:53,624 [INFO]   Epoch 10/20 | Loss: 2.3621
2026-04-20 14:01:56,742 [INFO]   Epoch 20/20 | Loss: 2.3241
2026-04-20 14:02:17,540 [INFO] After Task 14 | Domain accs: [98.78, 98.55, 98.62, 98.67, 98.95, 98.70, 98.73, 98.64, 98.66, 98.37, 98.82, 98.43, 98.51, 98.41]
2026-04-20 14:02:17,540 [INFO] After Task 14 | Current Domain-IL: 98.41%
2026-04-20 14:02:17,540 [INFO] === Task 15/20 | degree=126.0 | epochs=20 ===
2026-04-20 14:03:19,288 [INFO]   Epoch 10/20 | Loss: 2.3588
2026-04-20 14:04:21,602 [INFO]   Epoch 20/20 | Loss: 2.3353
2026-04-20 14:04:43,571 [INFO] After Task 15 | Domain accs: [98.78, 98.55, 98.62, 98.67, 98.95, 98.70, 98.73, 98.64, 98.66, 98.37, 98.82, 98.43, 98.51, 98.41, 98.71]
2026-04-20 14:04:43,571 [INFO] After Task 15 | Current Domain-IL: 98.71%
2026-04-20 14:04:43,571 [INFO] === Task 16/20 | degree=135.0 | epochs=20 ===
2026-04-20 14:05:39,491 [INFO]   Epoch 10/20 | Loss: 2.3808
2026-04-20 14:06:35,675 [INFO]   Epoch 20/20 | Loss: 2.3367
2026-04-20 14:06:58,712 [INFO] After Task 16 | Domain accs: [98.78, 98.55, 98.62, 98.67, 98.95, 98.70, 98.73, 98.64, 98.66, 98.37, 98.82, 98.43, 98.51, 98.41, 98.71, 98.63]
2026-04-20 14:06:58,712 [INFO] After Task 16 | Current Domain-IL: 98.63%
2026-04-20 14:06:58,712 [INFO] === Task 17/20 | degree=144.0 | epochs=20 ===
2026-04-20 14:07:54,570 [INFO]   Epoch 10/20 | Loss: 2.3722
2026-04-20 14:08:50,495 [INFO]   Epoch 20/20 | Loss: 2.3411
2026-04-20 14:09:14,250 [INFO] After Task 17 | Domain accs: [98.78, 98.55, 98.62, 98.67, 98.95, 98.70, 98.73, 98.64, 98.66, 98.37, 98.82, 98.43, 98.51, 98.41, 98.71, 98.63, 98.61]
2026-04-20 14:09:14,250 [INFO] After Task 17 | Current Domain-IL: 98.61%
2026-04-20 14:09:14,250 [INFO] === Task 18/20 | degree=153.0 | epochs=20 ===
2026-04-20 14:10:10,338 [INFO]   Epoch 10/20 | Loss: 2.3706
2026-04-20 14:11:06,365 [INFO]   Epoch 20/20 | Loss: 2.3336
2026-04-20 14:11:30,203 [INFO] After Task 18 | Domain accs: [98.78, 98.55, 98.62, 98.67, 98.95, 98.70, 98.73, 98.64, 98.66, 98.37, 98.82, 98.43, 98.51, 98.41, 98.71, 98.63, 98.61, 98.58]
2026-04-20 14:11:30,203 [INFO] After Task 18 | Current Domain-IL: 98.58%
2026-04-20 14:11:30,203 [INFO] === Task 19/20 | degree=162.0 | epochs=20 ===
2026-04-20 14:12:28,185 [INFO]   Epoch 10/20 | Loss: 2.3815
2026-04-20 14:13:28,361 [INFO]   Epoch 20/20 | Loss: 2.3382
2026-04-20 14:13:53,335 [INFO] After Task 19 | Domain accs: [98.78, 98.55, 98.62, 98.67, 98.95, 98.70, 98.73, 98.64, 98.66, 98.37, 98.82, 98.43, 98.51, 98.41, 98.71, 98.63, 98.61, 98.58, 98.20]
2026-04-20 14:13:53,335 [INFO] After Task 19 | Current Domain-IL: 98.20%
2026-04-20 14:13:53,335 [INFO] === Task 20/20 | degree=171.0 | epochs=20 ===
2026-04-20 14:15:02,432 [INFO]   Epoch 10/20 | Loss: 2.3650
2026-04-20 14:15:58,561 [INFO]   Epoch 20/20 | Loss: 2.3440
2026-04-20 14:16:24,287 [INFO] After Task 20 | Domain accs: [98.78, 98.55, 98.62, 98.67, 98.95, 98.70, 98.73, 98.64, 98.66, 98.37, 98.82, 98.43, 98.51, 98.41, 98.71, 98.63, 98.61, 98.58, 98.20, 98.31]
2026-04-20 14:16:24,287 [INFO] After Task 20 | Current Domain-IL: 98.31%
2026-04-20 14:16:24,287 [INFO] ==================================================
2026-04-20 14:16:24,288 [INFO] >>>> FINAL DOMAIN-IL METRICS <<<<
2026-04-20 14:16:24,288 [INFO] Domain-IL Accuracy : 98.59%
2026-04-20 14:16:24,288 [INFO] Backward Transfer  : -0.2989
2026-04-20 14:16:24,288 [INFO] Forgetting Measure : 0.4547
2026-04-20 14:16:24,288 [INFO] ==================================================
2026-04-20 14:16:24,345 [INFO] Trial 1 done in 3337.5s
2026-04-20 14:16:24,349 [INFO] >>>> TRIAL 2/5 <<<<
2026-04-20 14:16:24,349 [INFO] Using device: cuda
2026-04-20 14:16:24,349 [INFO] R-MNIST degrees: [0, 9, 18, 27, 36, 45, 54, 63, 72, 81, 90, 99, 108, 117, 126, 135, 144, 153, 162, 171]
2026-04-20 14:16:24,837 [INFO] === Task 1/20 | degree=0.0 | epochs=100 ===
2026-04-20 14:17:30,665 [INFO]   Epoch 10/100 | Loss: 1.7822
2026-04-20 14:18:24,053 [INFO]   Epoch 20/100 | Loss: 1.7236
2026-04-20 14:19:29,274 [INFO]   Epoch 30/100 | Loss: 1.7233
2026-04-20 14:20:22,573 [INFO]   Epoch 40/100 | Loss: 1.6784
2026-04-20 14:21:22,196 [INFO]   Epoch 50/100 | Loss: 1.6986
2026-04-20 14:22:22,549 [INFO]   Epoch 60/100 | Loss: 1.6571
2026-04-20 14:23:21,907 [INFO]   Epoch 70/100 | Loss: 1.6840
2026-04-20 14:24:22,608 [INFO]   Epoch 80/100 | Loss: 1.6457
2026-04-20 14:25:16,373 [INFO]   Epoch 90/100 | Loss: 1.6782
2026-04-20 14:26:22,249 [INFO]   Epoch 100/100 | Loss: 1.6392
2026-04-20 14:26:38,153 [INFO] After Task 1 | Domain accs: [98.98]
2026-04-20 14:26:38,153 [INFO] After Task 1 | Current Domain-IL: 98.98%
2026-04-20 14:26:38,153 [INFO] === Task 2/20 | degree=9.0 | epochs=20 ===
2026-04-20 14:27:34,155 [INFO]   Epoch 10/20 | Loss: 1.7565
2026-04-20 14:28:42,694 [INFO]   Epoch 20/20 | Loss: 1.7180
2026-04-20 14:28:59,720 [INFO] After Task 2 | Domain accs: [98.98, 98.78]
2026-04-20 14:28:59,721 [INFO] After Task 2 | Current Domain-IL: 98.78%
2026-04-20 14:28:59,721 [INFO] === Task 3/20 | degree=18.0 | epochs=20 ===
2026-04-20 14:29:55,962 [INFO]   Epoch 10/20 | Loss: 1.8359
2026-04-20 14:31:05,460 [INFO]   Epoch 20/20 | Loss: 1.7972
2026-04-20 14:31:23,895 [INFO] After Task 3 | Domain accs: [98.98, 98.78, 98.93]
2026-04-20 14:31:23,895 [INFO] After Task 3 | Current Domain-IL: 98.93%
2026-04-20 14:31:23,895 [INFO] === Task 4/20 | degree=27.0 | epochs=20 ===
2026-04-20 14:32:20,333 [INFO]   Epoch 10/20 | Loss: 1.8936
2026-04-20 14:33:28,404 [INFO]   Epoch 20/20 | Loss: 1.8618
2026-04-20 14:33:46,808 [INFO] After Task 4 | Domain accs: [98.98, 98.78, 98.93, 98.81]
2026-04-20 14:33:46,808 [INFO] After Task 4 | Current Domain-IL: 98.81%
2026-04-20 14:33:46,808 [INFO] === Task 5/20 | degree=36.0 | epochs=20 ===
2026-04-20 14:34:43,315 [INFO]   Epoch 10/20 | Loss: 1.9593
2026-04-20 14:35:52,976 [INFO]   Epoch 20/20 | Loss: 1.9276
2026-04-20 14:36:12,161 [INFO] After Task 5 | Domain accs: [98.98, 98.78, 98.93, 98.81, 99.04]
2026-04-20 14:36:12,162 [INFO] After Task 5 | Current Domain-IL: 99.04%
2026-04-20 14:36:12,162 [INFO] === Task 6/20 | degree=45.0 | epochs=20 ===
2026-04-20 14:37:08,803 [INFO]   Epoch 10/20 | Loss: 2.0118
2026-04-20 14:38:17,792 [INFO]   Epoch 20/20 | Loss: 1.9836
2026-04-20 14:38:36,633 [INFO] After Task 6 | Domain accs: [98.98, 98.78, 98.93, 98.81, 99.04, 98.80]
2026-04-20 14:38:36,634 [INFO] After Task 6 | Current Domain-IL: 98.80%
2026-04-20 14:38:36,634 [INFO] === Task 7/20 | degree=54.0 | epochs=20 ===
2026-04-20 14:39:33,144 [INFO]   Epoch 10/20 | Loss: 2.0881
2026-04-20 14:40:41,946 [INFO]   Epoch 20/20 | Loss: 2.0318
2026-04-20 14:41:01,510 [INFO] After Task 7 | Domain accs: [98.98, 98.78, 98.93, 98.81, 99.04, 98.80, 98.74]
2026-04-20 14:41:01,510 [INFO] After Task 7 | Current Domain-IL: 98.74%
2026-04-20 14:41:01,511 [INFO] === Task 8/20 | degree=63.0 | epochs=20 ===
2026-04-20 14:41:58,225 [INFO]   Epoch 10/20 | Loss: 2.1236
2026-04-20 14:43:07,463 [INFO]   Epoch 20/20 | Loss: 2.0855
2026-04-20 14:43:27,050 [INFO] After Task 8 | Domain accs: [98.98, 98.78, 98.93, 98.81, 99.04, 98.80, 98.74, 98.51]
2026-04-20 14:43:27,050 [INFO] After Task 8 | Current Domain-IL: 98.51%
2026-04-20 14:43:27,050 [INFO] === Task 9/20 | degree=72.0 | epochs=20 ===
2026-04-20 14:44:23,586 [INFO]   Epoch 10/20 | Loss: 2.1547
2026-04-20 14:45:31,274 [INFO]   Epoch 20/20 | Loss: 2.1361
2026-04-20 14:45:53,567 [INFO] After Task 9 | Domain accs: [98.98, 98.78, 98.93, 98.81, 99.04, 98.80, 98.74, 98.51, 98.47]
2026-04-20 14:45:53,567 [INFO] After Task 9 | Current Domain-IL: 98.47%
2026-04-20 14:45:53,567 [INFO] === Task 10/20 | degree=81.0 | epochs=20 ===
2026-04-20 14:46:50,136 [INFO]   Epoch 10/20 | Loss: 2.1954
2026-04-20 14:47:56,397 [INFO]   Epoch 20/20 | Loss: 2.1966
2026-04-20 14:48:43,186 [INFO] After Task 10 | Domain accs: [98.98, 98.78, 98.93, 98.81, 99.04, 98.80, 98.74, 98.51, 98.47, 98.24]
2026-04-20 14:48:43,186 [INFO] After Task 10 | Current Domain-IL: 98.24%
2026-04-20 14:48:43,186 [INFO] === Task 11/20 | degree=90.0 | epochs=20 ===
2026-04-20 14:49:37,649 [INFO]   Epoch 10/20 | Loss: 2.2430
2026-04-20 14:50:38,384 [INFO]   Epoch 20/20 | Loss: 2.2010
2026-04-20 14:52:04,821 [INFO] After Task 11 | Domain accs: [98.98, 98.78, 98.93, 98.81, 99.04, 98.80, 98.74, 98.51, 98.47, 98.24, 98.55]
2026-04-20 14:52:04,821 [INFO] After Task 11 | Current Domain-IL: 98.55%
2026-04-20 14:52:04,821 [INFO] === Task 12/20 | degree=99.0 | epochs=20 ===
2026-04-20 14:53:02,415 [INFO]   Epoch 10/20 | Loss: 2.2996
2026-04-20 14:54:06,981 [INFO]   Epoch 20/20 | Loss: 2.2601
2026-04-20 14:54:33,007 [INFO] After Task 12 | Domain accs: [98.98, 98.78, 98.93, 98.81, 99.04, 98.80, 98.74, 98.51, 98.47, 98.24, 98.55, 98.25]
2026-04-20 14:54:33,007 [INFO] After Task 12 | Current Domain-IL: 98.25%
2026-04-20 14:54:33,007 [INFO] === Task 13/20 | degree=108.0 | epochs=20 ===
2026-04-20 14:55:30,814 [INFO]   Epoch 10/20 | Loss: 2.3343
2026-04-20 14:56:33,737 [INFO]   Epoch 20/20 | Loss: 2.2839
2026-04-20 14:56:59,411 [INFO] After Task 13 | Domain accs: [98.98, 98.78, 98.93, 98.81, 99.04, 98.80, 98.74, 98.51, 98.47, 98.24, 98.55, 98.25, 98.45]
2026-04-20 14:56:59,411 [INFO] After Task 13 | Current Domain-IL: 98.45%
2026-04-20 14:56:59,411 [INFO] === Task 14/20 | degree=117.0 | epochs=20 ===
2026-04-20 14:57:59,529 [INFO]   Epoch 10/20 | Loss: 2.3774
2026-04-20 14:59:04,007 [INFO]   Epoch 20/20 | Loss: 2.3224
2026-04-20 14:59:28,291 [INFO] After Task 14 | Domain accs: [98.98, 98.78, 98.93, 98.81, 99.04, 98.80, 98.74, 98.51, 98.47, 98.24, 98.55, 98.25, 98.45, 98.49]
2026-04-20 14:59:28,291 [INFO] After Task 14 | Current Domain-IL: 98.49%
2026-04-20 14:59:28,291 [INFO] === Task 15/20 | degree=126.0 | epochs=20 ===
2026-04-20 15:00:33,359 [INFO]   Epoch 10/20 | Loss: 2.3562
2026-04-20 15:01:37,416 [INFO]   Epoch 20/20 | Loss: 2.3186
2026-04-20 15:01:59,961 [INFO] After Task 15 | Domain accs: [98.98, 98.78, 98.93, 98.81, 99.04, 98.80, 98.74, 98.51, 98.47, 98.24, 98.55, 98.25, 98.45, 98.49, 98.49]
2026-04-20 15:01:59,961 [INFO] After Task 15 | Current Domain-IL: 98.49%
2026-04-20 15:01:59,961 [INFO] === Task 16/20 | degree=135.0 | epochs=20 ===
2026-04-20 15:02:57,700 [INFO]   Epoch 10/20 | Loss: 2.3688
2026-04-20 15:03:55,442 [INFO]   Epoch 20/20 | Loss: 2.3329
2026-04-20 15:04:19,210 [INFO] After Task 16 | Domain accs: [98.98, 98.78, 98.93, 98.81, 99.04, 98.80, 98.74, 98.51, 98.47, 98.24, 98.55, 98.25, 98.45, 98.49, 98.49, 98.27]
2026-04-20 15:04:19,210 [INFO] After Task 16 | Current Domain-IL: 98.27%
2026-04-20 15:04:19,210 [INFO] === Task 17/20 | degree=144.0 | epochs=20 ===
2026-04-20 15:05:16,029 [INFO]   Epoch 10/20 | Loss: 2.3755
2026-04-20 15:06:12,798 [INFO]   Epoch 20/20 | Loss: 2.3298
2026-04-20 15:06:36,808 [INFO] After Task 17 | Domain accs: [98.98, 98.78, 98.93, 98.81, 99.04, 98.80, 98.74, 98.51, 98.47, 98.24, 98.55, 98.25, 98.45, 98.49, 98.49, 98.27, 98.21]
2026-04-20 15:06:36,808 [INFO] After Task 17 | Current Domain-IL: 98.21%
2026-04-20 15:06:36,808 [INFO] === Task 18/20 | degree=153.0 | epochs=20 ===
2026-04-20 15:07:34,252 [INFO]   Epoch 10/20 | Loss: 2.3800
2026-04-20 15:08:31,576 [INFO]   Epoch 20/20 | Loss: 2.3276
2026-04-20 15:08:56,396 [INFO] After Task 18 | Domain accs: [98.98, 98.78, 98.93, 98.81, 99.04, 98.80, 98.74, 98.51, 98.47, 98.24, 98.55, 98.25, 98.45, 98.49, 98.49, 98.27, 98.21, 97.83]
2026-04-20 15:08:56,396 [INFO] After Task 18 | Current Domain-IL: 97.83%
2026-04-20 15:08:56,396 [INFO] === Task 19/20 | degree=162.0 | epochs=20 ===
2026-04-20 15:10:00,075 [INFO]   Epoch 10/20 | Loss: 2.3650
2026-04-20 15:10:57,425 [INFO]   Epoch 20/20 | Loss: 2.3414
2026-04-20 15:11:59,152 [INFO] After Task 19 | Domain accs: [98.98, 98.78, 98.93, 98.81, 99.04, 98.80, 98.74, 98.51, 98.47, 98.24, 98.55, 98.25, 98.45, 98.49, 98.49, 98.27, 98.21, 97.83, 98.17]
2026-04-20 15:11:59,152 [INFO] After Task 19 | Current Domain-IL: 98.17%
2026-04-20 15:11:59,152 [INFO] === Task 20/20 | degree=171.0 | epochs=20 ===
2026-04-20 15:13:03,901 [INFO]   Epoch 10/20 | Loss: 2.3805
2026-04-20 15:14:05,223 [INFO]   Epoch 20/20 | Loss: 2.3421
2026-04-20 15:15:14,447 [INFO] After Task 20 | Domain accs: [98.98, 98.78, 98.93, 98.81, 99.04, 98.80, 98.74, 98.51, 98.47, 98.24, 98.55, 98.25, 98.45, 98.49, 98.49, 98.27, 98.21, 97.83, 98.17, 98.38]
2026-04-20 15:15:14,447 [INFO] After Task 20 | Current Domain-IL: 98.38%
2026-04-20 15:15:14,447 [INFO] ==================================================
2026-04-20 15:15:14,447 [INFO] >>>> FINAL DOMAIN-IL METRICS <<<<
2026-04-20 15:15:14,447 [INFO] Domain-IL Accuracy : 98.52%
2026-04-20 15:15:14,447 [INFO] Backward Transfer  : -0.1468
2026-04-20 15:15:14,447 [INFO] Forgetting Measure : 0.2368
2026-04-20 15:15:14,447 [INFO] ==================================================
2026-04-20 15:15:14,516 [INFO] Trial 2 done in 3530.2s
2026-04-20 15:15:14,520 [INFO] >>>> TRIAL 3/5 <<<<
2026-04-20 15:15:14,520 [INFO] Using device: cuda
2026-04-20 15:15:14,521 [INFO] R-MNIST degrees: [0, 9, 18, 27, 36, 45, 54, 63, 72, 81, 90, 99, 108, 117, 126, 135, 144, 153, 162, 171]
2026-04-20 15:15:15,039 [INFO] === Task 1/20 | degree=0.0 | epochs=100 ===
2026-04-20 15:16:17,112 [INFO]   Epoch 10/100 | Loss: 1.7809
2026-04-20 15:17:18,977 [INFO]   Epoch 20/100 | Loss: 1.7227
2026-04-20 15:18:21,042 [INFO]   Epoch 30/100 | Loss: 1.7249
2026-04-20 15:19:17,534 [INFO]   Epoch 40/100 | Loss: 1.6796
2026-04-20 15:20:27,143 [INFO]   Epoch 50/100 | Loss: 1.6988
2026-04-20 15:21:23,264 [INFO]   Epoch 60/100 | Loss: 1.6598
2026-04-20 15:22:28,840 [INFO]   Epoch 70/100 | Loss: 1.6852
2026-04-20 15:23:29,224 [INFO]   Epoch 80/100 | Loss: 1.6470
2026-04-20 15:24:32,261 [INFO]   Epoch 90/100 | Loss: 1.6772
2026-04-20 15:25:34,271 [INFO]   Epoch 100/100 | Loss: 1.6411
2026-04-20 15:25:51,191 [INFO] After Task 1 | Domain accs: [98.82]
2026-04-20 15:25:51,191 [INFO] After Task 1 | Current Domain-IL: 98.82%
2026-04-20 15:25:51,191 [INFO] === Task 2/20 | degree=9.0 | epochs=20 ===
2026-04-20 15:26:56,072 [INFO]   Epoch 10/20 | Loss: 1.7568
2026-04-20 15:28:00,346 [INFO]   Epoch 20/20 | Loss: 1.7252
2026-04-20 15:28:17,784 [INFO] After Task 2 | Domain accs: [98.82, 98.55]
2026-04-20 15:28:17,784 [INFO] After Task 2 | Current Domain-IL: 98.55%
2026-04-20 15:28:17,784 [INFO] === Task 3/20 | degree=18.0 | epochs=20 ===
2026-04-20 15:29:21,566 [INFO]   Epoch 10/20 | Loss: 1.8340
2026-04-20 15:30:26,411 [INFO]   Epoch 20/20 | Loss: 1.8000
2026-04-20 15:30:44,296 [INFO] After Task 3 | Domain accs: [98.82, 98.55, 98.48]
2026-04-20 15:30:44,296 [INFO] After Task 3 | Current Domain-IL: 98.48%
2026-04-20 15:30:44,296 [INFO] === Task 4/20 | degree=27.0 | epochs=20 ===
2026-04-20 15:31:46,267 [INFO]   Epoch 10/20 | Loss: 1.9067
2026-04-20 15:32:55,543 [INFO]   Epoch 20/20 | Loss: 1.8638
2026-04-20 15:33:14,688 [INFO] After Task 4 | Domain accs: [98.82, 98.55, 98.48, 98.60]
2026-04-20 15:33:14,688 [INFO] After Task 4 | Current Domain-IL: 98.60%
2026-04-20 15:33:14,689 [INFO] === Task 5/20 | degree=36.0 | epochs=20 ===
2026-04-20 15:34:15,701 [INFO]   Epoch 10/20 | Loss: 1.9681
2026-04-20 15:35:25,467 [INFO]   Epoch 20/20 | Loss: 1.9210
2026-04-20 15:35:45,305 [INFO] After Task 5 | Domain accs: [98.82, 98.55, 98.48, 98.60, 98.89]
2026-04-20 15:35:45,305 [INFO] After Task 5 | Current Domain-IL: 98.89%
2026-04-20 15:35:45,305 [INFO] === Task 6/20 | degree=45.0 | epochs=20 ===
2026-04-20 15:36:48,690 [INFO]   Epoch 10/20 | Loss: 2.0191
2026-04-20 15:37:55,367 [INFO]   Epoch 20/20 | Loss: 1.9842
2026-04-20 15:38:15,468 [INFO] After Task 6 | Domain accs: [98.82, 98.55, 98.48, 98.60, 98.89, 98.72]
2026-04-20 15:38:15,468 [INFO] After Task 6 | Current Domain-IL: 98.72%
2026-04-20 15:38:15,468 [INFO] === Task 7/20 | degree=54.0 | epochs=20 ===
2026-04-20 15:39:16,659 [INFO]   Epoch 10/20 | Loss: 2.0582
2026-04-20 15:40:25,666 [INFO]   Epoch 20/20 | Loss: 2.0363
2026-04-20 15:40:46,029 [INFO] After Task 7 | Domain accs: [98.82, 98.55, 98.48, 98.60, 98.89, 98.72, 98.55]
2026-04-20 15:40:46,029 [INFO] After Task 7 | Current Domain-IL: 98.55%
2026-04-20 15:40:46,029 [INFO] === Task 8/20 | degree=63.0 | epochs=20 ===
2026-04-20 15:41:45,444 [INFO]   Epoch 10/20 | Loss: 2.1486
2026-04-20 15:42:56,349 [INFO]   Epoch 20/20 | Loss: 2.0889
2026-04-20 15:43:17,857 [INFO] After Task 8 | Domain accs: [98.82, 98.55, 98.48, 98.60, 98.89, 98.72, 98.55, 98.37]
2026-04-20 15:43:17,858 [INFO] After Task 8 | Current Domain-IL: 98.37%
2026-04-20 15:43:17,858 [INFO] === Task 9/20 | degree=72.0 | epochs=20 ===
2026-04-20 15:44:16,723 [INFO]   Epoch 10/20 | Loss: 2.1631
2026-04-20 15:45:29,189 [INFO]   Epoch 20/20 | Loss: 2.1450
2026-04-20 15:45:50,723 [INFO] After Task 9 | Domain accs: [98.82, 98.55, 98.48, 98.60, 98.89, 98.72, 98.55, 98.37, 98.64]
2026-04-20 15:45:50,723 [INFO] After Task 9 | Current Domain-IL: 98.64%
2026-04-20 15:45:50,723 [INFO] === Task 10/20 | degree=81.0 | epochs=20 ===
2026-04-20 15:46:49,193 [INFO]   Epoch 10/20 | Loss: 2.2254
2026-04-20 15:47:59,984 [INFO]   Epoch 20/20 | Loss: 2.1822
2026-04-20 15:48:27,955 [INFO] After Task 10 | Domain accs: [98.82, 98.55, 98.48, 98.60, 98.89, 98.72, 98.55, 98.37, 98.64, 98.66]
2026-04-20 15:48:27,955 [INFO] After Task 10 | Current Domain-IL: 98.66%
2026-04-20 15:48:27,955 [INFO] === Task 11/20 | degree=90.0 | epochs=20 ===
2026-04-20 15:49:24,210 [INFO]   Epoch 10/20 | Loss: 2.2499
2026-04-20 15:50:27,733 [INFO]   Epoch 20/20 | Loss: 2.2315
2026-04-20 15:52:25,327 [INFO] After Task 11 | Domain accs: [98.82, 98.55, 98.48, 98.60, 98.89, 98.72, 98.55, 98.37, 98.64, 98.66, 98.57]
2026-04-20 15:52:25,327 [INFO] After Task 11 | Current Domain-IL: 98.57%
2026-04-20 15:52:25,327 [INFO] === Task 12/20 | degree=99.0 | epochs=20 ===
2026-04-20 15:53:30,838 [INFO]   Epoch 10/20 | Loss: 2.2970
2026-04-20 15:54:29,453 [INFO]   Epoch 20/20 | Loss: 2.2640
2026-04-20 15:55:55,449 [INFO] After Task 12 | Domain accs: [98.82, 98.55, 98.48, 98.60, 98.89, 98.72, 98.55, 98.37, 98.64, 98.66, 98.57, 98.20]
2026-04-20 15:55:55,449 [INFO] After Task 12 | Current Domain-IL: 98.20%
2026-04-20 15:55:55,449 [INFO] === Task 13/20 | degree=108.0 | epochs=20 ===
2026-04-20 15:57:39,577 [INFO]   Epoch 10/20 | Loss: 2.3366
2026-04-20 15:59:07,434 [INFO]   Epoch 20/20 | Loss: 2.3070
2026-04-20 15:59:32,044 [INFO] After Task 13 | Domain accs: [98.82, 98.55, 98.48, 98.60, 98.89, 98.72, 98.55, 98.37, 98.64, 98.66, 98.57, 98.20, 98.04]
2026-04-20 15:59:32,044 [INFO] After Task 13 | Current Domain-IL: 98.04%
2026-04-20 15:59:32,044 [INFO] === Task 14/20 | degree=117.0 | epochs=20 ===
2026-04-20 16:00:30,766 [INFO]   Epoch 10/20 | Loss: 2.3539
2026-04-20 16:01:58,946 [INFO]   Epoch 20/20 | Loss: 2.3387
2026-04-20 16:02:23,744 [INFO] After Task 14 | Domain accs: [98.82, 98.55, 98.48, 98.60, 98.89, 98.72, 98.55, 98.37, 98.64, 98.66, 98.57, 98.20, 98.04, 98.33]
2026-04-20 16:02:23,744 [INFO] After Task 14 | Current Domain-IL: 98.33%
2026-04-20 16:02:23,744 [INFO] === Task 15/20 | degree=126.0 | epochs=20 ===
2026-04-20 16:03:22,284 [INFO]   Epoch 10/20 | Loss: 2.3482
2026-04-20 16:04:44,072 [INFO]   Epoch 20/20 | Loss: 2.3213
2026-04-20 16:05:06,994 [INFO] After Task 15 | Domain accs: [98.82, 98.55, 98.48, 98.60, 98.89, 98.72, 98.55, 98.37, 98.64, 98.66, 98.57, 98.20, 98.04, 98.33, 98.36]
2026-04-20 16:05:06,995 [INFO] After Task 15 | Current Domain-IL: 98.36%
2026-04-20 16:05:06,995 [INFO] === Task 16/20 | degree=135.0 | epochs=20 ===
2026-04-20 16:06:07,648 [INFO]   Epoch 10/20 | Loss: 2.3687
2026-04-20 16:07:07,986 [INFO]   Epoch 20/20 | Loss: 2.3229
2026-04-20 16:07:32,541 [INFO] After Task 16 | Domain accs: [98.82, 98.55, 98.48, 98.60, 98.89, 98.72, 98.55, 98.37, 98.64, 98.66, 98.57, 98.20, 98.04, 98.33, 98.36, 98.22]
2026-04-20 16:07:32,542 [INFO] After Task 16 | Current Domain-IL: 98.22%
2026-04-20 16:07:32,542 [INFO] === Task 17/20 | degree=144.0 | epochs=20 ===
2026-04-20 16:08:30,987 [INFO]   Epoch 10/20 | Loss: 2.3791
2026-04-20 16:09:29,606 [INFO]   Epoch 20/20 | Loss: 2.3312
2026-04-20 16:09:58,277 [INFO] After Task 17 | Domain accs: [98.82, 98.55, 98.48, 98.60, 98.89, 98.72, 98.55, 98.37, 98.64, 98.66, 98.57, 98.20, 98.04, 98.33, 98.36, 98.22, 98.01]
2026-04-20 16:09:58,277 [INFO] After Task 17 | Current Domain-IL: 98.01%
2026-04-20 16:09:58,277 [INFO] === Task 18/20 | degree=153.0 | epochs=20 ===
2026-04-20 16:11:30,380 [INFO]   Epoch 10/20 | Loss: 2.3854
2026-04-20 16:13:02,326 [INFO]   Epoch 20/20 | Loss: 2.3314
2026-04-20 16:19:28,789 [INFO] After Task 18 | Domain accs: [98.82, 98.55, 98.48, 98.60, 98.89, 98.72, 98.55, 98.37, 98.64, 98.66, 98.57, 98.20, 98.04, 98.33, 98.36, 98.22, 98.01, 98.05]
2026-04-20 16:19:28,789 [INFO] After Task 18 | Current Domain-IL: 98.05%
2026-04-20 16:19:28,789 [INFO] === Task 19/20 | degree=162.0 | epochs=20 ===
2026-04-20 16:21:43,946 [INFO]   Epoch 10/20 | Loss: 2.3627
2026-04-20 16:23:38,405 [INFO]   Epoch 20/20 | Loss: 2.3502
2026-04-20 16:30:27,433 [INFO] After Task 19 | Domain accs: [98.82, 98.55, 98.48, 98.60, 98.89, 98.72, 98.55, 98.37, 98.64, 98.66, 98.57, 98.20, 98.04, 98.33, 98.36, 98.22, 98.01, 98.05, 97.77]
2026-04-20 16:30:27,433 [INFO] After Task 19 | Current Domain-IL: 97.77%
2026-04-20 16:30:27,433 [INFO] === Task 20/20 | degree=171.0 | epochs=20 ===
2026-04-20 16:32:13,441 [INFO]   Epoch 10/20 | Loss: 2.3703
2026-04-20 16:34:13,408 [INFO]   Epoch 20/20 | Loss: 2.3540
2026-04-20 16:41:46,190 [INFO] After Task 20 | Domain accs: [98.82, 98.55, 98.48, 98.60, 98.89, 98.72, 98.55, 98.37, 98.64, 98.66, 98.57, 98.20, 98.04, 98.33, 98.36, 98.22, 98.01, 98.05, 97.77, 97.86]
2026-04-20 16:41:46,190 [INFO] After Task 20 | Current Domain-IL: 97.86%
2026-04-20 16:41:46,190 [INFO] ==================================================
2026-04-20 16:41:46,190 [INFO] >>>> FINAL DOMAIN-IL METRICS <<<<
2026-04-20 16:41:46,190 [INFO] Domain-IL Accuracy : 98.38%
2026-04-20 16:41:46,190 [INFO] Backward Transfer  : -0.5521
2026-04-20 16:41:46,190 [INFO] Forgetting Measure : 0.6616
2026-04-20 16:41:46,190 [INFO] ==================================================
2026-04-20 16:41:46,285 [INFO] Trial 3 done in 5191.8s
2026-04-20 16:41:46,291 [INFO] >>>> TRIAL 4/5 <<<<
2026-04-20 16:41:46,292 [INFO] Using device: cuda
2026-04-20 16:41:46,292 [INFO] R-MNIST degrees: [0, 9, 18, 27, 36, 45, 54, 63, 72, 81, 90, 99, 108, 117, 126, 135, 144, 153, 162, 171]
2026-04-20 16:41:47,245 [INFO] === Task 1/20 | degree=0.0 | epochs=100 ===
2026-04-20 16:43:37,669 [INFO]   Epoch 10/100 | Loss: 1.7805
2026-04-20 16:45:40,756 [INFO]   Epoch 20/100 | Loss: 1.7212
2026-04-20 16:47:40,385 [INFO]   Epoch 30/100 | Loss: 1.7227
2026-04-20 16:49:26,999 [INFO]   Epoch 40/100 | Loss: 1.6797
2026-04-20 16:51:02,414 [INFO]   Epoch 50/100 | Loss: 1.6987
2026-04-20 16:52:38,005 [INFO]   Epoch 60/100 | Loss: 1.6585
2026-04-20 16:54:34,514 [INFO]   Epoch 70/100 | Loss: 1.6854
2026-04-20 16:56:26,902 [INFO]   Epoch 80/100 | Loss: 1.6471
2026-04-20 16:58:23,048 [INFO]   Epoch 90/100 | Loss: 1.6766
2026-04-20 17:00:08,433 [INFO]   Epoch 100/100 | Loss: 1.6405
2026-04-20 17:05:15,619 [INFO] After Task 1 | Domain accs: [98.59]
2026-04-20 17:05:15,619 [INFO] After Task 1 | Current Domain-IL: 98.59%
2026-04-20 17:05:15,619 [INFO] === Task 2/20 | degree=9.0 | epochs=20 ===
2026-04-20 17:07:19,440 [INFO]   Epoch 10/20 | Loss: 1.7545
2026-04-20 17:09:28,411 [INFO]   Epoch 20/20 | Loss: 1.7220
2026-04-20 17:14:44,462 [INFO] After Task 2 | Domain accs: [98.59, 98.46]
2026-04-20 17:14:44,462 [INFO] After Task 2 | Current Domain-IL: 98.46%
2026-04-20 17:14:44,462 [INFO] === Task 3/20 | degree=18.0 | epochs=20 ===
2026-04-20 17:16:30,411 [INFO]   Epoch 10/20 | Loss: 1.8410
2026-04-20 17:18:26,524 [INFO]   Epoch 20/20 | Loss: 1.8004
2026-04-20 17:25:49,475 [INFO] After Task 3 | Domain accs: [98.59, 98.46, 98.70]
2026-04-20 17:25:49,475 [INFO] After Task 3 | Current Domain-IL: 98.70%
2026-04-20 17:25:49,475 [INFO] === Task 4/20 | degree=27.0 | epochs=20 ===
2026-04-20 17:27:34,992 [INFO]   Epoch 10/20 | Loss: 1.9041
2026-04-20 17:29:29,546 [INFO]   Epoch 20/20 | Loss: 1.8643
2026-04-20 17:39:16,695 [INFO] After Task 4 | Domain accs: [98.59, 98.46, 98.70, 98.83]
2026-04-20 17:39:16,695 [INFO] After Task 4 | Current Domain-IL: 98.83%
2026-04-20 17:39:16,695 [INFO] === Task 5/20 | degree=36.0 | epochs=20 ===
2026-04-20 17:41:08,293 [INFO]   Epoch 10/20 | Loss: 1.9518
2026-04-20 17:42:49,433 [INFO]   Epoch 20/20 | Loss: 1.9277
2026-04-20 17:50:32,281 [INFO] After Task 5 | Domain accs: [98.59, 98.46, 98.70, 98.83, 98.68]
2026-04-20 17:50:32,282 [INFO] After Task 5 | Current Domain-IL: 98.68%
2026-04-20 17:50:32,282 [INFO] === Task 6/20 | degree=45.0 | epochs=20 ===
2026-04-20 17:52:11,424 [INFO]   Epoch 10/20 | Loss: 2.0181
2026-04-20 17:53:53,580 [INFO]   Epoch 20/20 | Loss: 1.9859
2026-04-20 18:00:58,400 [INFO] After Task 6 | Domain accs: [98.59, 98.46, 98.70, 98.83, 98.68, 98.69]
2026-04-20 18:00:58,413 [INFO] After Task 6 | Current Domain-IL: 98.69%
2026-04-20 18:00:58,413 [INFO] === Task 7/20 | degree=54.0 | epochs=20 ===
2026-04-20 18:02:56,079 [INFO]   Epoch 10/20 | Loss: 2.0662
2026-04-20 18:04:35,215 [INFO]   Epoch 20/20 | Loss: 2.0318
2026-04-20 18:11:06,742 [INFO] After Task 7 | Domain accs: [98.59, 98.46, 98.70, 98.83, 98.68, 98.69, 98.49]
2026-04-20 18:11:06,742 [INFO] After Task 7 | Current Domain-IL: 98.49%
2026-04-20 18:11:06,742 [INFO] === Task 8/20 | degree=63.0 | epochs=20 ===
2026-04-20 18:12:58,545 [INFO]   Epoch 10/20 | Loss: 2.1279
2026-04-20 18:14:29,829 [INFO]   Epoch 20/20 | Loss: 2.0842
2026-04-20 18:19:28,815 [INFO] After Task 8 | Domain accs: [98.59, 98.46, 98.70, 98.83, 98.68, 98.69, 98.49, 98.60]
2026-04-20 18:19:28,815 [INFO] After Task 8 | Current Domain-IL: 98.60%
2026-04-20 18:19:28,815 [INFO] === Task 9/20 | degree=72.0 | epochs=20 ===
2026-04-20 18:21:26,525 [INFO]   Epoch 10/20 | Loss: 2.1729
2026-04-20 18:23:19,522 [INFO]   Epoch 20/20 | Loss: 2.1364
2026-04-20 18:26:09,316 [INFO] After Task 9 | Domain accs: [98.59, 98.46, 98.70, 98.83, 98.68, 98.69, 98.49, 98.60, 98.48]
2026-04-20 18:26:09,316 [INFO] After Task 9 | Current Domain-IL: 98.48%
2026-04-20 18:26:09,316 [INFO] === Task 10/20 | degree=81.0 | epochs=20 ===
2026-04-20 18:27:55,713 [INFO]   Epoch 10/20 | Loss: 2.2302
2026-04-20 18:29:58,769 [INFO]   Epoch 20/20 | Loss: 2.1842
2026-04-20 18:35:29,457 [INFO] After Task 10 | Domain accs: [98.59, 98.46, 98.70, 98.83, 98.68, 98.69, 98.49, 98.60, 98.48, 98.19]
2026-04-20 18:35:29,457 [INFO] After Task 10 | Current Domain-IL: 98.19%
2026-04-20 18:35:29,457 [INFO] === Task 11/20 | degree=90.0 | epochs=20 ===
2026-04-20 18:36:54,772 [INFO]   Epoch 10/20 | Loss: 2.2433
2026-04-20 18:38:41,663 [INFO]   Epoch 20/20 | Loss: 2.2030
2026-04-20 18:46:42,091 [INFO] After Task 11 | Domain accs: [98.59, 98.46, 98.70, 98.83, 98.68, 98.69, 98.49, 98.60, 98.48, 98.19, 98.52]
2026-04-20 18:46:42,091 [INFO] After Task 11 | Current Domain-IL: 98.52%
2026-04-20 18:46:42,091 [INFO] === Task 12/20 | degree=99.0 | epochs=20 ===
2026-04-20 18:48:09,641 [INFO]   Epoch 10/20 | Loss: 2.3047
2026-04-20 18:49:56,772 [INFO]   Epoch 20/20 | Loss: 2.2530
2026-04-20 18:57:16,491 [INFO] After Task 12 | Domain accs: [98.59, 98.46, 98.70, 98.83, 98.68, 98.69, 98.49, 98.60, 98.48, 98.19, 98.52, 98.55]
2026-04-20 18:57:16,491 [INFO] After Task 12 | Current Domain-IL: 98.55%
2026-04-20 18:57:16,491 [INFO] === Task 13/20 | degree=108.0 | epochs=20 ===
2026-04-20 18:58:48,348 [INFO]   Epoch 10/20 | Loss: 2.3328
2026-04-20 19:00:35,330 [INFO]   Epoch 20/20 | Loss: 2.2814
2026-04-20 19:06:48,579 [INFO] After Task 13 | Domain accs: [98.59, 98.46, 98.70, 98.83, 98.68, 98.69, 98.49, 98.60, 98.48, 98.19, 98.52, 98.55, 98.56]
2026-04-20 19:06:48,579 [INFO] After Task 13 | Current Domain-IL: 98.56%
2026-04-20 19:06:48,579 [INFO] === Task 14/20 | degree=117.0 | epochs=20 ===
2026-04-20 19:08:38,389 [INFO]   Epoch 10/20 | Loss: 2.3827
2026-04-20 19:10:06,204 [INFO]   Epoch 20/20 | Loss: 2.3265
2026-04-20 19:17:31,480 [INFO] After Task 14 | Domain accs: [98.59, 98.46, 98.70, 98.83, 98.68, 98.69, 98.49, 98.60, 98.48, 98.19, 98.52, 98.55, 98.56, 98.59]
2026-04-20 19:17:31,480 [INFO] After Task 14 | Current Domain-IL: 98.59%
2026-04-20 19:17:31,480 [INFO] === Task 15/20 | degree=126.0 | epochs=20 ===
2026-04-20 19:19:09,193 [INFO]   Epoch 10/20 | Loss: 2.3995
2026-04-20 19:20:39,012 [INFO]   Epoch 20/20 | Loss: 2.3251
2026-04-20 19:28:49,540 [INFO] After Task 15 | Domain accs: [98.59, 98.46, 98.70, 98.83, 98.68, 98.69, 98.49, 98.60, 98.48, 98.19, 98.52, 98.55, 98.56, 98.59, 98.92]
2026-04-20 19:28:49,540 [INFO] After Task 15 | Current Domain-IL: 98.92%
2026-04-20 19:28:49,540 [INFO] === Task 16/20 | degree=135.0 | epochs=20 ===
2026-04-20 19:30:18,700 [INFO]   Epoch 10/20 | Loss: 2.3371
2026-04-20 19:31:48,841 [INFO]   Epoch 20/20 | Loss: 2.3369
2026-04-20 19:40:19,140 [INFO] After Task 16 | Domain accs: [98.59, 98.46, 98.70, 98.83, 98.68, 98.69, 98.49, 98.60, 98.48, 98.19, 98.52, 98.55, 98.56, 98.59, 98.92, 98.58]
2026-04-20 19:40:19,140 [INFO] After Task 16 | Current Domain-IL: 98.58%
2026-04-20 19:40:19,140 [INFO] === Task 17/20 | degree=144.0 | epochs=20 ===
2026-04-20 19:41:48,405 [INFO]   Epoch 10/20 | Loss: 2.3775
2026-04-20 19:43:21,448 [INFO]   Epoch 20/20 | Loss: 2.3411
2026-04-20 19:49:01,492 [INFO] After Task 17 | Domain accs: [98.59, 98.46, 98.70, 98.83, 98.68, 98.69, 98.49, 98.60, 98.48, 98.19, 98.52, 98.55, 98.56, 98.59, 98.92, 98.58, 98.42]
2026-04-20 19:49:01,492 [INFO] After Task 17 | Current Domain-IL: 98.42%
2026-04-20 19:49:01,492 [INFO] === Task 18/20 | degree=153.0 | epochs=20 ===
2026-04-20 19:50:30,131 [INFO]   Epoch 10/20 | Loss: 2.3575
2026-04-20 19:51:57,628 [INFO]   Epoch 20/20 | Loss: 2.3293
2026-04-20 19:54:45,451 [INFO] After Task 18 | Domain accs: [98.59, 98.46, 98.70, 98.83, 98.68, 98.69, 98.49, 98.60, 98.48, 98.19, 98.52, 98.55, 98.56, 98.59, 98.92, 98.58, 98.42, 97.94]
2026-04-20 19:54:45,451 [INFO] After Task 18 | Current Domain-IL: 97.94%
2026-04-20 19:54:45,451 [INFO] === Task 19/20 | degree=162.0 | epochs=20 ===
2026-04-20 19:56:12,273 [INFO]   Epoch 10/20 | Loss: 2.3860
2026-04-20 19:57:55,753 [INFO]   Epoch 20/20 | Loss: 2.3442
2026-04-20 20:01:59,017 [INFO] After Task 19 | Domain accs: [98.59, 98.46, 98.70, 98.83, 98.68, 98.69, 98.49, 98.60, 98.48, 98.19, 98.52, 98.55, 98.56, 98.59, 98.92, 98.58, 98.42, 97.94, 97.57]
2026-04-20 20:01:59,017 [INFO] After Task 19 | Current Domain-IL: 97.57%
2026-04-20 20:01:59,017 [INFO] === Task 20/20 | degree=171.0 | epochs=20 ===
2026-04-20 20:03:27,317 [INFO]   Epoch 10/20 | Loss: 2.3822
2026-04-20 20:05:16,040 [INFO]   Epoch 20/20 | Loss: 2.3524
2026-04-20 20:11:41,269 [INFO] After Task 20 | Domain accs: [98.59, 98.46, 98.70, 98.83, 98.68, 98.69, 98.49, 98.60, 98.48, 98.19, 98.52, 98.55, 98.56, 98.59, 98.92, 98.58, 98.42, 97.94, 97.57, 98.01]
2026-04-20 20:11:41,270 [INFO] After Task 20 | Current Domain-IL: 98.01%
2026-04-20 20:11:41,270 [INFO] ==================================================
2026-04-20 20:11:41,270 [INFO] >>>> FINAL DOMAIN-IL METRICS <<<<
2026-04-20 20:11:41,270 [INFO] Domain-IL Accuracy : 98.47%
2026-04-20 20:11:41,270 [INFO] Backward Transfer  : -0.4826
2026-04-20 20:11:41,270 [INFO] Forgetting Measure : 0.7432
2026-04-20 20:11:41,270 [INFO] ==================================================
2026-04-20 20:11:41,362 [INFO] Trial 4 done in 12595.1s
2026-04-20 20:11:41,370 [INFO] >>>> TRIAL 5/5 <<<<
2026-04-20 20:11:41,370 [INFO] Using device: cuda
2026-04-20 20:11:41,370 [INFO] R-MNIST degrees: [0, 9, 18, 27, 36, 45, 54, 63, 72, 81, 90, 99, 108, 117, 126, 135, 144, 153, 162, 171]
2026-04-20 20:11:42,216 [INFO] === Task 1/20 | degree=0.0 | epochs=100 ===
2026-04-20 20:13:15,245 [INFO]   Epoch 10/100 | Loss: 1.7829
2026-04-20 20:15:02,298 [INFO]   Epoch 20/100 | Loss: 1.7230
2026-04-20 20:16:47,302 [INFO]   Epoch 30/100 | Loss: 1.7245
2026-04-20 20:18:16,459 [INFO]   Epoch 40/100 | Loss: 1.6802
2026-04-20 20:19:52,929 [INFO]   Epoch 50/100 | Loss: 1.6982
2026-04-20 20:21:30,921 [INFO]   Epoch 60/100 | Loss: 1.6581
2026-04-20 20:23:07,147 [INFO]   Epoch 70/100 | Loss: 1.6844
2026-04-20 20:24:41,664 [INFO]   Epoch 80/100 | Loss: 1.6469
2026-04-20 20:26:14,236 [INFO]   Epoch 90/100 | Loss: 1.6763
2026-04-20 20:27:56,999 [INFO]   Epoch 100/100 | Loss: 1.6410
2026-04-20 20:34:24,857 [INFO] After Task 1 | Domain accs: [98.98]
2026-04-20 20:34:24,857 [INFO] After Task 1 | Current Domain-IL: 98.98%
2026-04-20 20:34:24,857 [INFO] === Task 2/20 | degree=9.0 | epochs=20 ===
2026-04-20 20:36:08,964 [INFO]   Epoch 10/20 | Loss: 1.7737
2026-04-20 20:37:40,690 [INFO]   Epoch 20/20 | Loss: 1.7230
2026-04-20 20:45:03,546 [INFO] After Task 2 | Domain accs: [98.98, 98.79]
2026-04-20 20:45:03,546 [INFO] After Task 2 | Current Domain-IL: 98.79%
2026-04-20 20:45:03,546 [INFO] === Task 3/20 | degree=18.0 | epochs=20 ===
2026-04-20 20:46:41,429 [INFO]   Epoch 10/20 | Loss: 1.8383
2026-04-20 20:48:15,883 [INFO]   Epoch 20/20 | Loss: 1.7908
2026-04-20 20:55:52,817 [INFO] After Task 3 | Domain accs: [98.98, 98.79, 98.81]
2026-04-20 20:55:52,830 [INFO] After Task 3 | Current Domain-IL: 98.81%
2026-04-20 20:55:52,830 [INFO] === Task 4/20 | degree=27.0 | epochs=20 ===
2026-04-20 20:57:26,948 [INFO]   Epoch 10/20 | Loss: 1.8988
2026-04-20 20:59:12,843 [INFO]   Epoch 20/20 | Loss: 1.8601
2026-04-20 21:05:45,281 [INFO] After Task 4 | Domain accs: [98.98, 98.79, 98.81, 98.81]
2026-04-20 21:05:45,281 [INFO] After Task 4 | Current Domain-IL: 98.81%
2026-04-20 21:05:45,281 [INFO] === Task 5/20 | degree=36.0 | epochs=20 ===
2026-04-20 21:07:24,385 [INFO]   Epoch 10/20 | Loss: 1.9565
2026-04-20 21:08:58,858 [INFO]   Epoch 20/20 | Loss: 1.9267
2026-04-20 21:16:37,435 [INFO] After Task 5 | Domain accs: [98.98, 98.79, 98.81, 98.81, 98.88]
2026-04-20 21:16:37,436 [INFO] After Task 5 | Current Domain-IL: 98.88%
2026-04-20 21:16:37,436 [INFO] === Task 6/20 | degree=45.0 | epochs=20 ===
2026-04-20 21:18:21,061 [INFO]   Epoch 10/20 | Loss: 2.0204
2026-04-20 21:19:49,638 [INFO]   Epoch 20/20 | Loss: 1.9741
2026-04-20 21:27:04,180 [INFO] After Task 6 | Domain accs: [98.98, 98.79, 98.81, 98.81, 98.88, 98.79]
2026-04-20 21:27:04,180 [INFO] After Task 6 | Current Domain-IL: 98.79%
2026-04-20 21:27:04,180 [INFO] === Task 7/20 | degree=54.0 | epochs=20 ===
2026-04-20 21:28:53,721 [INFO]   Epoch 10/20 | Loss: 2.0676
2026-04-20 21:30:21,111 [INFO]   Epoch 20/20 | Loss: 2.0349
2026-04-20 21:35:58,075 [INFO] After Task 7 | Domain accs: [98.98, 98.79, 98.81, 98.81, 98.88, 98.79, 98.54]
2026-04-20 21:35:58,075 [INFO] After Task 7 | Current Domain-IL: 98.54%
2026-04-20 21:35:58,075 [INFO] === Task 8/20 | degree=63.0 | epochs=20 ===
2026-04-20 21:37:39,788 [INFO]   Epoch 10/20 | Loss: 2.1099
2026-04-20 21:39:19,177 [INFO]   Epoch 20/20 | Loss: 2.0859
2026-04-20 21:42:24,854 [INFO] After Task 8 | Domain accs: [98.98, 98.79, 98.81, 98.81, 98.88, 98.79, 98.54, 98.70]
2026-04-20 21:42:24,855 [INFO] After Task 8 | Current Domain-IL: 98.70%
2026-04-20 21:42:24,855 [INFO] === Task 9/20 | degree=72.0 | epochs=20 ===
2026-04-20 21:44:13,654 [INFO]   Epoch 10/20 | Loss: 2.1636
2026-04-20 21:46:11,145 [INFO]   Epoch 20/20 | Loss: 2.1332
2026-04-20 21:51:05,148 [INFO] After Task 9 | Domain accs: [98.98, 98.79, 98.81, 98.81, 98.88, 98.79, 98.54, 98.70, 98.51]
2026-04-20 21:51:05,148 [INFO] After Task 9 | Current Domain-IL: 98.51%
2026-04-20 21:51:05,148 [INFO] === Task 10/20 | degree=81.0 | epochs=20 ===
2026-04-20 21:52:35,240 [INFO]   Epoch 10/20 | Loss: 2.2128
2026-04-20 21:54:32,363 [INFO]   Epoch 20/20 | Loss: 2.1699
2026-04-20 22:01:35,850 [INFO] After Task 10 | Domain accs: [98.98, 98.79, 98.81, 98.81, 98.88, 98.79, 98.54, 98.70, 98.51, 98.57]
2026-04-20 22:01:35,850 [INFO] After Task 10 | Current Domain-IL: 98.57%
2026-04-20 22:01:35,850 [INFO] === Task 11/20 | degree=90.0 | epochs=20 ===
2026-04-20 22:03:02,274 [INFO]   Epoch 10/20 | Loss: 2.2526
2026-04-20 22:04:46,315 [INFO]   Epoch 20/20 | Loss: 2.2026
2026-04-20 22:12:19,074 [INFO] After Task 11 | Domain accs: [98.98, 98.79, 98.81, 98.81, 98.88, 98.79, 98.54, 98.70, 98.51, 98.57, 98.63]
2026-04-20 22:12:19,074 [INFO] After Task 11 | Current Domain-IL: 98.63%
2026-04-20 22:12:19,074 [INFO] === Task 12/20 | degree=99.0 | epochs=20 ===
2026-04-20 22:13:47,193 [INFO]   Epoch 10/20 | Loss: 2.2956
2026-04-20 22:15:26,413 [INFO]   Epoch 20/20 | Loss: 2.2526
2026-04-20 22:23:15,777 [INFO] After Task 12 | Domain accs: [98.98, 98.79, 98.81, 98.81, 98.88, 98.79, 98.54, 98.70, 98.51, 98.57, 98.63, 98.26]
2026-04-20 22:23:15,779 [INFO] After Task 12 | Current Domain-IL: 98.26%
2026-04-20 22:23:15,779 [INFO] === Task 13/20 | degree=108.0 | epochs=20 ===
2026-04-20 22:24:50,111 [INFO]   Epoch 10/20 | Loss: 2.3570
2026-04-20 22:26:36,866 [INFO]   Epoch 20/20 | Loss: 2.2847
2026-04-20 22:33:30,027 [INFO] After Task 13 | Domain accs: [98.98, 98.79, 98.81, 98.81, 98.88, 98.79, 98.54, 98.70, 98.51, 98.57, 98.63, 98.26, 98.49]
2026-04-20 22:33:30,028 [INFO] After Task 13 | Current Domain-IL: 98.49%
2026-04-20 22:33:30,028 [INFO] === Task 14/20 | degree=117.0 | epochs=20 ===
2026-04-20 22:35:15,258 [INFO]   Epoch 10/20 | Loss: 2.3735
2026-04-20 22:36:44,172 [INFO]   Epoch 20/20 | Loss: 2.3315
2026-04-20 22:44:35,545 [INFO] After Task 14 | Domain accs: [98.98, 98.79, 98.81, 98.81, 98.88, 98.79, 98.54, 98.70, 98.51, 98.57, 98.63, 98.26, 98.49, 98.44]
2026-04-20 22:44:35,545 [INFO] After Task 14 | Current Domain-IL: 98.44%
2026-04-20 22:44:35,545 [INFO] === Task 15/20 | degree=126.0 | epochs=20 ===
2026-04-20 22:46:12,326 [INFO]   Epoch 10/20 | Loss: 2.3678
2026-04-20 22:47:44,641 [INFO]   Epoch 20/20 | Loss: 2.3140
2026-04-20 22:56:07,611 [INFO] After Task 15 | Domain accs: [98.98, 98.79, 98.81, 98.81, 98.88, 98.79, 98.54, 98.70, 98.51, 98.57, 98.63, 98.26, 98.49, 98.44, 98.49]
2026-04-20 22:56:07,611 [INFO] After Task 15 | Current Domain-IL: 98.49%
2026-04-20 22:56:07,611 [INFO] === Task 16/20 | degree=135.0 | epochs=20 ===
2026-04-20 22:57:34,885 [INFO]   Epoch 10/20 | Loss: 2.3602
2026-04-20 22:59:01,830 [INFO]   Epoch 20/20 | Loss: 2.3465
2026-04-20 23:03:57,490 [INFO] After Task 16 | Domain accs: [98.98, 98.79, 98.81, 98.81, 98.88, 98.79, 98.54, 98.70, 98.51, 98.57, 98.63, 98.26, 98.49, 98.44, 98.49, 98.51]
2026-04-20 23:03:57,490 [INFO] After Task 16 | Current Domain-IL: 98.51%
2026-04-20 23:03:57,490 [INFO] === Task 17/20 | degree=144.0 | epochs=20 ===
2026-04-20 23:05:19,965 [INFO]   Epoch 10/20 | Loss: 2.3733
2026-04-20 23:06:44,169 [INFO]   Epoch 20/20 | Loss: 2.3366
2026-04-20 23:11:37,386 [INFO] After Task 17 | Domain accs: [98.98, 98.79, 98.81, 98.81, 98.88, 98.79, 98.54, 98.70, 98.51, 98.57, 98.63, 98.26, 98.49, 98.44, 98.49, 98.51, 98.43]
2026-04-20 23:11:37,386 [INFO] After Task 17 | Current Domain-IL: 98.43%
2026-04-20 23:11:37,386 [INFO] === Task 18/20 | degree=153.0 | epochs=20 ===
2026-04-20 23:13:00,608 [INFO]   Epoch 10/20 | Loss: 2.4030
2026-04-20 23:14:23,776 [INFO]   Epoch 20/20 | Loss: 2.3270
2026-04-20 23:16:25,295 [INFO] After Task 18 | Domain accs: [98.98, 98.79, 98.81, 98.81, 98.88, 98.79, 98.54, 98.70, 98.51, 98.57, 98.63, 98.26, 98.49, 98.44, 98.49, 98.51, 98.43, 98.22]
2026-04-20 23:16:25,296 [INFO] After Task 18 | Current Domain-IL: 98.22%
2026-04-20 23:16:25,296 [INFO] === Task 19/20 | degree=162.0 | epochs=20 ===
2026-04-20 23:17:49,691 [INFO]   Epoch 10/20 | Loss: 2.3947
2026-04-20 23:19:12,517 [INFO]   Epoch 20/20 | Loss: 2.3166
2026-04-20 23:21:08,246 [INFO] After Task 19 | Domain accs: [98.98, 98.79, 98.81, 98.81, 98.88, 98.79, 98.54, 98.70, 98.51, 98.57, 98.63, 98.26, 98.49, 98.44, 98.49, 98.51, 98.43, 98.22, 98.21]
2026-04-20 23:21:08,246 [INFO] After Task 19 | Current Domain-IL: 98.21%
2026-04-20 23:21:08,246 [INFO] === Task 20/20 | degree=171.0 | epochs=20 ===
2026-04-20 23:22:32,764 [INFO]   Epoch 10/20 | Loss: 2.3918
2026-04-20 23:23:55,608 [INFO]   Epoch 20/20 | Loss: 2.3384
2026-04-20 23:25:54,179 [INFO] After Task 20 | Domain accs: [98.98, 98.79, 98.81, 98.81, 98.88, 98.79, 98.54, 98.70, 98.51, 98.57, 98.63, 98.26, 98.49, 98.44, 98.49, 98.51, 98.43, 98.22, 98.21, 98.09]
2026-04-20 23:25:54,179 [INFO] After Task 20 | Current Domain-IL: 98.09%
2026-04-20 23:25:54,179 [INFO] ==================================================
2026-04-20 23:25:54,179 [INFO] >>>> FINAL DOMAIN-IL METRICS <<<<
2026-04-20 23:25:54,180 [INFO] Domain-IL Accuracy : 98.56%
2026-04-20 23:25:54,180 [INFO] Backward Transfer  : -0.4921
2026-04-20 23:25:54,180 [INFO] Forgetting Measure : 0.5411
2026-04-20 23:25:54,180 [INFO] ==================================================
2026-04-20 23:25:54,270 [INFO] Trial 5 done in 11652.9s
2026-04-20 23:25:54,275 [INFO] ==================================================
2026-04-20 23:25:54,275 [INFO] >>>> SUMMARY <<<<
2026-04-20 23:25:54,275 [INFO] ==================================================
2026-04-20 23:25:54,275 [INFO] Domain-IL Accuracy : 98.50 ± 0.08
2026-04-20 23:25:54,275 [INFO] Backward Transfer  : -0.3945 ± 0.1678
2026-04-20 23:25:54,275 [INFO] Forgetting Measure : 0.5275 ± 0.1965
2026-04-20 23:25:54,275 [INFO] ==================================================
