2026-04-20 06:41:42,913 [INFO] ==================================================
2026-04-20 06:41:42,913 [INFO] >>>> R-MNIST DOMAIN-IL BENCHMARK <<<<
2026-04-20 06:41:42,913 [INFO] ==================================================
2026-04-20 06:41:42,913 [INFO]   lmbd            = 0.6
2026-04-20 06:41:42,913 [INFO]   trials          = 3
2026-04-20 06:41:42,913 [INFO]   t_contrast      = 0.07
2026-04-20 06:41:42,913 [INFO]   t_student       = 0.07
2026-04-20 06:41:42,913 [INFO]   t_teacher       = 0.07
2026-04-20 06:41:42,913 [INFO]   epochs_train    = 20
2026-04-20 06:41:42,913 [INFO]   epochs_eval     = 100
2026-04-20 06:41:42,913 [INFO]   alpha_lump      = 0.1
2026-04-20 06:41:42,913 [INFO]   buffer_size     = 500
2026-04-20 06:41:42,913 [INFO]   data_root       = ./data
2026-04-20 06:41:42,913 [INFO]   log_file        = None
2026-04-20 06:41:42,913 [INFO]   gpu             = 0
2026-04-20 06:41:42,913 [INFO] ==================================================
2026-04-20 06:41:42,913 [INFO] >>>> TRIAL 1/3 <<<<
2026-04-20 06:41:42,953 [INFO] Using device: cuda
2026-04-20 06:41:42,953 [INFO] R-MNIST degrees: [3.6, 12.8, 15.7, 69.0, 76.3, 78.8, 95.2, 98.1, 98.8, 102.2, 108.5, 116.3, 128.7, 140.1, 142.5, 149.9, 156.6, 160.5, 166.6, 173.5]
2026-04-20 06:41:43,640 [INFO] === Task 1/20 | degree=3.6 | epochs=100 ===
2026-04-20 06:42:51,706 [INFO]   Epoch 10/100 | Loss: 0.0507
2026-04-20 06:44:00,297 [INFO]   Epoch 20/100 | Loss: 0.0246
2026-04-20 06:45:08,627 [INFO]   Epoch 30/100 | Loss: 0.0351
2026-04-20 06:46:17,592 [INFO]   Epoch 40/100 | Loss: 0.0178
2026-04-20 06:47:25,925 [INFO]   Epoch 50/100 | Loss: 0.0301
2026-04-20 06:48:34,717 [INFO]   Epoch 60/100 | Loss: 0.0153
2026-04-20 06:49:42,415 [INFO]   Epoch 70/100 | Loss: 0.0255
2026-04-20 06:50:50,711 [INFO]   Epoch 80/100 | Loss: 0.0139
2026-04-20 06:51:58,634 [INFO]   Epoch 90/100 | Loss: 0.0264
2026-04-20 06:53:07,289 [INFO]   Epoch 100/100 | Loss: 0.0129
2026-04-20 06:53:15,926 [INFO] After Task 1 | Domain accs: [96.14]
2026-04-20 06:53:15,926 [INFO] After Task 1 | Avg Domain-IL: 96.14%
2026-04-20 06:53:15,926 [INFO] === Task 2/20 | degree=12.8 | epochs=20 ===
2026-04-20 06:54:25,158 [INFO]   Epoch 10/20 | Loss: 0.1174
2026-04-20 06:55:33,042 [INFO]   Epoch 20/20 | Loss: 0.1064
2026-04-20 06:55:51,263 [INFO] After Task 2 | Domain accs: [94.19, 93.03]
2026-04-20 06:55:51,263 [INFO] After Task 2 | Avg Domain-IL: 93.61%
2026-04-20 06:55:51,263 [INFO] === Task 3/20 | degree=15.7 | epochs=20 ===
2026-04-20 06:57:04,069 [INFO]   Epoch 10/20 | Loss: 0.1991
2026-04-20 06:58:15,983 [INFO]   Epoch 20/20 | Loss: 0.1541
2026-04-20 06:58:44,374 [INFO] After Task 3 | Domain accs: [95.08, 94.49, 93.59]
2026-04-20 06:58:44,374 [INFO] After Task 3 | Avg Domain-IL: 94.39%
2026-04-20 06:58:44,374 [INFO] === Task 4/20 | degree=69.0 | epochs=20 ===
2026-04-20 06:59:53,872 [INFO]   Epoch 10/20 | Loss: 0.2482
2026-04-20 07:01:11,696 [INFO]   Epoch 20/20 | Loss: 0.2517
2026-04-20 07:02:32,196 [INFO] After Task 4 | Domain accs: [77.32, 77.88, 79.44, 77.49]
2026-04-20 07:02:32,196 [INFO] After Task 4 | Avg Domain-IL: 78.03%
2026-04-20 07:02:32,196 [INFO] === Task 5/20 | degree=76.3 | epochs=20 ===
2026-04-20 07:03:52,864 [INFO]   Epoch 10/20 | Loss: 0.3407
2026-04-20 07:05:19,668 [INFO]   Epoch 20/20 | Loss: 0.2545
2026-04-20 07:06:48,957 [INFO] After Task 5 | Domain accs: [77.23, 75.75, 77.04, 77.52, 75.31]
2026-04-20 07:06:48,958 [INFO] After Task 5 | Avg Domain-IL: 76.57%
2026-04-20 07:06:48,958 [INFO] === Task 6/20 | degree=78.8 | epochs=20 ===
2026-04-20 07:08:12,785 [INFO]   Epoch 10/20 | Loss: 0.2965
2026-04-20 07:09:34,507 [INFO]   Epoch 20/20 | Loss: 0.2867
2026-04-20 07:11:20,481 [INFO] After Task 6 | Domain accs: [74.88, 76.45, 76.94, 79.96, 80.03, 79.97]
2026-04-20 07:11:20,481 [INFO] After Task 6 | Avg Domain-IL: 78.04%
2026-04-20 07:11:20,481 [INFO] === Task 7/20 | degree=95.2 | epochs=20 ===
