2026-04-20 13:09:08,281 [INFO] ==================================================
2026-04-20 13:09:08,281 [INFO] >>>> R-MNIST DOMAIN-IL BENCHMARK <<<<
2026-04-20 13:09:08,281 [INFO] ==================================================
2026-04-20 13:09:08,281 [INFO]   lmbd            = 1.5
2026-04-20 13:09:08,281 [INFO]   trials          = 5
2026-04-20 13:09:08,281 [INFO]   t_contrast      = 0.2
2026-04-20 13:09:08,281 [INFO]   t_student       = 0.07
2026-04-20 13:09:08,281 [INFO]   t_teacher       = 0.01
2026-04-20 13:09:08,282 [INFO]   epochs_train    = 20
2026-04-20 13:09:08,282 [INFO]   epochs_eval     = 100
2026-04-20 13:09:08,282 [INFO]   alpha_lump      = 0.1
2026-04-20 13:09:08,282 [INFO]   buffer_size     = 500
2026-04-20 13:09:08,282 [INFO]   data_root       = ./data
2026-04-20 13:09:08,282 [INFO]   log_file        = None
2026-04-20 13:09:08,282 [INFO]   gpu             = 0
2026-04-20 13:09:08,282 [INFO] ==================================================
2026-04-20 13:09:08,282 [INFO] >>>> TRIAL 1/5 <<<<
2026-04-20 13:09:08,326 [INFO] Using device: cuda
2026-04-20 13:09:08,326 [INFO] R-MNIST degrees: [0, 9, 18, 27, 36, 45, 54, 63, 72, 81, 90, 99, 108, 117, 126, 135, 144, 153, 162, 171]
2026-04-20 13:09:08,997 [INFO] === Task 1/20 | degree=0.0 | epochs=100 ===
2026-04-20 13:10:00,840 [INFO]   Epoch 10/100 | Loss: 1.7810
2026-04-20 13:10:52,570 [INFO]   Epoch 20/100 | Loss: 1.7227
2026-04-20 13:11:44,154 [INFO]   Epoch 30/100 | Loss: 1.7231
2026-04-20 13:12:35,773 [INFO]   Epoch 40/100 | Loss: 1.6784
2026-04-20 13:13:27,303 [INFO]   Epoch 50/100 | Loss: 1.6985
2026-04-20 13:14:18,867 [INFO]   Epoch 60/100 | Loss: 1.6578
2026-04-20 13:15:10,634 [INFO]   Epoch 70/100 | Loss: 1.6852
2026-04-20 13:16:02,640 [INFO]   Epoch 80/100 | Loss: 1.6465
2026-04-20 13:16:54,554 [INFO]   Epoch 90/100 | Loss: 1.6751
2026-04-20 13:17:46,703 [INFO]   Epoch 100/100 | Loss: 1.6416
2026-04-20 13:17:58,992 [INFO] After Task 1 | Domain accs: [98.78]
2026-04-20 13:17:58,992 [INFO] After Task 1 | Avg Domain-IL: 98.78%
2026-04-20 13:17:58,992 [INFO] === Task 2/20 | degree=9.0 | epochs=20 ===
2026-04-20 13:18:57,467 [INFO]   Epoch 10/20 | Loss: 1.7893
2026-04-20 13:19:52,626 [INFO]   Epoch 20/20 | Loss: 1.7455
2026-04-20 13:20:05,551 [INFO] After Task 2 | Domain accs: [98.78, 98.53]
2026-04-20 13:20:05,551 [INFO] After Task 2 | Avg Domain-IL: 98.53%
2026-04-20 13:20:05,551 [INFO] === Task 3/20 | degree=18.0 | epochs=20 ===
2026-04-20 13:21:04,699 [INFO]   Epoch 10/20 | Loss: 1.8491
2026-04-20 13:22:01,178 [INFO]   Epoch 20/20 | Loss: 1.8093
2026-04-20 13:22:17,042 [INFO] After Task 3 | Domain accs: [98.78, 98.53, 98.51]
2026-04-20 13:22:17,042 [INFO] After Task 3 | Avg Domain-IL: 98.51%
2026-04-20 13:22:17,042 [INFO] === Task 4/20 | degree=27.0 | epochs=20 ===
2026-04-20 13:23:19,640 [INFO]   Epoch 10/20 | Loss: 1.9193
2026-04-20 13:24:16,483 [INFO]   Epoch 20/20 | Loss: 1.8686
2026-04-20 13:24:33,526 [INFO] After Task 4 | Domain accs: [98.78, 98.53, 98.51, 98.63]
2026-04-20 13:24:33,526 [INFO] After Task 4 | Avg Domain-IL: 98.63%
2026-04-20 13:24:33,526 [INFO] === Task 5/20 | degree=36.0 | epochs=20 ===
2026-04-20 13:25:36,373 [INFO]   Epoch 10/20 | Loss: 1.9838
2026-04-20 13:26:33,088 [INFO]   Epoch 20/20 | Loss: 1.9497
2026-04-20 13:26:50,308 [INFO] After Task 5 | Domain accs: [98.78, 98.53, 98.51, 98.63, 98.70]
2026-04-20 13:26:50,308 [INFO] After Task 5 | Avg Domain-IL: 98.70%
2026-04-20 13:26:50,308 [INFO] === Task 6/20 | degree=45.0 | epochs=20 ===
2026-04-20 13:27:53,171 [INFO]   Epoch 10/20 | Loss: 2.0468
2026-04-20 13:28:49,662 [INFO]   Epoch 20/20 | Loss: 1.9996
2026-04-20 13:29:07,286 [INFO] After Task 6 | Domain accs: [98.78, 98.53, 98.51, 98.63, 98.70, 98.38]
2026-04-20 13:29:07,286 [INFO] After Task 6 | Avg Domain-IL: 98.38%
2026-04-20 13:29:07,286 [INFO] === Task 7/20 | degree=54.0 | epochs=20 ===
2026-04-20 13:30:09,532 [INFO]   Epoch 10/20 | Loss: 2.0830
2026-04-20 13:31:12,484 [INFO]   Epoch 20/20 | Loss: 2.0621
2026-04-20 13:31:30,632 [INFO] After Task 7 | Domain accs: [98.78, 98.53, 98.51, 98.63, 98.70, 98.38, 98.56]
2026-04-20 13:31:30,632 [INFO] After Task 7 | Avg Domain-IL: 98.56%
2026-04-20 13:31:30,632 [INFO] === Task 8/20 | degree=63.0 | epochs=20 ===
2026-04-20 13:32:33,528 [INFO]   Epoch 10/20 | Loss: 2.1363
2026-04-20 13:33:36,887 [INFO]   Epoch 20/20 | Loss: 2.1111
2026-04-20 13:33:55,935 [INFO] After Task 8 | Domain accs: [98.78, 98.53, 98.51, 98.63, 98.70, 98.38, 98.56, 98.67]
2026-04-20 13:33:55,935 [INFO] After Task 8 | Avg Domain-IL: 98.67%
2026-04-20 13:33:55,935 [INFO] === Task 9/20 | degree=72.0 | epochs=20 ===
2026-04-20 13:35:02,100 [INFO]   Epoch 10/20 | Loss: 2.1871
2026-04-20 13:36:06,581 [INFO]   Epoch 20/20 | Loss: 2.1551
2026-04-20 13:36:25,273 [INFO] After Task 9 | Domain accs: [98.78, 98.53, 98.51, 98.63, 98.70, 98.38, 98.56, 98.67, 98.61]
2026-04-20 13:36:25,273 [INFO] After Task 9 | Avg Domain-IL: 98.61%
2026-04-20 13:36:25,273 [INFO] === Task 10/20 | degree=81.0 | epochs=20 ===
2026-04-20 13:37:28,360 [INFO]   Epoch 10/20 | Loss: 2.2242
2026-04-20 13:38:31,495 [INFO]   Epoch 20/20 | Loss: 2.2000
2026-04-20 13:38:51,693 [INFO] After Task 10 | Domain accs: [98.78, 98.53, 98.51, 98.63, 98.70, 98.38, 98.56, 98.67, 98.61, 98.33]
2026-04-20 13:38:51,693 [INFO] After Task 10 | Avg Domain-IL: 98.33%
2026-04-20 13:38:51,693 [INFO] === Task 11/20 | degree=90.0 | epochs=20 ===
2026-04-20 13:39:52,588 [INFO]   Epoch 10/20 | Loss: 2.2614
2026-04-20 13:40:53,150 [INFO]   Epoch 20/20 | Loss: 2.2393
2026-04-20 13:41:11,941 [INFO] After Task 11 | Domain accs: [98.78, 98.53, 98.51, 98.63, 98.70, 98.38, 98.56, 98.67, 98.61, 98.33, 98.41]
2026-04-20 13:41:11,941 [INFO] After Task 11 | Avg Domain-IL: 98.41%
2026-04-20 13:41:11,941 [INFO] === Task 12/20 | degree=99.0 | epochs=20 ===
2026-04-20 13:42:13,701 [INFO]   Epoch 10/20 | Loss: 2.3190
2026-04-20 13:43:15,725 [INFO]   Epoch 20/20 | Loss: 2.2894
2026-04-20 13:43:35,194 [INFO] After Task 12 | Domain accs: [98.78, 98.53, 98.51, 98.63, 98.70, 98.38, 98.56, 98.67, 98.61, 98.33, 98.41, 98.38]
2026-04-20 13:43:35,194 [INFO] After Task 12 | Avg Domain-IL: 98.38%
2026-04-20 13:43:35,194 [INFO] === Task 13/20 | degree=108.0 | epochs=20 ===
2026-04-20 13:44:37,532 [INFO]   Epoch 10/20 | Loss: 2.3718
2026-04-20 13:45:40,025 [INFO]   Epoch 20/20 | Loss: 2.3137
2026-04-20 13:46:01,013 [INFO] After Task 13 | Domain accs: [98.78, 98.53, 98.51, 98.63, 98.70, 98.38, 98.56, 98.67, 98.61, 98.33, 98.41, 98.38, 98.21]
2026-04-20 13:46:01,013 [INFO] After Task 13 | Avg Domain-IL: 98.21%
2026-04-20 13:46:01,013 [INFO] === Task 14/20 | degree=117.0 | epochs=20 ===
2026-04-20 13:47:03,262 [INFO]   Epoch 10/20 | Loss: 2.3979
2026-04-20 13:48:05,509 [INFO]   Epoch 20/20 | Loss: 2.3513
2026-04-20 13:48:26,363 [INFO] After Task 14 | Domain accs: [98.78, 98.53, 98.51, 98.63, 98.70, 98.38, 98.56, 98.67, 98.61, 98.33, 98.41, 98.38, 98.21, 98.22]
2026-04-20 13:48:26,363 [INFO] After Task 14 | Avg Domain-IL: 98.22%
2026-04-20 13:48:26,363 [INFO] === Task 15/20 | degree=126.0 | epochs=20 ===
2026-04-20 13:49:28,656 [INFO]   Epoch 10/20 | Loss: 2.4076
2026-04-20 13:50:30,826 [INFO]   Epoch 20/20 | Loss: 2.3704
2026-04-20 13:50:52,017 [INFO] After Task 15 | Domain accs: [98.78, 98.53, 98.51, 98.63, 98.70, 98.38, 98.56, 98.67, 98.61, 98.33, 98.41, 98.38, 98.21, 98.22, 98.19]
2026-04-20 13:50:52,017 [INFO] After Task 15 | Avg Domain-IL: 98.19%
2026-04-20 13:50:52,018 [INFO] === Task 16/20 | degree=135.0 | epochs=20 ===
2026-04-20 13:51:52,887 [INFO]   Epoch 10/20 | Loss: 2.3948
2026-04-20 13:52:56,081 [INFO]   Epoch 20/20 | Loss: 2.3508
2026-04-20 13:53:17,427 [INFO] After Task 16 | Domain accs: [98.78, 98.53, 98.51, 98.63, 98.70, 98.38, 98.56, 98.67, 98.61, 98.33, 98.41, 98.38, 98.21, 98.22, 98.19, 98.28]
2026-04-20 13:53:17,427 [INFO] After Task 16 | Avg Domain-IL: 98.28%
2026-04-20 13:53:17,427 [INFO] === Task 17/20 | degree=144.0 | epochs=20 ===
2026-04-20 13:54:15,665 [INFO]   Epoch 10/20 | Loss: 2.4151
2026-04-20 13:55:21,848 [INFO]   Epoch 20/20 | Loss: 2.3477
2026-04-20 13:55:43,873 [INFO] After Task 17 | Domain accs: [98.78, 98.53, 98.51, 98.63, 98.70, 98.38, 98.56, 98.67, 98.61, 98.33, 98.41, 98.38, 98.21, 98.22, 98.19, 98.28, 98.17]
2026-04-20 13:55:43,873 [INFO] After Task 17 | Avg Domain-IL: 98.17%
2026-04-20 13:55:43,873 [INFO] === Task 18/20 | degree=153.0 | epochs=20 ===
2026-04-20 13:56:39,786 [INFO]   Epoch 10/20 | Loss: 2.4066
2026-04-20 13:57:48,562 [INFO]   Epoch 20/20 | Loss: 2.3601
2026-04-20 13:58:11,123 [INFO] After Task 18 | Domain accs: [98.78, 98.53, 98.51, 98.63, 98.70, 98.38, 98.56, 98.67, 98.61, 98.33, 98.41, 98.38, 98.21, 98.22, 98.19, 98.28, 98.17, 98.16]
2026-04-20 13:58:11,124 [INFO] After Task 18 | Avg Domain-IL: 98.16%
2026-04-20 13:58:11,124 [INFO] === Task 19/20 | degree=162.0 | epochs=20 ===
2026-04-20 13:59:06,566 [INFO]   Epoch 10/20 | Loss: 2.4000
2026-04-20 14:00:14,895 [INFO]   Epoch 20/20 | Loss: 2.3633
2026-04-20 14:00:37,976 [INFO] After Task 19 | Domain accs: [98.78, 98.53, 98.51, 98.63, 98.70, 98.38, 98.56, 98.67, 98.61, 98.33, 98.41, 98.38, 98.21, 98.22, 98.19, 98.28, 98.17, 98.16, 98.17]
2026-04-20 14:00:37,977 [INFO] After Task 19 | Avg Domain-IL: 98.17%
2026-04-20 14:00:37,977 [INFO] === Task 20/20 | degree=171.0 | epochs=20 ===
2026-04-20 14:01:33,766 [INFO]   Epoch 10/20 | Loss: 2.4203
2026-04-20 14:02:40,888 [INFO]   Epoch 20/20 | Loss: 2.3626
2026-04-20 14:03:04,036 [INFO] After Task 20 | Domain accs: [98.78, 98.53, 98.51, 98.63, 98.70, 98.38, 98.56, 98.67, 98.61, 98.33, 98.41, 98.38, 98.21, 98.22, 98.19, 98.28, 98.17, 98.16, 98.17, 97.98]
2026-04-20 14:03:04,036 [INFO] After Task 20 | Avg Domain-IL: 97.98%
2026-04-20 14:03:04,036 [INFO] ==================================================
2026-04-20 14:03:04,036 [INFO] >>>> FINAL DOMAIN-IL METRICS <<<<
2026-04-20 14:03:04,036 [INFO] Domain-IL Accuracy : 98.39%
2026-04-20 14:03:04,036 [INFO] Backward Transfer  : -0.4353
2026-04-20 14:03:04,036 [INFO] Forgetting Measure : 0.4953
2026-04-20 14:03:04,036 [INFO] ==================================================
2026-04-20 14:03:04,085 [INFO] Trial 1 done in 3235.8s
2026-04-20 14:03:04,088 [INFO] >>>> TRIAL 2/5 <<<<
2026-04-20 14:03:04,088 [INFO] Using device: cuda
2026-04-20 14:03:04,088 [INFO] R-MNIST degrees: [0, 9, 18, 27, 36, 45, 54, 63, 72, 81, 90, 99, 108, 117, 126, 135, 144, 153, 162, 171]
2026-04-20 14:03:04,568 [INFO] === Task 1/20 | degree=0.0 | epochs=100 ===
2026-04-20 14:03:57,615 [INFO]   Epoch 10/100 | Loss: 1.7854
2026-04-20 14:05:02,088 [INFO]   Epoch 20/100 | Loss: 1.7262
2026-04-20 14:05:55,042 [INFO]   Epoch 30/100 | Loss: 1.7267
2026-04-20 14:06:53,785 [INFO]   Epoch 40/100 | Loss: 1.6840
2026-04-20 14:07:46,666 [INFO]   Epoch 50/100 | Loss: 1.7001
2026-04-20 14:08:39,729 [INFO]   Epoch 60/100 | Loss: 1.6609
2026-04-20 14:09:38,622 [INFO]   Epoch 70/100 | Loss: 1.6860
2026-04-20 14:10:31,423 [INFO]   Epoch 80/100 | Loss: 1.6497
2026-04-20 14:11:30,411 [INFO]   Epoch 90/100 | Loss: 1.6776
2026-04-20 14:12:23,731 [INFO]   Epoch 100/100 | Loss: 1.6429
2026-04-20 14:12:38,171 [INFO] After Task 1 | Domain accs: [99.08]
2026-04-20 14:12:38,171 [INFO] After Task 1 | Avg Domain-IL: 99.08%
2026-04-20 14:12:38,171 [INFO] === Task 2/20 | degree=9.0 | epochs=20 ===
2026-04-20 14:13:37,063 [INFO]   Epoch 10/20 | Loss: 1.7611
2026-04-20 14:14:41,844 [INFO]   Epoch 20/20 | Loss: 1.7257
2026-04-20 14:14:57,262 [INFO] After Task 2 | Domain accs: [99.08, 98.94]
2026-04-20 14:14:57,263 [INFO] After Task 2 | Avg Domain-IL: 98.94%
2026-04-20 14:14:57,263 [INFO] === Task 3/20 | degree=18.0 | epochs=20 ===
2026-04-20 14:15:52,878 [INFO]   Epoch 10/20 | Loss: 1.8514
2026-04-20 14:17:01,306 [INFO]   Epoch 20/20 | Loss: 1.8049
2026-04-20 14:17:16,876 [INFO] After Task 3 | Domain accs: [99.08, 98.94, 98.98]
2026-04-20 14:17:16,877 [INFO] After Task 3 | Avg Domain-IL: 98.98%
2026-04-20 14:17:16,877 [INFO] === Task 4/20 | degree=27.0 | epochs=20 ===
2026-04-20 14:18:12,458 [INFO]   Epoch 10/20 | Loss: 1.9163
2026-04-20 14:19:13,881 [INFO]   Epoch 20/20 | Loss: 1.8762
2026-04-20 14:19:29,482 [INFO] After Task 4 | Domain accs: [99.08, 98.94, 98.98, 98.86]
2026-04-20 14:19:29,482 [INFO] After Task 4 | Avg Domain-IL: 98.86%
2026-04-20 14:19:29,482 [INFO] === Task 5/20 | degree=36.0 | epochs=20 ===
2026-04-20 14:20:24,772 [INFO]   Epoch 10/20 | Loss: 2.0231
2026-04-20 14:21:26,205 [INFO]   Epoch 20/20 | Loss: 1.9364
2026-04-20 14:21:42,694 [INFO] After Task 5 | Domain accs: [99.08, 98.94, 98.98, 98.86, 98.86]
2026-04-20 14:21:42,694 [INFO] After Task 5 | Avg Domain-IL: 98.86%
2026-04-20 14:21:42,695 [INFO] === Task 6/20 | degree=45.0 | epochs=20 ===
2026-04-20 14:22:39,838 [INFO]   Epoch 10/20 | Loss: 2.0385
2026-04-20 14:23:41,914 [INFO]   Epoch 20/20 | Loss: 2.0085
2026-04-20 14:23:59,340 [INFO] After Task 6 | Domain accs: [99.08, 98.94, 98.98, 98.86, 98.86, 98.81]
2026-04-20 14:23:59,341 [INFO] After Task 6 | Avg Domain-IL: 98.81%
2026-04-20 14:23:59,341 [INFO] === Task 7/20 | degree=54.0 | epochs=20 ===
2026-04-20 14:24:55,628 [INFO]   Epoch 10/20 | Loss: 2.0799
2026-04-20 14:25:57,960 [INFO]   Epoch 20/20 | Loss: 2.0630
2026-04-20 14:26:15,979 [INFO] After Task 7 | Domain accs: [99.08, 98.94, 98.98, 98.86, 98.86, 98.81, 98.78]
2026-04-20 14:26:15,980 [INFO] After Task 7 | Avg Domain-IL: 98.78%
2026-04-20 14:26:15,980 [INFO] === Task 8/20 | degree=63.0 | epochs=20 ===
2026-04-20 14:27:18,279 [INFO]   Epoch 10/20 | Loss: 2.1538
2026-04-20 14:28:20,852 [INFO]   Epoch 20/20 | Loss: 2.1081
2026-04-20 14:28:38,916 [INFO] After Task 8 | Domain accs: [99.08, 98.94, 98.98, 98.86, 98.86, 98.81, 98.78, 98.61]
2026-04-20 14:28:38,916 [INFO] After Task 8 | Avg Domain-IL: 98.61%
2026-04-20 14:28:38,916 [INFO] === Task 9/20 | degree=72.0 | epochs=20 ===
2026-04-20 14:29:41,738 [INFO]   Epoch 10/20 | Loss: 2.1839
2026-04-20 14:30:44,799 [INFO]   Epoch 20/20 | Loss: 2.1516
2026-04-20 14:31:04,178 [INFO] After Task 9 | Domain accs: [99.08, 98.94, 98.98, 98.86, 98.86, 98.81, 98.78, 98.61, 98.46]
2026-04-20 14:31:04,178 [INFO] After Task 9 | Avg Domain-IL: 98.46%
2026-04-20 14:31:04,178 [INFO] === Task 10/20 | degree=81.0 | epochs=20 ===
2026-04-20 14:32:07,830 [INFO]   Epoch 10/20 | Loss: 2.2228
2026-04-20 14:33:10,470 [INFO]   Epoch 20/20 | Loss: 2.2120
2026-04-20 14:33:29,552 [INFO] After Task 10 | Domain accs: [99.08, 98.94, 98.98, 98.86, 98.86, 98.81, 98.78, 98.61, 98.46, 98.49]
2026-04-20 14:33:29,552 [INFO] After Task 10 | Avg Domain-IL: 98.49%
2026-04-20 14:33:29,552 [INFO] === Task 11/20 | degree=90.0 | epochs=20 ===
2026-04-20 14:34:30,794 [INFO]   Epoch 10/20 | Loss: 2.3067
2026-04-20 14:35:31,813 [INFO]   Epoch 20/20 | Loss: 2.2427
2026-04-20 14:35:51,749 [INFO] After Task 11 | Domain accs: [99.08, 98.94, 98.98, 98.86, 98.86, 98.81, 98.78, 98.61, 98.46, 98.49, 98.40]
2026-04-20 14:35:51,749 [INFO] After Task 11 | Avg Domain-IL: 98.40%
2026-04-20 14:35:51,749 [INFO] === Task 12/20 | degree=99.0 | epochs=20 ===
2026-04-20 14:36:55,485 [INFO]   Epoch 10/20 | Loss: 2.3755
2026-04-20 14:37:58,607 [INFO]   Epoch 20/20 | Loss: 2.2811
2026-04-20 14:38:19,208 [INFO] After Task 12 | Domain accs: [99.08, 98.94, 98.98, 98.86, 98.86, 98.81, 98.78, 98.61, 98.46, 98.49, 98.40, 98.05]
2026-04-20 14:38:19,208 [INFO] After Task 12 | Avg Domain-IL: 98.05%
2026-04-20 14:38:19,208 [INFO] === Task 13/20 | degree=108.0 | epochs=20 ===
2026-04-20 14:39:21,528 [INFO]   Epoch 10/20 | Loss: 2.3644
2026-04-20 14:40:24,570 [INFO]   Epoch 20/20 | Loss: 2.3129
2026-04-20 14:40:47,509 [INFO] After Task 13 | Domain accs: [99.08, 98.94, 98.98, 98.86, 98.86, 98.81, 98.78, 98.61, 98.46, 98.49, 98.40, 98.05, 97.96]
2026-04-20 14:40:47,509 [INFO] After Task 13 | Avg Domain-IL: 97.96%
2026-04-20 14:40:47,509 [INFO] === Task 14/20 | degree=117.0 | epochs=20 ===
2026-04-20 14:41:48,690 [INFO]   Epoch 10/20 | Loss: 2.3883
2026-04-20 14:42:52,117 [INFO]   Epoch 20/20 | Loss: 2.3569
2026-04-20 14:43:18,209 [INFO] After Task 14 | Domain accs: [99.08, 98.94, 98.98, 98.86, 98.86, 98.81, 98.78, 98.61, 98.46, 98.49, 98.40, 98.05, 97.96, 98.35]
2026-04-20 14:43:18,209 [INFO] After Task 14 | Avg Domain-IL: 98.35%
2026-04-20 14:43:18,209 [INFO] === Task 15/20 | degree=126.0 | epochs=20 ===
2026-04-20 14:44:16,704 [INFO]   Epoch 10/20 | Loss: 2.3849
2026-04-20 14:45:19,335 [INFO]   Epoch 20/20 | Loss: 2.3512
2026-04-20 14:45:48,869 [INFO] After Task 15 | Domain accs: [99.08, 98.94, 98.98, 98.86, 98.86, 98.81, 98.78, 98.61, 98.46, 98.49, 98.40, 98.05, 97.96, 98.35, 98.27]
2026-04-20 14:45:48,869 [INFO] After Task 15 | Avg Domain-IL: 98.27%
2026-04-20 14:45:48,869 [INFO] === Task 16/20 | degree=135.0 | epochs=20 ===
2026-04-20 14:46:45,544 [INFO]   Epoch 10/20 | Loss: 2.3765
2026-04-20 14:47:49,310 [INFO]   Epoch 20/20 | Loss: 2.3461
2026-04-20 14:48:40,554 [INFO] After Task 16 | Domain accs: [99.08, 98.94, 98.98, 98.86, 98.86, 98.81, 98.78, 98.61, 98.46, 98.49, 98.40, 98.05, 97.96, 98.35, 98.27, 98.57]
2026-04-20 14:48:40,555 [INFO] After Task 16 | Avg Domain-IL: 98.57%
2026-04-20 14:48:40,555 [INFO] === Task 17/20 | degree=144.0 | epochs=20 ===
2026-04-20 14:49:37,165 [INFO]   Epoch 10/20 | Loss: 2.3785
2026-04-20 14:50:40,509 [INFO]   Epoch 20/20 | Loss: 2.3658
2026-04-20 14:52:07,346 [INFO] After Task 17 | Domain accs: [99.08, 98.94, 98.98, 98.86, 98.86, 98.81, 98.78, 98.61, 98.46, 98.49, 98.40, 98.05, 97.96, 98.35, 98.27, 98.57, 98.08]
2026-04-20 14:52:07,346 [INFO] After Task 17 | Avg Domain-IL: 98.08%
2026-04-20 14:52:07,346 [INFO] === Task 18/20 | degree=153.0 | epochs=20 ===
2026-04-20 14:53:07,784 [INFO]   Epoch 10/20 | Loss: 2.3943
2026-04-20 14:54:22,775 [INFO]   Epoch 20/20 | Loss: 2.3584
2026-04-20 14:54:45,430 [INFO] After Task 18 | Domain accs: [99.08, 98.94, 98.98, 98.86, 98.86, 98.81, 98.78, 98.61, 98.46, 98.49, 98.40, 98.05, 97.96, 98.35, 98.27, 98.57, 98.08, 97.95]
2026-04-20 14:54:45,430 [INFO] After Task 18 | Avg Domain-IL: 97.95%
2026-04-20 14:54:45,430 [INFO] === Task 19/20 | degree=162.0 | epochs=20 ===
2026-04-20 14:55:41,940 [INFO]   Epoch 10/20 | Loss: 2.4362
2026-04-20 14:56:51,525 [INFO]   Epoch 20/20 | Loss: 2.3707
2026-04-20 14:57:15,207 [INFO] After Task 19 | Domain accs: [99.08, 98.94, 98.98, 98.86, 98.86, 98.81, 98.78, 98.61, 98.46, 98.49, 98.40, 98.05, 97.96, 98.35, 98.27, 98.57, 98.08, 97.95, 97.73]
2026-04-20 14:57:15,207 [INFO] After Task 19 | Avg Domain-IL: 97.73%
2026-04-20 14:57:15,207 [INFO] === Task 20/20 | degree=171.0 | epochs=20 ===
2026-04-20 14:58:15,828 [INFO]   Epoch 10/20 | Loss: 2.3989
2026-04-20 14:59:27,899 [INFO]   Epoch 20/20 | Loss: 2.3749
2026-04-20 14:59:57,830 [INFO] After Task 20 | Domain accs: [99.08, 98.94, 98.98, 98.86, 98.86, 98.81, 98.78, 98.61, 98.46, 98.49, 98.40, 98.05, 97.96, 98.35, 98.27, 98.57, 98.08, 97.95, 97.73, 98.09]
2026-04-20 14:59:57,830 [INFO] After Task 20 | Avg Domain-IL: 98.09%
2026-04-20 14:59:57,831 [INFO] ==================================================
2026-04-20 14:59:57,831 [INFO] >>>> FINAL DOMAIN-IL METRICS <<<<
2026-04-20 14:59:57,831 [INFO] Domain-IL Accuracy : 98.47%
2026-04-20 14:59:57,831 [INFO] Backward Transfer  : -0.3958
2026-04-20 14:59:57,831 [INFO] Forgetting Measure : 0.5037
2026-04-20 14:59:57,831 [INFO] ==================================================
2026-04-20 14:59:57,901 [INFO] Trial 2 done in 3413.8s
2026-04-20 14:59:57,905 [INFO] >>>> TRIAL 3/5 <<<<
2026-04-20 14:59:57,905 [INFO] Using device: cuda
2026-04-20 14:59:57,905 [INFO] R-MNIST degrees: [0, 9, 18, 27, 36, 45, 54, 63, 72, 81, 90, 99, 108, 117, 126, 135, 144, 153, 162, 171]
2026-04-20 14:59:58,425 [INFO] === Task 1/20 | degree=0.0 | epochs=100 ===
2026-04-20 15:00:53,619 [INFO]   Epoch 10/100 | Loss: 1.7830
2026-04-20 15:02:01,100 [INFO]   Epoch 20/100 | Loss: 1.7252
2026-04-20 15:02:56,173 [INFO]   Epoch 30/100 | Loss: 1.7254
2026-04-20 15:03:51,606 [INFO]   Epoch 40/100 | Loss: 1.6835
2026-04-20 15:04:51,670 [INFO]   Epoch 50/100 | Loss: 1.7025
2026-04-20 15:05:46,075 [INFO]   Epoch 60/100 | Loss: 1.6616
2026-04-20 15:06:46,705 [INFO]   Epoch 70/100 | Loss: 1.6875
2026-04-20 15:07:41,822 [INFO]   Epoch 80/100 | Loss: 1.6499
2026-04-20 15:08:40,063 [INFO]   Epoch 90/100 | Loss: 1.6789
2026-04-20 15:09:37,829 [INFO]   Epoch 100/100 | Loss: 1.6429
2026-04-20 15:09:53,634 [INFO] After Task 1 | Domain accs: [98.82]
2026-04-20 15:09:53,634 [INFO] After Task 1 | Avg Domain-IL: 98.82%
2026-04-20 15:09:53,634 [INFO] === Task 2/20 | degree=9.0 | epochs=20 ===
2026-04-20 15:10:51,591 [INFO]   Epoch 10/20 | Loss: 1.7619
2026-04-20 15:12:22,352 [INFO]   Epoch 20/20 | Loss: 1.7245
2026-04-20 15:12:39,431 [INFO] After Task 2 | Domain accs: [98.82, 98.67]
2026-04-20 15:12:39,431 [INFO] After Task 2 | Avg Domain-IL: 98.67%
2026-04-20 15:12:39,431 [INFO] === Task 3/20 | degree=18.0 | epochs=20 ===
2026-04-20 15:13:38,430 [INFO]   Epoch 10/20 | Loss: 1.8320
2026-04-20 15:15:16,074 [INFO]   Epoch 20/20 | Loss: 1.8021
2026-04-20 15:15:33,135 [INFO] After Task 3 | Domain accs: [98.82, 98.67, 98.56]
2026-04-20 15:15:33,135 [INFO] After Task 3 | Avg Domain-IL: 98.56%
2026-04-20 15:15:33,135 [INFO] === Task 4/20 | degree=27.0 | epochs=20 ===
2026-04-20 15:16:32,288 [INFO]   Epoch 10/20 | Loss: 1.9139
2026-04-20 15:17:37,112 [INFO]   Epoch 20/20 | Loss: 1.8735
2026-04-20 15:17:54,391 [INFO] After Task 4 | Domain accs: [98.82, 98.67, 98.56, 98.60]
2026-04-20 15:17:54,391 [INFO] After Task 4 | Avg Domain-IL: 98.60%
2026-04-20 15:17:54,391 [INFO] === Task 5/20 | degree=36.0 | epochs=20 ===
2026-04-20 15:18:53,308 [INFO]   Epoch 10/20 | Loss: 1.9710
2026-04-20 15:20:00,463 [INFO]   Epoch 20/20 | Loss: 1.9444
2026-04-20 15:20:18,474 [INFO] After Task 5 | Domain accs: [98.82, 98.67, 98.56, 98.60, 99.00]
2026-04-20 15:20:18,474 [INFO] After Task 5 | Avg Domain-IL: 99.00%
2026-04-20 15:20:18,474 [INFO] === Task 6/20 | degree=45.0 | epochs=20 ===
2026-04-20 15:21:17,381 [INFO]   Epoch 10/20 | Loss: 2.0508
2026-04-20 15:22:23,298 [INFO]   Epoch 20/20 | Loss: 2.0163
2026-04-20 15:22:41,648 [INFO] After Task 6 | Domain accs: [98.82, 98.67, 98.56, 98.60, 99.00, 98.66]
2026-04-20 15:22:41,648 [INFO] After Task 6 | Avg Domain-IL: 98.66%
2026-04-20 15:22:41,648 [INFO] === Task 7/20 | degree=54.0 | epochs=20 ===
2026-04-20 15:23:40,385 [INFO]   Epoch 10/20 | Loss: 2.0880
2026-04-20 15:24:45,831 [INFO]   Epoch 20/20 | Loss: 2.0531
2026-04-20 15:25:04,747 [INFO] After Task 7 | Domain accs: [98.82, 98.67, 98.56, 98.60, 99.00, 98.66, 98.89]
2026-04-20 15:25:04,747 [INFO] After Task 7 | Avg Domain-IL: 98.89%
2026-04-20 15:25:04,747 [INFO] === Task 8/20 | degree=63.0 | epochs=20 ===
2026-04-20 15:26:10,291 [INFO]   Epoch 10/20 | Loss: 2.1927
2026-04-20 15:27:17,509 [INFO]   Epoch 20/20 | Loss: 2.1130
2026-04-20 15:27:36,921 [INFO] After Task 8 | Domain accs: [98.82, 98.67, 98.56, 98.60, 99.00, 98.66, 98.89, 98.75]
2026-04-20 15:27:36,921 [INFO] After Task 8 | Avg Domain-IL: 98.75%
2026-04-20 15:27:36,921 [INFO] === Task 9/20 | degree=72.0 | epochs=20 ===
2026-04-20 15:28:41,991 [INFO]   Epoch 10/20 | Loss: 2.1901
2026-04-20 15:29:46,251 [INFO]   Epoch 20/20 | Loss: 2.1534
2026-04-20 15:30:06,297 [INFO] After Task 9 | Domain accs: [98.82, 98.67, 98.56, 98.60, 99.00, 98.66, 98.89, 98.75, 98.50]
2026-04-20 15:30:06,297 [INFO] After Task 9 | Avg Domain-IL: 98.50%
2026-04-20 15:30:06,297 [INFO] === Task 10/20 | degree=81.0 | epochs=20 ===
2026-04-20 15:31:11,090 [INFO]   Epoch 10/20 | Loss: 2.2147
2026-04-20 15:32:16,092 [INFO]   Epoch 20/20 | Loss: 2.2089
2026-04-20 15:32:40,731 [INFO] After Task 10 | Domain accs: [98.82, 98.67, 98.56, 98.60, 99.00, 98.66, 98.89, 98.75, 98.50, 98.22]
2026-04-20 15:32:40,732 [INFO] After Task 10 | Avg Domain-IL: 98.22%
2026-04-20 15:32:40,732 [INFO] === Task 11/20 | degree=90.0 | epochs=20 ===
2026-04-20 15:33:46,496 [INFO]   Epoch 10/20 | Loss: 2.2788
2026-04-20 15:34:49,878 [INFO]   Epoch 20/20 | Loss: 2.2402
2026-04-20 15:35:11,725 [INFO] After Task 11 | Domain accs: [98.82, 98.67, 98.56, 98.60, 99.00, 98.66, 98.89, 98.75, 98.50, 98.22, 98.43]
2026-04-20 15:35:11,725 [INFO] After Task 11 | Avg Domain-IL: 98.43%
2026-04-20 15:35:11,725 [INFO] === Task 12/20 | degree=99.0 | epochs=20 ===
2026-04-20 15:36:19,895 [INFO]   Epoch 10/20 | Loss: 2.3165
2026-04-20 15:37:25,496 [INFO]   Epoch 20/20 | Loss: 2.2831
2026-04-20 15:37:47,408 [INFO] After Task 12 | Domain accs: [98.82, 98.67, 98.56, 98.60, 99.00, 98.66, 98.89, 98.75, 98.50, 98.22, 98.43, 98.15]
2026-04-20 15:37:47,408 [INFO] After Task 12 | Avg Domain-IL: 98.15%
2026-04-20 15:37:47,408 [INFO] === Task 13/20 | degree=108.0 | epochs=20 ===
2026-04-20 15:38:53,080 [INFO]   Epoch 10/20 | Loss: 2.3562
2026-04-20 15:39:58,453 [INFO]   Epoch 20/20 | Loss: 2.3326
2026-04-20 15:40:21,199 [INFO] After Task 13 | Domain accs: [98.82, 98.67, 98.56, 98.60, 99.00, 98.66, 98.89, 98.75, 98.50, 98.22, 98.43, 98.15, 98.31]
2026-04-20 15:40:21,199 [INFO] After Task 13 | Avg Domain-IL: 98.31%
2026-04-20 15:40:21,199 [INFO] === Task 14/20 | degree=117.0 | epochs=20 ===
2026-04-20 15:41:27,266 [INFO]   Epoch 10/20 | Loss: 2.3888
2026-04-20 15:42:32,939 [INFO]   Epoch 20/20 | Loss: 2.3496
2026-04-20 15:42:55,155 [INFO] After Task 14 | Domain accs: [98.82, 98.67, 98.56, 98.60, 99.00, 98.66, 98.89, 98.75, 98.50, 98.22, 98.43, 98.15, 98.31, 98.36]
2026-04-20 15:42:55,155 [INFO] After Task 14 | Avg Domain-IL: 98.36%
2026-04-20 15:42:55,155 [INFO] === Task 15/20 | degree=126.0 | epochs=20 ===
2026-04-20 15:44:04,015 [INFO]   Epoch 10/20 | Loss: 2.3922
2026-04-20 15:45:10,131 [INFO]   Epoch 20/20 | Loss: 2.3493
2026-04-20 15:45:36,068 [INFO] After Task 15 | Domain accs: [98.82, 98.67, 98.56, 98.60, 99.00, 98.66, 98.89, 98.75, 98.50, 98.22, 98.43, 98.15, 98.31, 98.36, 98.27]
2026-04-20 15:45:36,068 [INFO] After Task 15 | Avg Domain-IL: 98.27%
2026-04-20 15:45:36,068 [INFO] === Task 16/20 | degree=135.0 | epochs=20 ===
2026-04-20 15:46:40,923 [INFO]   Epoch 10/20 | Loss: 2.3926
2026-04-20 15:47:47,375 [INFO]   Epoch 20/20 | Loss: 2.3558
2026-04-20 15:48:22,800 [INFO] After Task 16 | Domain accs: [98.82, 98.67, 98.56, 98.60, 99.00, 98.66, 98.89, 98.75, 98.50, 98.22, 98.43, 98.15, 98.31, 98.36, 98.27, 98.46]
2026-04-20 15:48:22,800 [INFO] After Task 16 | Avg Domain-IL: 98.46%
2026-04-20 15:48:22,800 [INFO] === Task 17/20 | degree=144.0 | epochs=20 ===
2026-04-20 15:49:21,830 [INFO]   Epoch 10/20 | Loss: 2.4115
2026-04-20 15:50:27,954 [INFO]   Epoch 20/20 | Loss: 2.3739
2026-04-20 15:52:28,725 [INFO] After Task 17 | Domain accs: [98.82, 98.67, 98.56, 98.60, 99.00, 98.66, 98.89, 98.75, 98.50, 98.22, 98.43, 98.15, 98.31, 98.36, 98.27, 98.46, 98.27]
2026-04-20 15:52:28,725 [INFO] After Task 17 | Avg Domain-IL: 98.27%
2026-04-20 15:52:28,725 [INFO] === Task 18/20 | degree=153.0 | epochs=20 ===
2026-04-20 15:53:34,479 [INFO]   Epoch 10/20 | Loss: 2.3994
2026-04-20 15:54:35,948 [INFO]   Epoch 20/20 | Loss: 2.3595
2026-04-20 15:58:43,850 [INFO] After Task 18 | Domain accs: [98.82, 98.67, 98.56, 98.60, 99.00, 98.66, 98.89, 98.75, 98.50, 98.22, 98.43, 98.15, 98.31, 98.36, 98.27, 98.46, 98.27, 98.14]
2026-04-20 15:58:43,851 [INFO] After Task 18 | Avg Domain-IL: 98.14%
2026-04-20 15:58:43,851 [INFO] === Task 19/20 | degree=162.0 | epochs=20 ===
2026-04-20 15:59:50,278 [INFO]   Epoch 10/20 | Loss: 2.4330
2026-04-20 16:00:49,293 [INFO]   Epoch 20/20 | Loss: 2.3674
2026-04-20 16:01:46,527 [INFO] After Task 19 | Domain accs: [98.82, 98.67, 98.56, 98.60, 99.00, 98.66, 98.89, 98.75, 98.50, 98.22, 98.43, 98.15, 98.31, 98.36, 98.27, 98.46, 98.27, 98.14, 97.87]
2026-04-20 16:01:46,527 [INFO] After Task 19 | Avg Domain-IL: 97.87%
2026-04-20 16:01:46,527 [INFO] === Task 20/20 | degree=171.0 | epochs=20 ===
2026-04-20 16:02:52,444 [INFO]   Epoch 10/20 | Loss: 2.3927
2026-04-20 16:03:51,458 [INFO]   Epoch 20/20 | Loss: 2.3686
2026-04-20 16:04:40,061 [INFO] After Task 20 | Domain accs: [98.82, 98.67, 98.56, 98.60, 99.00, 98.66, 98.89, 98.75, 98.50, 98.22, 98.43, 98.15, 98.31, 98.36, 98.27, 98.46, 98.27, 98.14, 97.87, 97.85]
2026-04-20 16:04:40,061 [INFO] After Task 20 | Avg Domain-IL: 97.85%
2026-04-20 16:04:40,061 [INFO] ==================================================
2026-04-20 16:04:40,061 [INFO] >>>> FINAL DOMAIN-IL METRICS <<<<
2026-04-20 16:04:40,061 [INFO] Domain-IL Accuracy : 98.44%
2026-04-20 16:04:40,061 [INFO] Backward Transfer  : -0.6200
2026-04-20 16:04:40,061 [INFO] Forgetting Measure : 0.7568
2026-04-20 16:04:40,061 [INFO] ==================================================
2026-04-20 16:04:40,132 [INFO] Trial 3 done in 3882.2s
2026-04-20 16:04:40,136 [INFO] >>>> TRIAL 4/5 <<<<
2026-04-20 16:04:40,136 [INFO] Using device: cuda
2026-04-20 16:04:40,136 [INFO] R-MNIST degrees: [0, 9, 18, 27, 36, 45, 54, 63, 72, 81, 90, 99, 108, 117, 126, 135, 144, 153, 162, 171]
2026-04-20 16:04:40,664 [INFO] === Task 1/20 | degree=0.0 | epochs=100 ===
2026-04-20 16:05:42,994 [INFO]   Epoch 10/100 | Loss: 1.7787
2026-04-20 16:06:41,570 [INFO]   Epoch 20/100 | Loss: 1.7210
2026-04-20 16:07:44,275 [INFO]   Epoch 30/100 | Loss: 1.7234
2026-04-20 16:08:39,935 [INFO]   Epoch 40/100 | Loss: 1.6816
2026-04-20 16:09:39,195 [INFO]   Epoch 50/100 | Loss: 1.6973
2026-04-20 16:11:00,919 [INFO]   Epoch 60/100 | Loss: 1.6603
2026-04-20 16:12:31,164 [INFO]   Epoch 70/100 | Loss: 1.6857
2026-04-20 16:14:10,467 [INFO]   Epoch 80/100 | Loss: 1.6485
2026-04-20 16:16:01,792 [INFO]   Epoch 90/100 | Loss: 1.6779
2026-04-20 16:17:54,697 [INFO]   Epoch 100/100 | Loss: 1.6415
2026-04-20 16:27:12,630 [INFO] After Task 1 | Domain accs: [98.79]
2026-04-20 16:27:12,630 [INFO] After Task 1 | Avg Domain-IL: 98.79%
2026-04-20 16:27:12,630 [INFO] === Task 2/20 | degree=9.0 | epochs=20 ===
2026-04-20 16:29:12,561 [INFO]   Epoch 10/20 | Loss: 1.7804
2026-04-20 16:30:52,334 [INFO]   Epoch 20/20 | Loss: 1.7405
2026-04-20 16:38:28,677 [INFO] After Task 2 | Domain accs: [98.79, 97.75]
2026-04-20 16:38:28,677 [INFO] After Task 2 | Avg Domain-IL: 97.75%
2026-04-20 16:38:28,677 [INFO] === Task 3/20 | degree=18.0 | epochs=20 ===
2026-04-20 16:40:28,473 [INFO]   Epoch 10/20 | Loss: 1.8467
2026-04-20 16:42:15,218 [INFO]   Epoch 20/20 | Loss: 1.8119
2026-04-20 16:48:54,351 [INFO] After Task 3 | Domain accs: [98.79, 97.75, 98.07]
2026-04-20 16:48:54,353 [INFO] After Task 3 | Avg Domain-IL: 98.07%
2026-04-20 16:48:54,353 [INFO] === Task 4/20 | degree=27.0 | epochs=20 ===
2026-04-20 16:50:41,169 [INFO]   Epoch 10/20 | Loss: 1.9022
2026-04-20 16:52:13,061 [INFO]   Epoch 20/20 | Loss: 1.8705
2026-04-20 16:58:52,642 [INFO] After Task 4 | Domain accs: [98.79, 97.75, 98.07, 98.45]
2026-04-20 16:58:52,643 [INFO] After Task 4 | Avg Domain-IL: 98.45%
2026-04-20 16:58:52,643 [INFO] === Task 5/20 | degree=36.0 | epochs=20 ===
2026-04-20 17:00:37,559 [INFO]   Epoch 10/20 | Loss: 1.9722
2026-04-20 17:02:39,531 [INFO]   Epoch 20/20 | Loss: 1.9390
2026-04-20 17:11:01,211 [INFO] After Task 5 | Domain accs: [98.79, 97.75, 98.07, 98.45, 98.23]
2026-04-20 17:11:01,211 [INFO] After Task 5 | Avg Domain-IL: 98.23%
2026-04-20 17:11:01,211 [INFO] === Task 6/20 | degree=45.0 | epochs=20 ===
2026-04-20 17:13:05,286 [INFO]   Epoch 10/20 | Loss: 2.0314
2026-04-20 17:14:53,864 [INFO]   Epoch 20/20 | Loss: 1.9886
2026-04-20 17:22:24,175 [INFO] After Task 6 | Domain accs: [98.79, 97.75, 98.07, 98.45, 98.23, 98.43]
2026-04-20 17:22:24,175 [INFO] After Task 6 | Avg Domain-IL: 98.43%
2026-04-20 17:22:24,175 [INFO] === Task 7/20 | degree=54.0 | epochs=20 ===
2026-04-20 17:24:18,388 [INFO]   Epoch 10/20 | Loss: 2.0863
2026-04-20 17:26:04,477 [INFO]   Epoch 20/20 | Loss: 2.0486
2026-04-20 17:30:41,421 [INFO] After Task 7 | Domain accs: [98.79, 97.75, 98.07, 98.45, 98.23, 98.43, 98.17]
2026-04-20 17:30:41,425 [INFO] After Task 7 | Avg Domain-IL: 98.17%
2026-04-20 17:30:41,425 [INFO] === Task 8/20 | degree=63.0 | epochs=20 ===
2026-04-20 17:32:40,299 [INFO]   Epoch 10/20 | Loss: 2.1374
2026-04-20 17:34:51,890 [INFO]   Epoch 20/20 | Loss: 2.1068
2026-04-20 17:41:31,468 [INFO] After Task 8 | Domain accs: [98.79, 97.75, 98.07, 98.45, 98.23, 98.43, 98.17, 97.76]
2026-04-20 17:41:31,469 [INFO] After Task 8 | Avg Domain-IL: 97.76%
2026-04-20 17:41:31,469 [INFO] === Task 9/20 | degree=72.0 | epochs=20 ===
2026-04-20 17:43:11,393 [INFO]   Epoch 10/20 | Loss: 2.1916
2026-04-20 17:45:11,064 [INFO]   Epoch 20/20 | Loss: 2.1589
2026-04-20 17:51:34,448 [INFO] After Task 9 | Domain accs: [98.79, 97.75, 98.07, 98.45, 98.23, 98.43, 98.17, 97.76, 97.83]
2026-04-20 17:51:34,449 [INFO] After Task 9 | Avg Domain-IL: 97.83%
2026-04-20 17:51:34,449 [INFO] === Task 10/20 | degree=81.0 | epochs=20 ===
2026-04-20 17:53:11,811 [INFO]   Epoch 10/20 | Loss: 2.2455
2026-04-20 17:55:14,093 [INFO]   Epoch 20/20 | Loss: 2.1875
2026-04-20 18:02:12,353 [INFO] After Task 10 | Domain accs: [98.79, 97.75, 98.07, 98.45, 98.23, 98.43, 98.17, 97.76, 97.83, 96.83]
2026-04-20 18:02:12,353 [INFO] After Task 10 | Avg Domain-IL: 96.83%
2026-04-20 18:02:12,353 [INFO] === Task 11/20 | degree=90.0 | epochs=20 ===
2026-04-20 18:03:52,858 [INFO]   Epoch 10/20 | Loss: 2.2721
2026-04-20 18:05:26,126 [INFO]   Epoch 20/20 | Loss: 2.2498
2026-04-20 18:12:39,583 [INFO] After Task 11 | Domain accs: [98.79, 97.75, 98.07, 98.45, 98.23, 98.43, 98.17, 97.76, 97.83, 96.83, 98.10]
2026-04-20 18:12:39,583 [INFO] After Task 11 | Avg Domain-IL: 98.10%
2026-04-20 18:12:39,583 [INFO] === Task 12/20 | degree=99.0 | epochs=20 ===
2026-04-20 18:14:14,387 [INFO]   Epoch 10/20 | Loss: 2.3451
2026-04-20 18:16:00,514 [INFO]   Epoch 20/20 | Loss: 2.2828
2026-04-20 18:23:09,433 [INFO] After Task 12 | Domain accs: [98.79, 97.75, 98.07, 98.45, 98.23, 98.43, 98.17, 97.76, 97.83, 96.83, 98.10, 97.63]
2026-04-20 18:23:09,433 [INFO] After Task 12 | Avg Domain-IL: 97.63%
2026-04-20 18:23:09,433 [INFO] === Task 13/20 | degree=108.0 | epochs=20 ===
2026-04-20 18:24:53,515 [INFO]   Epoch 10/20 | Loss: 2.3490
2026-04-20 18:26:35,012 [INFO]   Epoch 20/20 | Loss: 2.3008
2026-04-20 18:33:53,696 [INFO] After Task 13 | Domain accs: [98.79, 97.75, 98.07, 98.45, 98.23, 98.43, 98.17, 97.76, 97.83, 96.83, 98.10, 97.63, 97.99]
2026-04-20 18:33:53,696 [INFO] After Task 13 | Avg Domain-IL: 97.99%
2026-04-20 18:33:53,696 [INFO] === Task 14/20 | degree=117.0 | epochs=20 ===
2026-04-20 18:35:36,872 [INFO]   Epoch 10/20 | Loss: 2.3908
2026-04-20 18:37:03,970 [INFO]   Epoch 20/20 | Loss: 2.3454
2026-04-20 18:45:17,777 [INFO] After Task 14 | Domain accs: [98.79, 97.75, 98.07, 98.45, 98.23, 98.43, 98.17, 97.76, 97.83, 96.83, 98.10, 97.63, 97.99, 98.23]
2026-04-20 18:45:17,777 [INFO] After Task 14 | Avg Domain-IL: 98.23%
2026-04-20 18:45:17,777 [INFO] === Task 15/20 | degree=126.0 | epochs=20 ===
2026-04-20 18:47:05,146 [INFO]   Epoch 10/20 | Loss: 2.3920
2026-04-20 18:48:31,952 [INFO]   Epoch 20/20 | Loss: 2.3484
2026-04-20 18:55:00,539 [INFO] After Task 15 | Domain accs: [98.79, 97.75, 98.07, 98.45, 98.23, 98.43, 98.17, 97.76, 97.83, 96.83, 98.10, 97.63, 97.99, 98.23, 98.33]
2026-04-20 18:55:00,539 [INFO] After Task 15 | Avg Domain-IL: 98.33%
2026-04-20 18:55:00,539 [INFO] === Task 16/20 | degree=135.0 | epochs=20 ===
2026-04-20 18:56:57,196 [INFO]   Epoch 10/20 | Loss: 2.3946
2026-04-20 18:58:25,279 [INFO]   Epoch 20/20 | Loss: 2.3653
2026-04-20 19:02:08,253 [INFO] After Task 16 | Domain accs: [98.79, 97.75, 98.07, 98.45, 98.23, 98.43, 98.17, 97.76, 97.83, 96.83, 98.10, 97.63, 97.99, 98.23, 98.33, 98.42]
2026-04-20 19:02:08,264 [INFO] After Task 16 | Avg Domain-IL: 98.42%
2026-04-20 19:02:08,264 [INFO] === Task 17/20 | degree=144.0 | epochs=20 ===
2026-04-20 19:04:05,224 [INFO]   Epoch 10/20 | Loss: 2.3995
2026-04-20 19:06:04,160 [INFO]   Epoch 20/20 | Loss: 2.3685
2026-04-20 19:08:58,399 [INFO] After Task 17 | Domain accs: [98.79, 97.75, 98.07, 98.45, 98.23, 98.43, 98.17, 97.76, 97.83, 96.83, 98.10, 97.63, 97.99, 98.23, 98.33, 98.42, 98.35]
2026-04-20 19:08:58,399 [INFO] After Task 17 | Avg Domain-IL: 98.35%
2026-04-20 19:08:58,399 [INFO] === Task 18/20 | degree=153.0 | epochs=20 ===
2026-04-20 19:10:30,625 [INFO]   Epoch 10/20 | Loss: 2.4012
2026-04-20 19:12:27,061 [INFO]   Epoch 20/20 | Loss: 2.3773
2026-04-20 19:18:30,306 [INFO] After Task 18 | Domain accs: [98.79, 97.75, 98.07, 98.45, 98.23, 98.43, 98.17, 97.76, 97.83, 96.83, 98.10, 97.63, 97.99, 98.23, 98.33, 98.42, 98.35, 97.83]
2026-04-20 19:18:30,306 [INFO] After Task 18 | Avg Domain-IL: 97.83%
2026-04-20 19:18:30,306 [INFO] === Task 19/20 | degree=162.0 | epochs=20 ===
2026-04-20 19:19:58,940 [INFO]   Epoch 10/20 | Loss: 2.4095
2026-04-20 19:21:46,948 [INFO]   Epoch 20/20 | Loss: 2.3678
2026-04-20 19:29:20,562 [INFO] After Task 19 | Domain accs: [98.79, 97.75, 98.07, 98.45, 98.23, 98.43, 98.17, 97.76, 97.83, 96.83, 98.10, 97.63, 97.99, 98.23, 98.33, 98.42, 98.35, 97.83, 97.32]
2026-04-20 19:29:20,563 [INFO] After Task 19 | Avg Domain-IL: 97.32%
2026-04-20 19:29:20,563 [INFO] === Task 20/20 | degree=171.0 | epochs=20 ===
2026-04-20 19:30:47,707 [INFO]   Epoch 10/20 | Loss: 2.4066
2026-04-20 19:32:23,251 [INFO]   Epoch 20/20 | Loss: 2.3779
2026-04-20 19:40:35,774 [INFO] After Task 20 | Domain accs: [98.79, 97.75, 98.07, 98.45, 98.23, 98.43, 98.17, 97.76, 97.83, 96.83, 98.10, 97.63, 97.99, 98.23, 98.33, 98.42, 98.35, 97.83, 97.32, 97.56]
2026-04-20 19:40:35,774 [INFO] After Task 20 | Avg Domain-IL: 97.56%
2026-04-20 19:40:35,774 [INFO] ==================================================
2026-04-20 19:40:35,774 [INFO] >>>> FINAL DOMAIN-IL METRICS <<<<
2026-04-20 19:40:35,774 [INFO] Domain-IL Accuracy : 98.00%
2026-04-20 19:40:35,774 [INFO] Backward Transfer  : -0.4668
2026-04-20 19:40:35,774 [INFO] Forgetting Measure : 0.7926
2026-04-20 19:40:35,774 [INFO] ==================================================
2026-04-20 19:40:35,872 [INFO] Trial 4 done in 12955.7s
2026-04-20 19:40:35,877 [INFO] >>>> TRIAL 5/5 <<<<
2026-04-20 19:40:35,877 [INFO] Using device: cuda
2026-04-20 19:40:35,877 [INFO] R-MNIST degrees: [0, 9, 18, 27, 36, 45, 54, 63, 72, 81, 90, 99, 108, 117, 126, 135, 144, 153, 162, 171]
2026-04-20 19:40:36,825 [INFO] === Task 1/20 | degree=0.0 | epochs=100 ===
2026-04-20 19:42:02,079 [INFO]   Epoch 10/100 | Loss: 1.7809
2026-04-20 19:43:35,503 [INFO]   Epoch 20/100 | Loss: 1.7225
2026-04-20 19:45:29,667 [INFO]   Epoch 30/100 | Loss: 1.7228
2026-04-20 19:47:22,670 [INFO]   Epoch 40/100 | Loss: 1.6789
2026-04-20 19:49:02,066 [INFO]   Epoch 50/100 | Loss: 1.6979
2026-04-20 19:50:24,748 [INFO]   Epoch 60/100 | Loss: 1.6563
2026-04-20 19:51:47,209 [INFO]   Epoch 70/100 | Loss: 1.6820
2026-04-20 19:53:25,970 [INFO]   Epoch 80/100 | Loss: 1.6449
2026-04-20 19:54:59,273 [INFO]   Epoch 90/100 | Loss: 1.6754
2026-04-20 19:56:22,311 [INFO]   Epoch 100/100 | Loss: 1.6400
2026-04-20 20:00:06,903 [INFO] After Task 1 | Domain accs: [98.91]
2026-04-20 20:00:06,903 [INFO] After Task 1 | Avg Domain-IL: 98.91%
2026-04-20 20:00:06,903 [INFO] === Task 2/20 | degree=9.0 | epochs=20 ===
2026-04-20 20:01:53,661 [INFO]   Epoch 10/20 | Loss: 1.7556
2026-04-20 20:03:19,454 [INFO]   Epoch 20/20 | Loss: 1.7227
2026-04-20 20:08:33,602 [INFO] After Task 2 | Domain accs: [98.91, 98.84]
2026-04-20 20:08:33,602 [INFO] After Task 2 | Avg Domain-IL: 98.84%
2026-04-20 20:08:33,602 [INFO] === Task 3/20 | degree=18.0 | epochs=20 ===
2026-04-20 20:10:32,727 [INFO]   Epoch 10/20 | Loss: 1.8457
2026-04-20 20:12:12,404 [INFO]   Epoch 20/20 | Loss: 1.8085
2026-04-20 20:15:07,295 [INFO] After Task 3 | Domain accs: [98.91, 98.84, 98.89]
2026-04-20 20:15:07,296 [INFO] After Task 3 | Avg Domain-IL: 98.89%
2026-04-20 20:15:07,296 [INFO] === Task 4/20 | degree=27.0 | epochs=20 ===
2026-04-20 20:16:53,505 [INFO]   Epoch 10/20 | Loss: 1.8990
2026-04-20 20:18:24,844 [INFO]   Epoch 20/20 | Loss: 1.8663
2026-04-20 20:22:27,825 [INFO] After Task 4 | Domain accs: [98.91, 98.84, 98.89, 98.76]
2026-04-20 20:22:27,825 [INFO] After Task 4 | Avg Domain-IL: 98.76%
2026-04-20 20:22:27,825 [INFO] === Task 5/20 | degree=36.0 | epochs=20 ===
2026-04-20 20:24:10,788 [INFO]   Epoch 10/20 | Loss: 1.9629
2026-04-20 20:25:39,888 [INFO]   Epoch 20/20 | Loss: 1.9375
2026-04-20 20:30:00,644 [INFO] After Task 5 | Domain accs: [98.91, 98.84, 98.89, 98.76, 98.97]
2026-04-20 20:30:00,644 [INFO] After Task 5 | Avg Domain-IL: 98.97%
2026-04-20 20:30:00,644 [INFO] === Task 6/20 | degree=45.0 | epochs=20 ===
2026-04-20 20:32:00,229 [INFO]   Epoch 10/20 | Loss: 2.0370
2026-04-20 20:33:57,363 [INFO]   Epoch 20/20 | Loss: 1.9973
2026-04-20 20:36:20,196 [INFO] After Task 6 | Domain accs: [98.91, 98.84, 98.89, 98.76, 98.97, 98.62]
2026-04-20 20:36:20,196 [INFO] After Task 6 | Avg Domain-IL: 98.62%
2026-04-20 20:36:20,196 [INFO] === Task 7/20 | degree=54.0 | epochs=20 ===
2026-04-20 20:37:47,837 [INFO]   Epoch 10/20 | Loss: 2.0978
2026-04-20 20:39:47,097 [INFO]   Epoch 20/20 | Loss: 2.0640
2026-04-20 20:46:07,500 [INFO] After Task 7 | Domain accs: [98.91, 98.84, 98.89, 98.76, 98.97, 98.62, 98.81]
2026-04-20 20:46:07,500 [INFO] After Task 7 | Avg Domain-IL: 98.81%
2026-04-20 20:46:07,512 [INFO] === Task 8/20 | degree=63.0 | epochs=20 ===
2026-04-20 20:47:35,102 [INFO]   Epoch 10/20 | Loss: 2.1490
2026-04-20 20:49:22,488 [INFO]   Epoch 20/20 | Loss: 2.1045
2026-04-20 20:56:34,970 [INFO] After Task 8 | Domain accs: [98.91, 98.84, 98.89, 98.76, 98.97, 98.62, 98.81, 98.67]
2026-04-20 20:56:34,971 [INFO] After Task 8 | Avg Domain-IL: 98.67%
2026-04-20 20:56:34,971 [INFO] === Task 9/20 | degree=72.0 | epochs=20 ===
2026-04-20 20:58:06,829 [INFO]   Epoch 10/20 | Loss: 2.1864
2026-04-20 20:59:53,198 [INFO]   Epoch 20/20 | Loss: 2.1572
2026-04-20 21:06:00,866 [INFO] After Task 9 | Domain accs: [98.91, 98.84, 98.89, 98.76, 98.97, 98.62, 98.81, 98.67, 98.07]
2026-04-20 21:06:00,866 [INFO] After Task 9 | Avg Domain-IL: 98.07%
2026-04-20 21:06:00,866 [INFO] === Task 10/20 | degree=81.0 | epochs=20 ===
2026-04-20 21:07:44,321 [INFO]   Epoch 10/20 | Loss: 2.2408
2026-04-20 21:09:17,023 [INFO]   Epoch 20/20 | Loss: 2.1955
2026-04-20 21:17:06,562 [INFO] After Task 10 | Domain accs: [98.91, 98.84, 98.89, 98.76, 98.97, 98.62, 98.81, 98.67, 98.07, 98.19]
2026-04-20 21:17:06,562 [INFO] After Task 10 | Avg Domain-IL: 98.19%
2026-04-20 21:17:06,562 [INFO] === Task 11/20 | degree=90.0 | epochs=20 ===
2026-04-20 21:18:42,276 [INFO]   Epoch 10/20 | Loss: 2.2854
2026-04-20 21:20:12,097 [INFO]   Epoch 20/20 | Loss: 2.2366
2026-04-20 21:28:26,766 [INFO] After Task 11 | Domain accs: [98.91, 98.84, 98.89, 98.76, 98.97, 98.62, 98.81, 98.67, 98.07, 98.19, 98.23]
2026-04-20 21:28:26,767 [INFO] After Task 11 | Avg Domain-IL: 98.23%
2026-04-20 21:28:26,767 [INFO] === Task 12/20 | degree=99.0 | epochs=20 ===
2026-04-20 21:29:56,799 [INFO]   Epoch 10/20 | Loss: 2.3266
2026-04-20 21:31:33,594 [INFO]   Epoch 20/20 | Loss: 2.3011
2026-04-20 21:38:45,864 [INFO] After Task 12 | Domain accs: [98.91, 98.84, 98.89, 98.76, 98.97, 98.62, 98.81, 98.67, 98.07, 98.19, 98.23, 97.78]
2026-04-20 21:38:45,864 [INFO] After Task 12 | Avg Domain-IL: 97.78%
2026-04-20 21:38:45,864 [INFO] === Task 13/20 | degree=108.0 | epochs=20 ===
2026-04-20 21:40:22,439 [INFO]   Epoch 10/20 | Loss: 2.4048
2026-04-20 21:42:04,859 [INFO]   Epoch 20/20 | Loss: 2.3308
2026-04-20 21:49:27,644 [INFO] After Task 13 | Domain accs: [98.91, 98.84, 98.89, 98.76, 98.97, 98.62, 98.81, 98.67, 98.07, 98.19, 98.23, 97.78, 97.56]
2026-04-20 21:49:27,644 [INFO] After Task 13 | Avg Domain-IL: 97.56%
2026-04-20 21:49:27,644 [INFO] === Task 14/20 | degree=117.0 | epochs=20 ===
2026-04-20 21:51:10,161 [INFO]   Epoch 10/20 | Loss: 2.4046
2026-04-20 21:52:40,486 [INFO]   Epoch 20/20 | Loss: 2.3532
2026-04-20 22:00:24,415 [INFO] After Task 14 | Domain accs: [98.91, 98.84, 98.89, 98.76, 98.97, 98.62, 98.81, 98.67, 98.07, 98.19, 98.23, 97.78, 97.56, 97.69]
2026-04-20 22:00:24,415 [INFO] After Task 14 | Avg Domain-IL: 97.69%
2026-04-20 22:00:24,415 [INFO] === Task 15/20 | degree=126.0 | epochs=20 ===
2026-04-20 22:02:01,881 [INFO]   Epoch 10/20 | Loss: 2.3860
2026-04-20 22:03:31,408 [INFO]   Epoch 20/20 | Loss: 2.3683
2026-04-20 22:11:09,683 [INFO] After Task 15 | Domain accs: [98.91, 98.84, 98.89, 98.76, 98.97, 98.62, 98.81, 98.67, 98.07, 98.19, 98.23, 97.78, 97.56, 97.69, 97.83]
2026-04-20 22:11:09,683 [INFO] After Task 15 | Avg Domain-IL: 97.83%
2026-04-20 22:11:09,683 [INFO] === Task 16/20 | degree=135.0 | epochs=20 ===
2026-04-20 22:12:50,157 [INFO]   Epoch 10/20 | Loss: 2.3926
2026-04-20 22:14:16,969 [INFO]   Epoch 20/20 | Loss: 2.3500
2026-04-20 22:20:59,045 [INFO] After Task 16 | Domain accs: [98.91, 98.84, 98.89, 98.76, 98.97, 98.62, 98.81, 98.67, 98.07, 98.19, 98.23, 97.78, 97.56, 97.69, 97.83, 97.69]
2026-04-20 22:20:59,047 [INFO] After Task 16 | Avg Domain-IL: 97.69%
2026-04-20 22:20:59,047 [INFO] === Task 17/20 | degree=144.0 | epochs=20 ===
2026-04-20 22:22:54,061 [INFO]   Epoch 10/20 | Loss: 2.3794
2026-04-20 22:24:24,430 [INFO]   Epoch 20/20 | Loss: 2.3484
2026-04-20 22:28:09,023 [INFO] After Task 17 | Domain accs: [98.91, 98.84, 98.89, 98.76, 98.97, 98.62, 98.81, 98.67, 98.07, 98.19, 98.23, 97.78, 97.56, 97.69, 97.83, 97.69, 97.55]
2026-04-20 22:28:09,023 [INFO] After Task 17 | Avg Domain-IL: 97.55%
2026-04-20 22:28:09,023 [INFO] === Task 18/20 | degree=153.0 | epochs=20 ===
2026-04-20 22:30:09,461 [INFO]   Epoch 10/20 | Loss: 2.3989
2026-04-20 22:32:09,419 [INFO]   Epoch 20/20 | Loss: 2.3463
2026-04-20 22:35:12,101 [INFO] After Task 18 | Domain accs: [98.91, 98.84, 98.89, 98.76, 98.97, 98.62, 98.81, 98.67, 98.07, 98.19, 98.23, 97.78, 97.56, 97.69, 97.83, 97.69, 97.55, 97.22]
2026-04-20 22:35:12,101 [INFO] After Task 18 | Avg Domain-IL: 97.22%
2026-04-20 22:35:12,101 [INFO] === Task 19/20 | degree=162.0 | epochs=20 ===
2026-04-20 22:36:40,176 [INFO]   Epoch 10/20 | Loss: 2.4030
2026-04-20 22:38:32,704 [INFO]   Epoch 20/20 | Loss: 2.3644
2026-04-20 22:45:26,693 [INFO] After Task 19 | Domain accs: [98.91, 98.84, 98.89, 98.76, 98.97, 98.62, 98.81, 98.67, 98.07, 98.19, 98.23, 97.78, 97.56, 97.69, 97.83, 97.69, 97.55, 97.22, 97.44]
2026-04-20 22:45:26,694 [INFO] After Task 19 | Avg Domain-IL: 97.44%
2026-04-20 22:45:26,694 [INFO] === Task 20/20 | degree=171.0 | epochs=20 ===
2026-04-20 22:46:54,459 [INFO]   Epoch 10/20 | Loss: 2.3791
2026-04-20 22:48:43,751 [INFO]   Epoch 20/20 | Loss: 2.3449
2026-04-20 22:56:35,416 [INFO] After Task 20 | Domain accs: [98.91, 98.84, 98.89, 98.76, 98.97, 98.62, 98.81, 98.67, 98.07, 98.19, 98.23, 97.78, 97.56, 97.69, 97.83, 97.69, 97.55, 97.22, 97.44, 97.92]
2026-04-20 22:56:35,417 [INFO] After Task 20 | Avg Domain-IL: 97.92%
2026-04-20 22:56:35,417 [INFO] ==================================================
2026-04-20 22:56:35,417 [INFO] >>>> FINAL DOMAIN-IL METRICS <<<<
2026-04-20 22:56:35,417 [INFO] Domain-IL Accuracy : 98.18%
2026-04-20 22:56:35,417 [INFO] Backward Transfer  : -0.2758
2026-04-20 22:56:35,417 [INFO] Forgetting Measure : 0.3574
2026-04-20 22:56:35,417 [INFO] ==================================================
2026-04-20 22:56:35,508 [INFO] Trial 5 done in 11759.6s
2026-04-20 22:56:35,513 [INFO] ==================================================
2026-04-20 22:56:35,513 [INFO] >>>> SUMMARY <<<<
2026-04-20 22:56:35,513 [INFO] ==================================================
2026-04-20 22:56:35,513 [INFO] Domain-IL Accuracy : 98.30 ± 0.20
2026-04-20 22:56:35,513 [INFO] Backward Transfer  : -0.4387 ± 0.1246
2026-04-20 22:56:35,513 [INFO] Forgetting Measure : 0.5812 ± 0.1864
2026-04-20 22:56:35,513 [INFO] ==================================================
