2026-04-20 09:54:40,791 [INFO] ==================================================
2026-04-20 09:54:40,791 [INFO] >>>> R-MNIST DOMAIN-IL BENCHMARK <<<<
2026-04-20 09:54:40,791 [INFO] ==================================================
2026-04-20 09:54:40,791 [INFO]   lmbd            = 3.0
2026-04-20 09:54:40,791 [INFO]   trials          = 5
2026-04-20 09:54:40,791 [INFO]   t_contrast      = 0.2
2026-04-20 09:54:40,791 [INFO]   t_student       = 0.07
2026-04-20 09:54:40,791 [INFO]   t_teacher       = 0.01
2026-04-20 09:54:40,791 [INFO]   epochs_train    = 20
2026-04-20 09:54:40,791 [INFO]   epochs_eval     = 100
2026-04-20 09:54:40,791 [INFO]   alpha_lump      = 0.1
2026-04-20 09:54:40,791 [INFO]   buffer_size     = 500
2026-04-20 09:54:40,791 [INFO]   data_root       = ./data
2026-04-20 09:54:40,791 [INFO]   log_file        = None
2026-04-20 09:54:40,791 [INFO]   gpu             = 0
2026-04-20 09:54:40,791 [INFO] ==================================================
2026-04-20 09:54:40,791 [INFO] >>>> TRIAL 1/5 <<<<
2026-04-20 09:54:40,832 [INFO] Using device: cuda
2026-04-20 09:54:40,832 [INFO] R-MNIST degrees: [0, 9, 18, 27, 36, 45, 54, 63, 72, 81, 90, 99, 108, 117, 126, 135, 144, 153, 162, 171]
2026-04-20 09:54:41,510 [INFO] === Task 1/20 | degree=0.0 | epochs=100 ===
2026-04-20 09:55:32,596 [INFO]   Epoch 10/100 | Loss: 1.7796
2026-04-20 09:56:23,663 [INFO]   Epoch 20/100 | Loss: 1.7188
2026-04-20 09:57:14,939 [INFO]   Epoch 30/100 | Loss: 1.7209
2026-04-20 09:58:06,366 [INFO]   Epoch 40/100 | Loss: 1.6775
2026-04-20 09:58:58,106 [INFO]   Epoch 50/100 | Loss: 1.6958
2026-04-20 09:59:49,958 [INFO]   Epoch 60/100 | Loss: 1.6561
2026-04-20 10:00:41,690 [INFO]   Epoch 70/100 | Loss: 1.6851
2026-04-20 10:01:34,193 [INFO]   Epoch 80/100 | Loss: 1.6433
2026-04-20 10:02:27,432 [INFO]   Epoch 90/100 | Loss: 1.6766
2026-04-20 10:03:20,991 [INFO]   Epoch 100/100 | Loss: 1.6388
2026-04-20 10:03:32,866 [INFO] After Task 1 | Domain accs: [99.05]
2026-04-20 10:03:32,866 [INFO] After Task 1 | Avg Domain-IL: 99.05%
2026-04-20 10:03:32,866 [INFO] === Task 2/20 | degree=9.0 | epochs=20 ===
2026-04-20 10:04:29,952 [INFO]   Epoch 10/20 | Loss: 1.8412
2026-04-20 10:05:27,326 [INFO]   Epoch 20/20 | Loss: 1.7497
2026-04-20 10:05:41,305 [INFO] After Task 2 | Domain accs: [98.5, 98.56]
2026-04-20 10:05:41,305 [INFO] After Task 2 | Avg Domain-IL: 98.53%
2026-04-20 10:05:41,305 [INFO] === Task 3/20 | degree=18.0 | epochs=20 ===
2026-04-20 10:06:37,978 [INFO]   Epoch 10/20 | Loss: 1.8444
2026-04-20 10:07:39,041 [INFO]   Epoch 20/20 | Loss: 1.8092
2026-04-20 10:07:50,925 [INFO] After Task 3 | Domain accs: [96.6, 97.69, 98.63]
2026-04-20 10:07:50,925 [INFO] After Task 3 | Avg Domain-IL: 97.64%
2026-04-20 10:07:50,925 [INFO] === Task 4/20 | degree=27.0 | epochs=20 ===
2026-04-20 10:08:47,993 [INFO]   Epoch 10/20 | Loss: 1.9021
2026-04-20 10:09:45,547 [INFO]   Epoch 20/20 | Loss: 1.8786
2026-04-20 10:09:57,421 [INFO] After Task 4 | Domain accs: [90.68, 95.57, 98.13, 98.61]
2026-04-20 10:09:57,421 [INFO] After Task 4 | Avg Domain-IL: 95.75%
2026-04-20 10:09:57,421 [INFO] === Task 5/20 | degree=36.0 | epochs=20 ===
2026-04-20 10:10:55,164 [INFO]   Epoch 10/20 | Loss: 2.0014
2026-04-20 10:11:52,602 [INFO]   Epoch 20/20 | Loss: 1.9691
2026-04-20 10:12:05,321 [INFO] After Task 5 | Domain accs: [78.72, 88.74, 95.78, 98.09, 98.74]
2026-04-20 10:12:05,321 [INFO] After Task 5 | Avg Domain-IL: 92.01%
2026-04-20 10:12:05,321 [INFO] === Task 6/20 | degree=45.0 | epochs=20 ===
2026-04-20 10:13:03,130 [INFO]   Epoch 10/20 | Loss: 2.0316
2026-04-20 10:14:00,805 [INFO]   Epoch 20/20 | Loss: 2.0085
2026-04-20 10:14:13,822 [INFO] After Task 6 | Domain accs: [63.75, 77.67, 89.63, 95.68, 98.13, 98.43]
2026-04-20 10:14:13,822 [INFO] After Task 6 | Avg Domain-IL: 87.21%
2026-04-20 10:14:13,822 [INFO] === Task 7/20 | degree=54.0 | epochs=20 ===
2026-04-20 10:15:11,517 [INFO]   Epoch 10/20 | Loss: 2.0894
2026-04-20 10:16:09,334 [INFO]   Epoch 20/20 | Loss: 2.0674
2026-04-20 10:16:23,286 [INFO] After Task 7 | Domain accs: [59.5, 70.85, 83.93, 92.18, 96.79, 97.99, 98.34]
2026-04-20 10:16:23,286 [INFO] After Task 7 | Avg Domain-IL: 85.65%
2026-04-20 10:16:23,286 [INFO] === Task 8/20 | degree=63.0 | epochs=20 ===
2026-04-20 10:17:48,911 [INFO]   Epoch 10/20 | Loss: 2.1744
2026-04-20 10:18:49,897 [INFO]   Epoch 20/20 | Loss: 2.1443
2026-04-20 10:19:12,865 [INFO] After Task 8 | Domain accs: [44.38, 54.37, 65.84, 78.6, 89.53, 95.39, 98.04, 98.34]
2026-04-20 10:19:12,865 [INFO] After Task 8 | Avg Domain-IL: 78.06%
2026-04-20 10:19:12,866 [INFO] === Task 9/20 | degree=72.0 | epochs=20 ===
2026-04-20 10:20:16,483 [INFO]   Epoch 10/20 | Loss: 2.2037
2026-04-20 10:21:13,698 [INFO]   Epoch 20/20 | Loss: 2.1748
2026-04-20 10:21:28,159 [INFO] After Task 9 | Domain accs: [47.79, 52.49, 61.96, 71.82, 83.16, 90.66, 96.23, 97.97, 98.08]
2026-04-20 10:21:28,159 [INFO] After Task 9 | Avg Domain-IL: 77.80%
2026-04-20 10:21:28,159 [INFO] === Task 10/20 | degree=81.0 | epochs=20 ===
2026-04-20 10:22:24,247 [INFO]   Epoch 10/20 | Loss: 2.2453
2026-04-20 10:23:20,102 [INFO]   Epoch 20/20 | Loss: 2.2091
2026-04-20 10:23:34,606 [INFO] After Task 10 | Domain accs: [48.0, 56.84, 63.88, 68.93, 74.97, 82.33, 90.69, 95.8, 97.89, 98.12]
2026-04-20 10:23:34,606 [INFO] After Task 10 | Avg Domain-IL: 77.75%
2026-04-20 10:23:34,606 [INFO] === Task 11/20 | degree=90.0 | epochs=20 ===
2026-04-20 10:24:28,730 [INFO]   Epoch 10/20 | Loss: 2.2884
2026-04-20 10:25:22,921 [INFO]   Epoch 20/20 | Loss: 2.2618
2026-04-20 10:25:37,734 [INFO] After Task 11 | Domain accs: [50.87, 56.6, 63.21, 67.6, 70.93, 76.06, 82.32, 89.92, 94.61, 97.06, 98.12]
2026-04-20 10:25:37,734 [INFO] After Task 11 | Avg Domain-IL: 77.03%
2026-04-20 10:25:37,734 [INFO] === Task 12/20 | degree=99.0 | epochs=20 ===
2026-04-20 10:26:34,001 [INFO]   Epoch 10/20 | Loss: 2.3114
2026-04-20 10:27:30,123 [INFO]   Epoch 20/20 | Loss: 2.2925
2026-04-20 10:27:45,824 [INFO] After Task 12 | Domain accs: [54.13, 59.57, 63.82, 66.93, 69.1, 73.7, 77.9, 85.09, 91.43, 95.09, 97.82, 97.88]
2026-04-20 10:27:45,824 [INFO] After Task 12 | Avg Domain-IL: 77.71%
2026-04-20 10:27:45,824 [INFO] === Task 13/20 | degree=108.0 | epochs=20 ===
2026-04-20 10:28:41,941 [INFO]   Epoch 10/20 | Loss: 2.3831
2026-04-20 10:29:38,080 [INFO]   Epoch 20/20 | Loss: 2.3421
2026-04-20 10:29:54,186 [INFO] After Task 13 | Domain accs: [51.55, 59.6, 65.5, 67.37, 66.71, 67.62, 70.8, 76.49, 83.24, 88.6, 95.23, 96.65, 97.74]
2026-04-20 10:29:54,186 [INFO] After Task 13 | Avg Domain-IL: 75.93%
2026-04-20 10:29:54,186 [INFO] === Task 14/20 | degree=117.0 | epochs=20 ===
2026-04-20 10:30:54,479 [INFO]   Epoch 10/20 | Loss: 2.4076
2026-04-20 10:32:05,631 [INFO]   Epoch 20/20 | Loss: 2.3626
2026-04-20 10:32:22,444 [INFO] After Task 14 | Domain accs: [47.88, 54.4, 63.1, 66.87, 68.69, 66.36, 67.07, 68.56, 70.37, 71.64, 83.87, 90.77, 96.09, 97.74]
2026-04-20 10:32:22,444 [INFO] After Task 14 | Avg Domain-IL: 72.39%
2026-04-20 10:32:22,444 [INFO] === Task 15/20 | degree=126.0 | epochs=20 ===
2026-04-20 10:33:18,610 [INFO]   Epoch 10/20 | Loss: 2.4247
2026-04-20 10:34:24,189 [INFO]   Epoch 20/20 | Loss: 2.3791
2026-04-20 10:34:54,478 [INFO] After Task 15 | Domain accs: [44.94, 50.07, 57.54, 62.16, 64.05, 63.83, 63.25, 62.75, 63.68, 67.68, 78.88, 86.04, 93.51, 96.88, 97.75]
2026-04-20 10:34:54,479 [INFO] After Task 15 | Avg Domain-IL: 70.20%
2026-04-20 10:34:54,479 [INFO] === Task 16/20 | degree=135.0 | epochs=20 ===
2026-04-20 10:36:01,757 [INFO]   Epoch 10/20 | Loss: 2.4143
2026-04-20 10:37:04,373 [INFO]   Epoch 20/20 | Loss: 2.3738
2026-04-20 10:37:21,858 [INFO] After Task 16 | Domain accs: [45.98, 47.52, 52.67, 58.76, 63.35, 65.39, 67.36, 66.35, 65.29, 65.05, 73.38, 77.87, 86.1, 93.04, 96.64, 97.46]
2026-04-20 10:37:21,859 [INFO] After Task 16 | Avg Domain-IL: 70.14%
2026-04-20 10:37:21,859 [INFO] === Task 17/20 | degree=144.0 | epochs=20 ===
2026-04-20 10:38:17,914 [INFO]   Epoch 10/20 | Loss: 2.4186
2026-04-20 10:39:13,888 [INFO]   Epoch 20/20 | Loss: 2.3754
2026-04-20 10:39:31,920 [INFO] After Task 17 | Domain accs: [44.16, 49.4, 53.93, 59.61, 64.48, 66.85, 68.73, 68.98, 68.78, 69.56, 72.31, 72.75, 80.84, 88.47, 94.35, 96.13, 97.07]
2026-04-20 10:39:31,920 [INFO] After Task 17 | Avg Domain-IL: 71.55%
2026-04-20 10:39:31,920 [INFO] === Task 18/20 | degree=153.0 | epochs=20 ===
2026-04-20 10:40:27,523 [INFO]   Epoch 10/20 | Loss: 2.4045
2026-04-20 10:41:22,909 [INFO]   Epoch 20/20 | Loss: 2.3613
2026-04-20 10:41:41,028 [INFO] After Task 18 | Domain accs: [44.48, 46.56, 50.33, 53.39, 56.96, 59.7, 63.87, 65.41, 66.8, 67.31, 69.54, 67.77, 74.06, 80.7, 89.21, 93.32, 96.54, 96.53]
2026-04-20 10:41:41,028 [INFO] After Task 18 | Avg Domain-IL: 69.03%
2026-04-20 10:41:41,028 [INFO] === Task 19/20 | degree=162.0 | epochs=20 ===
2026-04-20 10:42:35,893 [INFO]   Epoch 10/20 | Loss: 2.4443
2026-04-20 10:43:30,864 [INFO]   Epoch 20/20 | Loss: 2.3819
2026-04-20 10:43:49,461 [INFO] After Task 19 | Domain accs: [45.58, 47.05, 50.81, 55.11, 60.31, 63.17, 67.5, 67.69, 68.45, 67.09, 68.16, 65.32, 70.82, 74.92, 83.4, 89.87, 95.22, 97.22, 96.66]
2026-04-20 10:43:49,461 [INFO] After Task 19 | Avg Domain-IL: 70.23%
2026-04-20 10:43:49,461 [INFO] === Task 20/20 | degree=171.0 | epochs=20 ===
2026-04-20 10:44:44,480 [INFO]   Epoch 10/20 | Loss: 2.4197
2026-04-20 10:45:39,512 [INFO]   Epoch 20/20 | Loss: 2.3656
2026-04-20 10:45:59,499 [INFO] After Task 20 | Domain accs: [41.98, 43.58, 46.42, 50.68, 53.96, 58.23, 62.44, 63.89, 64.38, 63.95, 63.52, 61.8, 66.23, 69.19, 74.88, 82.2, 89.34, 94.48, 95.86, 96.04]
2026-04-20 10:45:59,499 [INFO] After Task 20 | Avg Domain-IL: 67.15%
2026-04-20 10:45:59,499 [INFO] ==================================================
2026-04-20 10:45:59,499 [INFO] >>>> FINAL DOMAIN-IL METRICS <<<<
2026-04-20 10:45:59,499 [INFO] Domain-IL Accuracy : 67.15%
2026-04-20 10:45:59,499 [INFO] Backward Transfer  : -32.3600
2026-04-20 10:45:59,499 [INFO] Forgetting Measure : 32.3963
2026-04-20 10:45:59,499 [INFO] ==================================================
2026-04-20 10:45:59,564 [INFO] Trial 1 done in 3078.8s
2026-04-20 10:45:59,568 [INFO] >>>> TRIAL 2/5 <<<<
2026-04-20 10:45:59,568 [INFO] Using device: cuda
2026-04-20 10:45:59,568 [INFO] R-MNIST degrees: [0, 9, 18, 27, 36, 45, 54, 63, 72, 81, 90, 99, 108, 117, 126, 135, 144, 153, 162, 171]
2026-04-20 10:46:00,073 [INFO] === Task 1/20 | degree=0.0 | epochs=100 ===
2026-04-20 10:46:52,727 [INFO]   Epoch 10/100 | Loss: 1.7842
2026-04-20 10:47:48,687 [INFO]   Epoch 20/100 | Loss: 1.7235
2026-04-20 10:48:46,569 [INFO]   Epoch 30/100 | Loss: 1.7243
2026-04-20 10:49:43,646 [INFO]   Epoch 40/100 | Loss: 1.6813
2026-04-20 10:50:39,981 [INFO]   Epoch 50/100 | Loss: 1.6991
2026-04-20 10:51:48,396 [INFO]   Epoch 60/100 | Loss: 1.6588
2026-04-20 10:52:47,397 [INFO]   Epoch 70/100 | Loss: 1.6845
2026-04-20 10:53:46,880 [INFO]   Epoch 80/100 | Loss: 1.6483
2026-04-20 10:54:51,386 [INFO]   Epoch 90/100 | Loss: 1.6779
2026-04-20 10:55:49,757 [INFO]   Epoch 100/100 | Loss: 1.6404
2026-04-20 10:56:38,751 [INFO] After Task 1 | Domain accs: [98.54]
2026-04-20 10:56:38,751 [INFO] After Task 1 | Avg Domain-IL: 98.54%
2026-04-20 10:56:38,751 [INFO] === Task 2/20 | degree=9.0 | epochs=20 ===
2026-04-20 10:57:46,923 [INFO]   Epoch 10/20 | Loss: 1.7606
2026-04-20 10:59:07,291 [INFO]   Epoch 20/20 | Loss: 1.7338
2026-04-20 11:00:11,656 [INFO] After Task 2 | Domain accs: [98.33, 98.54]
2026-04-20 11:00:11,656 [INFO] After Task 2 | Avg Domain-IL: 98.44%
2026-04-20 11:00:11,656 [INFO] === Task 3/20 | degree=18.0 | epochs=20 ===
2026-04-20 11:01:17,503 [INFO]   Epoch 10/20 | Loss: 1.8533
2026-04-20 11:02:21,314 [INFO]   Epoch 20/20 | Loss: 1.8137
2026-04-20 11:03:24,091 [INFO] After Task 3 | Domain accs: [96.35, 97.98, 98.9]
2026-04-20 11:03:24,091 [INFO] After Task 3 | Avg Domain-IL: 97.74%
2026-04-20 11:03:24,091 [INFO] === Task 4/20 | degree=27.0 | epochs=20 ===
2026-04-20 11:04:40,740 [INFO]   Epoch 10/20 | Loss: 1.9005
2026-04-20 11:05:53,474 [INFO]   Epoch 20/20 | Loss: 1.8738
2026-04-20 11:07:03,188 [INFO] After Task 4 | Domain accs: [88.58, 94.51, 98.16, 98.78]
2026-04-20 11:07:03,188 [INFO] After Task 4 | Avg Domain-IL: 95.01%
2026-04-20 11:07:03,188 [INFO] === Task 5/20 | degree=36.0 | epochs=20 ===
2026-04-20 11:08:04,734 [INFO]   Epoch 10/20 | Loss: 1.9716
