2026-04-21 11:03:56,363 [INFO] ==================================================
2026-04-21 11:03:56,374 [INFO] >>>> R-MNIST DOMAIN-IL BENCHMARK <<<<
2026-04-21 11:03:56,374 [INFO] ==================================================
2026-04-21 11:03:56,374 [INFO]   lmbd            = 0.6
2026-04-21 11:03:56,374 [INFO]   trials          = 5
2026-04-21 11:03:56,374 [INFO]   t_contrast      = 0.2
2026-04-21 11:03:56,374 [INFO]   t_student       = 0.1
2026-04-21 11:03:56,374 [INFO]   t_teacher       = 0.01
2026-04-21 11:03:56,375 [INFO]   epochs_train    = 20
2026-04-21 11:03:56,375 [INFO]   epochs_eval     = 100
2026-04-21 11:03:56,375 [INFO]   alpha_lump      = 0.1
2026-04-21 11:03:56,375 [INFO]   buffer_size     = 500
2026-04-21 11:03:56,375 [INFO]   data_root       = ./data
2026-04-21 11:03:56,375 [INFO]   log_file        = None
2026-04-21 11:03:56,375 [INFO]   gpu             = 1
2026-04-21 11:03:56,375 [INFO] ==================================================
2026-04-21 11:03:56,375 [INFO] >>>> TRIAL 1/5 <<<<
2026-04-21 11:03:56,435 [INFO] Using device: cuda
2026-04-21 11:03:56,435 [INFO] R-MNIST degrees: [0, 9, 18, 27, 36, 45, 54, 63, 72, 81, 90, 99, 108, 117, 126, 135, 144, 153, 162, 171]
2026-04-21 11:03:57,216 [INFO] === Task 1/20 | degree=0.0 | epochs=100 ===
2026-04-21 11:04:54,198 [INFO]   Epoch 10/100 | Loss: 1.7799
2026-04-21 11:05:50,575 [INFO]   Epoch 20/100 | Loss: 1.7206
2026-04-21 11:06:46,193 [INFO]   Epoch 30/100 | Loss: 1.7223
2026-04-21 11:07:41,995 [INFO]   Epoch 40/100 | Loss: 1.6794
2026-04-21 11:08:38,579 [INFO]   Epoch 50/100 | Loss: 1.6982
2026-04-21 11:09:35,211 [INFO]   Epoch 60/100 | Loss: 1.6593
2026-04-21 11:10:31,696 [INFO]   Epoch 70/100 | Loss: 1.6859
2026-04-21 11:11:27,893 [INFO]   Epoch 80/100 | Loss: 1.6476
2026-04-21 11:12:23,958 [INFO]   Epoch 90/100 | Loss: 1.6781
2026-04-21 11:13:19,884 [INFO]   Epoch 100/100 | Loss: 1.6404
2026-04-21 11:14:33,903 [INFO] After Task 1 | Domain accs: [98.91]
2026-04-21 11:14:33,903 [INFO] After Task 1 | Current Domain-IL: 98.91%
2026-04-21 11:14:33,903 [INFO] === Task 2/20 | degree=9.0 | epochs=20 ===
2026-04-21 11:15:36,504 [INFO]   Epoch 10/20 | Loss: 1.7569
2026-04-21 11:16:38,719 [INFO]   Epoch 20/20 | Loss: 1.7233
2026-04-21 11:17:54,351 [INFO] After Task 2 | Domain accs: [98.91, 98.84]
2026-04-21 11:17:54,351 [INFO] After Task 2 | Current Domain-IL: 98.84%
2026-04-21 11:17:54,351 [INFO] === Task 3/20 | degree=18.0 | epochs=20 ===
2026-04-21 11:18:56,104 [INFO]   Epoch 10/20 | Loss: 1.8328
2026-04-21 11:19:59,636 [INFO]   Epoch 20/20 | Loss: 1.8016
2026-04-21 11:21:15,305 [INFO] After Task 3 | Domain accs: [98.91, 98.84, 98.93]
2026-04-21 11:21:15,305 [INFO] After Task 3 | Current Domain-IL: 98.93%
2026-04-21 11:21:15,305 [INFO] === Task 4/20 | degree=27.0 | epochs=20 ===
2026-04-21 11:22:17,544 [INFO]   Epoch 10/20 | Loss: 1.9014
2026-04-21 11:23:18,999 [INFO]   Epoch 20/20 | Loss: 1.8711
2026-04-21 11:24:30,808 [INFO] After Task 4 | Domain accs: [98.91, 98.84, 98.93, 98.97]
2026-04-21 11:24:30,808 [INFO] After Task 4 | Current Domain-IL: 98.97%
2026-04-21 11:24:30,808 [INFO] === Task 5/20 | degree=36.0 | epochs=20 ===
2026-04-21 11:25:32,676 [INFO]   Epoch 10/20 | Loss: 1.9684
2026-04-21 11:26:35,479 [INFO]   Epoch 20/20 | Loss: 1.9239
2026-04-21 11:27:51,058 [INFO] After Task 5 | Domain accs: [98.91, 98.84, 98.93, 98.97, 98.92]
2026-04-21 11:27:51,058 [INFO] After Task 5 | Current Domain-IL: 98.92%
2026-04-21 11:27:51,058 [INFO] === Task 6/20 | degree=45.0 | epochs=20 ===
2026-04-21 11:28:53,567 [INFO]   Epoch 10/20 | Loss: 2.0176
2026-04-21 11:29:55,244 [INFO]   Epoch 20/20 | Loss: 1.9733
2026-04-21 11:31:10,932 [INFO] After Task 6 | Domain accs: [98.91, 98.84, 98.93, 98.97, 98.92, 98.9]
2026-04-21 11:31:10,932 [INFO] After Task 6 | Current Domain-IL: 98.90%
2026-04-21 11:31:10,932 [INFO] === Task 7/20 | degree=54.0 | epochs=20 ===
2026-04-21 11:32:12,830 [INFO]   Epoch 10/20 | Loss: 2.0798
2026-04-21 11:33:15,090 [INFO]   Epoch 20/20 | Loss: 2.0441
2026-04-21 11:34:30,985 [INFO] After Task 7 | Domain accs: [98.91, 98.84, 98.93, 98.97, 98.92, 98.9, 99.08]
2026-04-21 11:34:30,985 [INFO] After Task 7 | Current Domain-IL: 99.08%
2026-04-21 11:34:30,985 [INFO] === Task 8/20 | degree=63.0 | epochs=20 ===
2026-04-21 11:35:33,238 [INFO]   Epoch 10/20 | Loss: 2.1221
2026-04-21 11:36:35,231 [INFO]   Epoch 20/20 | Loss: 2.0909
2026-04-21 11:37:49,849 [INFO] After Task 8 | Domain accs: [98.91, 98.84, 98.93, 98.97, 98.92, 98.9, 99.08, 98.7]
2026-04-21 11:37:49,849 [INFO] After Task 8 | Current Domain-IL: 98.70%
2026-04-21 11:37:49,849 [INFO] === Task 9/20 | degree=72.0 | epochs=20 ===
2026-04-21 11:38:52,160 [INFO]   Epoch 10/20 | Loss: 2.1797
2026-04-21 11:39:54,884 [INFO]   Epoch 20/20 | Loss: 2.1296
2026-04-21 11:41:12,053 [INFO] After Task 9 | Domain accs: [98.91, 98.84, 98.93, 98.97, 98.92, 98.9, 99.08, 98.7, 98.57]
2026-04-21 11:41:12,053 [INFO] After Task 9 | Current Domain-IL: 98.57%
2026-04-21 11:41:12,053 [INFO] === Task 10/20 | degree=81.0 | epochs=20 ===
2026-04-21 11:42:13,606 [INFO]   Epoch 10/20 | Loss: 2.2175
2026-04-21 11:43:15,710 [INFO]   Epoch 20/20 | Loss: 2.1846
2026-04-21 11:44:36,007 [INFO] After Task 10 | Domain accs: [98.91, 98.84, 98.93, 98.97, 98.92, 98.9, 99.08, 98.7, 98.57, 98.73]
2026-04-21 11:44:36,018 [INFO] After Task 10 | Current Domain-IL: 98.73%
2026-04-21 11:44:36,018 [INFO] === Task 11/20 | degree=90.0 | epochs=20 ===
2026-04-21 11:45:37,906 [INFO]   Epoch 10/20 | Loss: 2.2544
2026-04-21 11:46:40,609 [INFO]   Epoch 20/20 | Loss: 2.2073
2026-04-21 11:47:58,961 [INFO] After Task 11 | Domain accs: [98.91, 98.84, 98.93, 98.97, 98.92, 98.9, 99.08, 98.7, 98.57, 98.73, 98.87]
2026-04-21 11:47:58,962 [INFO] After Task 11 | Current Domain-IL: 98.87%
2026-04-21 11:47:58,962 [INFO] === Task 12/20 | degree=99.0 | epochs=20 ===
2026-04-21 11:48:59,868 [INFO]   Epoch 10/20 | Loss: 2.2950
2026-04-21 11:50:00,347 [INFO]   Epoch 20/20 | Loss: 2.2534
2026-04-21 11:51:15,604 [INFO] After Task 12 | Domain accs: [98.91, 98.84, 98.93, 98.97, 98.92, 98.9, 99.08, 98.7, 98.57, 98.73, 98.87, 98.5]
2026-04-21 11:51:15,604 [INFO] After Task 12 | Current Domain-IL: 98.50%
2026-04-21 11:51:15,604 [INFO] === Task 13/20 | degree=108.0 | epochs=20 ===
2026-04-21 11:52:15,776 [INFO]   Epoch 10/20 | Loss: 2.3297
2026-04-21 11:53:15,906 [INFO]   Epoch 20/20 | Loss: 2.3148
2026-04-21 11:54:36,949 [INFO] After Task 13 | Domain accs: [98.91, 98.84, 98.93, 98.97, 98.92, 98.9, 99.08, 98.7, 98.57, 98.73, 98.87, 98.5, 98.63]
2026-04-21 11:54:36,949 [INFO] After Task 13 | Current Domain-IL: 98.63%
2026-04-21 11:54:36,949 [INFO] === Task 14/20 | degree=117.0 | epochs=20 ===
2026-04-21 11:55:41,296 [INFO]   Epoch 10/20 | Loss: 2.3655
2026-04-21 11:56:47,100 [INFO]   Epoch 20/20 | Loss: 2.3206
2026-04-21 11:58:09,186 [INFO] After Task 14 | Domain accs: [98.91, 98.84, 98.93, 98.97, 98.92, 98.9, 99.08, 98.7, 98.57, 98.73, 98.87, 98.5, 98.63, 98.71]
2026-04-21 11:58:09,186 [INFO] After Task 14 | Current Domain-IL: 98.71%
2026-04-21 11:58:09,187 [INFO] === Task 15/20 | degree=126.0 | epochs=20 ===
2026-04-21 11:59:15,331 [INFO]   Epoch 10/20 | Loss: 2.3767
2026-04-21 12:00:21,647 [INFO]   Epoch 20/20 | Loss: 2.3157
2026-04-21 12:01:42,922 [INFO] After Task 15 | Domain accs: [98.91, 98.84, 98.93, 98.97, 98.92, 98.9, 99.08, 98.7, 98.57, 98.73, 98.87, 98.5, 98.63, 98.71, 98.55]
2026-04-21 12:01:42,922 [INFO] After Task 15 | Current Domain-IL: 98.55%
2026-04-21 12:01:42,922 [INFO] === Task 16/20 | degree=135.0 | epochs=20 ===
2026-04-21 12:02:49,620 [INFO]   Epoch 10/20 | Loss: 2.3752
2026-04-21 12:03:56,898 [INFO]   Epoch 20/20 | Loss: 2.3152
2026-04-21 12:05:20,361 [INFO] After Task 16 | Domain accs: [98.91, 98.84, 98.93, 98.97, 98.92, 98.9, 99.08, 98.7, 98.57, 98.73, 98.87, 98.5, 98.63, 98.71, 98.55, 98.38]
2026-04-21 12:05:20,361 [INFO] After Task 16 | Current Domain-IL: 98.38%
2026-04-21 12:05:20,361 [INFO] === Task 17/20 | degree=144.0 | epochs=20 ===
2026-04-21 12:06:28,567 [INFO]   Epoch 10/20 | Loss: 2.3767
2026-04-21 12:07:32,640 [INFO]   Epoch 20/20 | Loss: 2.3444
2026-04-21 12:08:52,771 [INFO] After Task 17 | Domain accs: [98.91, 98.84, 98.93, 98.97, 98.92, 98.9, 99.08, 98.7, 98.57, 98.73, 98.87, 98.5, 98.63, 98.71, 98.55, 98.38, 98.55]
2026-04-21 12:08:52,771 [INFO] After Task 17 | Current Domain-IL: 98.55%
2026-04-21 12:08:52,771 [INFO] === Task 18/20 | degree=153.0 | epochs=20 ===
2026-04-21 12:10:00,042 [INFO]   Epoch 10/20 | Loss: 2.3652
2026-04-21 12:11:01,900 [INFO]   Epoch 20/20 | Loss: 2.3400
2026-04-21 12:12:25,184 [INFO] After Task 18 | Domain accs: [98.91, 98.84, 98.93, 98.97, 98.92, 98.9, 99.08, 98.7, 98.57, 98.73, 98.87, 98.5, 98.63, 98.71, 98.55, 98.38, 98.55, 98.32]
2026-04-21 12:12:25,184 [INFO] After Task 18 | Current Domain-IL: 98.32%
2026-04-21 12:12:25,184 [INFO] === Task 19/20 | degree=162.0 | epochs=20 ===
2026-04-21 12:13:33,808 [INFO]   Epoch 10/20 | Loss: 2.3797
2026-04-21 12:14:37,754 [INFO]   Epoch 20/20 | Loss: 2.3414
2026-04-21 12:16:01,699 [INFO] After Task 19 | Domain accs: [98.91, 98.84, 98.93, 98.97, 98.92, 98.9, 99.08, 98.7, 98.57, 98.73, 98.87, 98.5, 98.63, 98.71, 98.55, 98.38, 98.55, 98.32, 98.24]
2026-04-21 12:16:01,699 [INFO] After Task 19 | Current Domain-IL: 98.24%
2026-04-21 12:16:01,699 [INFO] === Task 20/20 | degree=171.0 | epochs=20 ===
2026-04-21 12:17:03,860 [INFO]   Epoch 10/20 | Loss: 2.3899
2026-04-21 12:18:04,223 [INFO]   Epoch 20/20 | Loss: 2.3528
2026-04-21 12:19:31,306 [INFO] After Task 20 | Domain accs: [98.91, 98.84, 98.93, 98.97, 98.92, 98.9, 99.08, 98.7, 98.57, 98.73, 98.87, 98.5, 98.63, 98.71, 98.55, 98.38, 98.55, 98.32, 98.24, 97.97]
2026-04-21 12:19:31,306 [INFO] After Task 20 | Current Domain-IL: 97.97%
2026-04-21 12:19:31,306 [INFO] ==================================================
2026-04-21 12:19:31,306 [INFO] >>>> FINAL DOMAIN-IL METRICS <<<<
2026-04-21 12:19:31,306 [INFO] Domain-IL Accuracy : 98.66%
2026-04-21 12:19:31,306 [INFO] Backward Transfer  : -0.7300
2026-04-21 12:19:31,306 [INFO] Forgetting Measure : 0.8395
2026-04-21 12:19:31,306 [INFO] ==================================================
2026-04-21 12:19:31,363 [INFO] Trial 1 done in 4535.0s
2026-04-21 12:19:31,366 [INFO] >>>> TRIAL 2/5 <<<<
2026-04-21 12:19:31,366 [INFO] Using device: cuda
2026-04-21 12:19:31,367 [INFO] R-MNIST degrees: [0, 9, 18, 27, 36, 45, 54, 63, 72, 81, 90, 99, 108, 117, 126, 135, 144, 153, 162, 171]
2026-04-21 12:19:32,027 [INFO] === Task 1/20 | degree=0.0 | epochs=100 ===
2026-04-21 12:20:28,693 [INFO]   Epoch 10/100 | Loss: 1.7815
2026-04-21 12:21:25,812 [INFO]   Epoch 20/100 | Loss: 1.7207
2026-04-21 12:22:22,540 [INFO]   Epoch 30/100 | Loss: 1.7246
2026-04-21 12:23:18,772 [INFO]   Epoch 40/100 | Loss: 1.6791
2026-04-21 12:24:15,506 [INFO]   Epoch 50/100 | Loss: 1.6969
2026-04-21 12:25:11,504 [INFO]   Epoch 60/100 | Loss: 1.6588
2026-04-21 12:26:08,102 [INFO]   Epoch 70/100 | Loss: 1.6831
2026-04-21 12:27:04,868 [INFO]   Epoch 80/100 | Loss: 1.6454
2026-04-21 12:28:01,392 [INFO]   Epoch 90/100 | Loss: 1.6745
2026-04-21 12:28:58,359 [INFO]   Epoch 100/100 | Loss: 1.6385
2026-04-21 12:30:15,967 [INFO] After Task 1 | Domain accs: [98.6]
2026-04-21 12:30:15,967 [INFO] After Task 1 | Current Domain-IL: 98.60%
2026-04-21 12:30:15,967 [INFO] === Task 2/20 | degree=9.0 | epochs=20 ===
2026-04-21 12:31:20,342 [INFO]   Epoch 10/20 | Loss: 1.7563
2026-04-21 12:32:25,485 [INFO]   Epoch 20/20 | Loss: 1.7205
2026-04-21 12:33:41,248 [INFO] After Task 2 | Domain accs: [98.6, 98.21]
2026-04-21 12:33:41,248 [INFO] After Task 2 | Current Domain-IL: 98.21%
2026-04-21 12:33:41,248 [INFO] === Task 3/20 | degree=18.0 | epochs=20 ===
2026-04-21 12:34:46,070 [INFO]   Epoch 10/20 | Loss: 1.8362
2026-04-21 12:35:51,051 [INFO]   Epoch 20/20 | Loss: 1.8005
2026-04-21 12:37:05,675 [INFO] After Task 3 | Domain accs: [98.6, 98.21, 98.61]
2026-04-21 12:37:05,676 [INFO] After Task 3 | Current Domain-IL: 98.61%
2026-04-21 12:37:05,676 [INFO] === Task 4/20 | degree=27.0 | epochs=20 ===
2026-04-21 12:38:10,630 [INFO]   Epoch 10/20 | Loss: 1.9007
2026-04-21 12:39:13,709 [INFO]   Epoch 20/20 | Loss: 1.8660
2026-04-21 12:40:31,326 [INFO] After Task 4 | Domain accs: [98.6, 98.21, 98.61, 98.44]
2026-04-21 12:40:31,326 [INFO] After Task 4 | Current Domain-IL: 98.44%
2026-04-21 12:40:31,326 [INFO] === Task 5/20 | degree=36.0 | epochs=20 ===
2026-04-21 12:41:35,090 [INFO]   Epoch 10/20 | Loss: 1.9555
2026-04-21 12:42:39,186 [INFO]   Epoch 20/20 | Loss: 1.9302
2026-04-21 12:43:56,158 [INFO] After Task 5 | Domain accs: [98.6, 98.21, 98.61, 98.44, 98.76]
2026-04-21 12:43:56,158 [INFO] After Task 5 | Current Domain-IL: 98.76%
2026-04-21 12:43:56,158 [INFO] === Task 6/20 | degree=45.0 | epochs=20 ===
2026-04-21 12:45:00,786 [INFO]   Epoch 10/20 | Loss: 2.0224
2026-04-21 12:46:04,988 [INFO]   Epoch 20/20 | Loss: 1.9658
2026-04-21 12:47:25,354 [INFO] After Task 6 | Domain accs: [98.6, 98.21, 98.61, 98.44, 98.76, 98.7]
2026-04-21 12:47:25,354 [INFO] After Task 6 | Current Domain-IL: 98.70%
2026-04-21 12:47:25,354 [INFO] === Task 7/20 | degree=54.0 | epochs=20 ===
2026-04-21 12:48:30,222 [INFO]   Epoch 10/20 | Loss: 2.0565
2026-04-21 12:49:35,139 [INFO]   Epoch 20/20 | Loss: 2.0222
2026-04-21 12:50:58,372 [INFO] After Task 7 | Domain accs: [98.6, 98.21, 98.61, 98.44, 98.76, 98.7, 98.68]
2026-04-21 12:50:58,372 [INFO] After Task 7 | Current Domain-IL: 98.68%
2026-04-21 12:50:58,372 [INFO] === Task 8/20 | degree=63.0 | epochs=20 ===
2026-04-21 12:52:03,088 [INFO]   Epoch 10/20 | Loss: 2.1136
2026-04-21 12:53:07,394 [INFO]   Epoch 20/20 | Loss: 2.0871
2026-04-21 12:54:27,954 [INFO] After Task 8 | Domain accs: [98.6, 98.21, 98.61, 98.44, 98.76, 98.7, 98.68, 98.75]
2026-04-21 12:54:27,955 [INFO] After Task 8 | Current Domain-IL: 98.75%
2026-04-21 12:54:27,955 [INFO] === Task 9/20 | degree=72.0 | epochs=20 ===
2026-04-21 12:55:28,059 [INFO]   Epoch 10/20 | Loss: 2.1620
2026-04-21 12:56:27,701 [INFO]   Epoch 20/20 | Loss: 2.1271
2026-04-21 12:57:45,938 [INFO] After Task 9 | Domain accs: [98.6, 98.21, 98.61, 98.44, 98.76, 98.7, 98.68, 98.75, 98.76]
2026-04-21 12:57:45,938 [INFO] After Task 9 | Current Domain-IL: 98.76%
2026-04-21 12:57:45,938 [INFO] === Task 10/20 | degree=81.0 | epochs=20 ===
2026-04-21 12:58:45,935 [INFO]   Epoch 10/20 | Loss: 2.2157
2026-04-21 12:59:47,104 [INFO]   Epoch 20/20 | Loss: 2.1752
2026-04-21 13:01:06,552 [INFO] After Task 10 | Domain accs: [98.6, 98.21, 98.61, 98.44, 98.76, 98.7, 98.68, 98.75, 98.76, 98.4]
2026-04-21 13:01:06,553 [INFO] After Task 10 | Current Domain-IL: 98.40%
2026-04-21 13:01:06,553 [INFO] === Task 11/20 | degree=90.0 | epochs=20 ===
2026-04-21 13:02:07,463 [INFO]   Epoch 10/20 | Loss: 2.2432
2026-04-21 13:03:11,919 [INFO]   Epoch 20/20 | Loss: 2.2100
2026-04-21 13:04:33,506 [INFO] After Task 11 | Domain accs: [98.6, 98.21, 98.61, 98.44, 98.76, 98.7, 98.68, 98.75, 98.76, 98.4, 98.72]
2026-04-21 13:04:33,506 [INFO] After Task 11 | Current Domain-IL: 98.72%
2026-04-21 13:04:33,506 [INFO] === Task 12/20 | degree=99.0 | epochs=20 ===
2026-04-21 13:05:39,841 [INFO]   Epoch 10/20 | Loss: 2.3229
2026-04-21 13:06:46,924 [INFO]   Epoch 20/20 | Loss: 2.2564
2026-04-21 13:08:11,393 [INFO] After Task 12 | Domain accs: [98.6, 98.21, 98.61, 98.44, 98.76, 98.7, 98.68, 98.75, 98.76, 98.4, 98.72, 98.39]
2026-04-21 13:08:11,393 [INFO] After Task 12 | Current Domain-IL: 98.39%
2026-04-21 13:08:11,393 [INFO] === Task 13/20 | degree=108.0 | epochs=20 ===
2026-04-21 13:09:14,296 [INFO]   Epoch 10/20 | Loss: 2.3280
2026-04-21 13:10:19,762 [INFO]   Epoch 20/20 | Loss: 2.3062
2026-04-21 13:11:42,650 [INFO] After Task 13 | Domain accs: [98.6, 98.21, 98.61, 98.44, 98.76, 98.7, 98.68, 98.75, 98.76, 98.4, 98.72, 98.39, 98.32]
2026-04-21 13:11:42,650 [INFO] After Task 13 | Current Domain-IL: 98.32%
2026-04-21 13:11:42,650 [INFO] === Task 14/20 | degree=117.0 | epochs=20 ===
2026-04-21 13:12:48,669 [INFO]   Epoch 10/20 | Loss: 2.3681
2026-04-21 13:13:54,607 [INFO]   Epoch 20/20 | Loss: 2.3245
2026-04-21 13:15:16,685 [INFO] After Task 14 | Domain accs: [98.6, 98.21, 98.61, 98.44, 98.76, 98.7, 98.68, 98.75, 98.76, 98.4, 98.72, 98.39, 98.32, 98.16]
2026-04-21 13:15:16,685 [INFO] After Task 14 | Current Domain-IL: 98.16%
2026-04-21 13:15:16,685 [INFO] === Task 15/20 | degree=126.0 | epochs=20 ===
2026-04-21 13:16:22,623 [INFO]   Epoch 10/20 | Loss: 2.3810
2026-04-21 13:17:28,335 [INFO]   Epoch 20/20 | Loss: 2.3116
2026-04-21 13:18:51,344 [INFO] After Task 15 | Domain accs: [98.6, 98.21, 98.61, 98.44, 98.76, 98.7, 98.68, 98.75, 98.76, 98.4, 98.72, 98.39, 98.32, 98.16, 98.32]
2026-04-21 13:18:51,344 [INFO] After Task 15 | Current Domain-IL: 98.32%
2026-04-21 13:18:51,344 [INFO] === Task 16/20 | degree=135.0 | epochs=20 ===
2026-04-21 13:19:57,228 [INFO]   Epoch 10/20 | Loss: 2.3516
2026-04-21 13:21:02,959 [INFO]   Epoch 20/20 | Loss: 2.3178
2026-04-21 13:22:26,034 [INFO] After Task 16 | Domain accs: [98.6, 98.21, 98.61, 98.44, 98.76, 98.7, 98.68, 98.75, 98.76, 98.4, 98.72, 98.39, 98.32, 98.16, 98.32, 98.15]
2026-04-21 13:22:26,034 [INFO] After Task 16 | Current Domain-IL: 98.15%
2026-04-21 13:22:26,034 [INFO] === Task 17/20 | degree=144.0 | epochs=20 ===
2026-04-21 13:23:32,115 [INFO]   Epoch 10/20 | Loss: 2.3759
2026-04-21 13:24:37,230 [INFO]   Epoch 20/20 | Loss: 2.3282
2026-04-21 13:26:00,743 [INFO] After Task 17 | Domain accs: [98.6, 98.21, 98.61, 98.44, 98.76, 98.7, 98.68, 98.75, 98.76, 98.4, 98.72, 98.39, 98.32, 98.16, 98.32, 98.15, 98.59]
2026-04-21 13:26:00,743 [INFO] After Task 17 | Current Domain-IL: 98.59%
2026-04-21 13:26:00,743 [INFO] === Task 18/20 | degree=153.0 | epochs=20 ===
2026-04-21 13:27:06,608 [INFO]   Epoch 10/20 | Loss: 2.3707
2026-04-21 13:28:12,476 [INFO]   Epoch 20/20 | Loss: 2.3406
2026-04-21 13:29:37,047 [INFO] After Task 18 | Domain accs: [98.6, 98.21, 98.61, 98.44, 98.76, 98.7, 98.68, 98.75, 98.76, 98.4, 98.72, 98.39, 98.32, 98.16, 98.32, 98.15, 98.59, 98.33]
2026-04-21 13:29:37,047 [INFO] After Task 18 | Current Domain-IL: 98.33%
2026-04-21 13:29:37,048 [INFO] === Task 19/20 | degree=162.0 | epochs=20 ===
2026-04-21 13:30:42,810 [INFO]   Epoch 10/20 | Loss: 2.3763
2026-04-21 13:31:48,515 [INFO]   Epoch 20/20 | Loss: 2.3430
2026-04-21 13:33:13,634 [INFO] After Task 19 | Domain accs: [98.6, 98.21, 98.61, 98.44, 98.76, 98.7, 98.68, 98.75, 98.76, 98.4, 98.72, 98.39, 98.32, 98.16, 98.32, 98.15, 98.59, 98.33, 97.9]
2026-04-21 13:33:13,634 [INFO] After Task 19 | Current Domain-IL: 97.90%
2026-04-21 13:33:13,634 [INFO] === Task 20/20 | degree=171.0 | epochs=20 ===
2026-04-21 13:34:19,238 [INFO]   Epoch 10/20 | Loss: 2.3771
2026-04-21 13:35:25,121 [INFO]   Epoch 20/20 | Loss: 2.3425
2026-04-21 13:36:50,812 [INFO] After Task 20 | Domain accs: [98.6, 98.21, 98.61, 98.44, 98.76, 98.7, 98.68, 98.75, 98.76, 98.4, 98.72, 98.39, 98.32, 98.16, 98.32, 98.15, 98.59, 98.33, 97.9, 98.28]
2026-04-21 13:36:50,812 [INFO] After Task 20 | Current Domain-IL: 98.28%
2026-04-21 13:36:50,812 [INFO] ==================================================
2026-04-21 13:36:50,812 [INFO] >>>> FINAL DOMAIN-IL METRICS <<<<
2026-04-21 13:36:50,812 [INFO] Domain-IL Accuracy : 98.45%
2026-04-21 13:36:50,812 [INFO] Backward Transfer  : -0.1826
2026-04-21 13:36:50,812 [INFO] Forgetting Measure : 0.3542
2026-04-21 13:36:50,812 [INFO] ==================================================
2026-04-21 13:36:50,872 [INFO] Trial 2 done in 4639.5s
2026-04-21 13:36:50,876 [INFO] >>>> TRIAL 3/5 <<<<
2026-04-21 13:36:50,877 [INFO] Using device: cuda
2026-04-21 13:36:50,877 [INFO] R-MNIST degrees: [0, 9, 18, 27, 36, 45, 54, 63, 72, 81, 90, 99, 108, 117, 126, 135, 144, 153, 162, 171]
2026-04-21 13:36:51,527 [INFO] === Task 1/20 | degree=0.0 | epochs=100 ===
2026-04-21 13:37:47,425 [INFO]   Epoch 10/100 | Loss: 1.7871
2026-04-21 13:38:42,363 [INFO]   Epoch 20/100 | Loss: 1.7278
2026-04-21 13:39:36,994 [INFO]   Epoch 30/100 | Loss: 1.7276
2026-04-21 13:40:31,933 [INFO]   Epoch 40/100 | Loss: 1.6842
2026-04-21 13:41:26,673 [INFO]   Epoch 50/100 | Loss: 1.7022
2026-04-21 13:42:21,516 [INFO]   Epoch 60/100 | Loss: 1.6622
2026-04-21 13:43:16,276 [INFO]   Epoch 70/100 | Loss: 1.6863
2026-04-21 13:44:16,485 [INFO]   Epoch 80/100 | Loss: 1.6497
2026-04-21 13:45:20,783 [INFO]   Epoch 90/100 | Loss: 1.6788
2026-04-21 13:46:29,159 [INFO]   Epoch 100/100 | Loss: 1.6431
2026-04-21 13:52:28,646 [INFO] After Task 1 | Domain accs: [98.74]
2026-04-21 13:52:28,646 [INFO] After Task 1 | Current Domain-IL: 98.74%
2026-04-21 13:52:28,646 [INFO] === Task 2/20 | degree=9.0 | epochs=20 ===
2026-04-21 13:53:27,500 [INFO]   Epoch 10/20 | Loss: 1.7631
2026-04-21 13:54:26,032 [INFO]   Epoch 20/20 | Loss: 1.7220
2026-04-21 13:55:35,629 [INFO] After Task 2 | Domain accs: [98.74, 98.57]
2026-04-21 13:55:35,629 [INFO] After Task 2 | Current Domain-IL: 98.57%
2026-04-21 13:55:35,629 [INFO] === Task 3/20 | degree=18.0 | epochs=20 ===
2026-04-21 13:56:35,812 [INFO]   Epoch 10/20 | Loss: 1.8366
2026-04-21 13:57:36,238 [INFO]   Epoch 20/20 | Loss: 1.8019
2026-04-21 13:58:51,373 [INFO] After Task 3 | Domain accs: [98.74, 98.57, 98.66]
2026-04-21 13:58:51,373 [INFO] After Task 3 | Current Domain-IL: 98.66%
2026-04-21 13:58:51,373 [INFO] === Task 4/20 | degree=27.0 | epochs=20 ===
2026-04-21 13:59:51,750 [INFO]   Epoch 10/20 | Loss: 1.9015
2026-04-21 14:00:54,409 [INFO]   Epoch 20/20 | Loss: 1.8714
2026-04-21 14:02:10,922 [INFO] After Task 4 | Domain accs: [98.74, 98.57, 98.66, 98.68]
2026-04-21 14:02:10,922 [INFO] After Task 4 | Current Domain-IL: 98.68%
2026-04-21 14:02:10,922 [INFO] === Task 5/20 | degree=36.0 | epochs=20 ===
2026-04-21 14:03:13,776 [INFO]   Epoch 10/20 | Loss: 1.9671
2026-04-21 14:04:20,717 [INFO]   Epoch 20/20 | Loss: 1.9283
2026-04-21 14:05:40,313 [INFO] After Task 5 | Domain accs: [98.74, 98.57, 98.66, 98.68, 98.8]
2026-04-21 14:05:40,314 [INFO] After Task 5 | Current Domain-IL: 98.80%
2026-04-21 14:05:40,314 [INFO] === Task 6/20 | degree=45.0 | epochs=20 ===
2026-04-21 14:06:45,241 [INFO]   Epoch 10/20 | Loss: 2.0213
2026-04-21 14:07:50,634 [INFO]   Epoch 20/20 | Loss: 1.9902
2026-04-21 14:09:09,000 [INFO] After Task 6 | Domain accs: [98.74, 98.57, 98.66, 98.68, 98.8, 98.6]
2026-04-21 14:09:09,000 [INFO] After Task 6 | Current Domain-IL: 98.60%
2026-04-21 14:09:09,000 [INFO] === Task 7/20 | degree=54.0 | epochs=20 ===
2026-04-21 14:10:13,026 [INFO]   Epoch 10/20 | Loss: 2.0694
2026-04-21 14:11:16,304 [INFO]   Epoch 20/20 | Loss: 2.0380
2026-04-21 14:12:32,177 [INFO] After Task 7 | Domain accs: [98.74, 98.57, 98.66, 98.68, 98.8, 98.6, 98.44]
2026-04-21 14:12:32,177 [INFO] After Task 7 | Current Domain-IL: 98.44%
2026-04-21 14:12:32,177 [INFO] === Task 8/20 | degree=63.0 | epochs=20 ===
2026-04-21 14:13:35,758 [INFO]   Epoch 10/20 | Loss: 2.1261
2026-04-21 14:14:39,465 [INFO]   Epoch 20/20 | Loss: 2.0912
2026-04-21 14:15:58,043 [INFO] After Task 8 | Domain accs: [98.74, 98.57, 98.66, 98.68, 98.8, 98.6, 98.44, 98.41]
2026-04-21 14:15:58,043 [INFO] After Task 8 | Current Domain-IL: 98.41%
2026-04-21 14:15:58,043 [INFO] === Task 9/20 | degree=72.0 | epochs=20 ===
2026-04-21 14:17:01,235 [INFO]   Epoch 10/20 | Loss: 2.1756
2026-04-21 14:18:04,847 [INFO]   Epoch 20/20 | Loss: 2.1309
2026-04-21 14:19:21,177 [INFO] After Task 9 | Domain accs: [98.74, 98.57, 98.66, 98.68, 98.8, 98.6, 98.44, 98.41, 98.31]
2026-04-21 14:19:21,177 [INFO] After Task 9 | Current Domain-IL: 98.31%
2026-04-21 14:19:21,177 [INFO] === Task 10/20 | degree=81.0 | epochs=20 ===
2026-04-21 14:20:25,232 [INFO]   Epoch 10/20 | Loss: 2.2157
2026-04-21 14:21:30,108 [INFO]   Epoch 20/20 | Loss: 2.1698
2026-04-21 14:22:46,317 [INFO] After Task 10 | Domain accs: [98.74, 98.57, 98.66, 98.68, 98.8, 98.6, 98.44, 98.41, 98.31, 97.8]
2026-04-21 14:22:46,317 [INFO] After Task 10 | Current Domain-IL: 97.80%
2026-04-21 14:22:46,317 [INFO] === Task 11/20 | degree=90.0 | epochs=20 ===
2026-04-21 14:23:51,342 [INFO]   Epoch 10/20 | Loss: 2.2310
2026-04-21 14:24:55,153 [INFO]   Epoch 20/20 | Loss: 2.2185
2026-04-21 14:26:14,341 [INFO] After Task 11 | Domain accs: [98.74, 98.57, 98.66, 98.68, 98.8, 98.6, 98.44, 98.41, 98.31, 97.8, 98.34]
2026-04-21 14:26:14,342 [INFO] After Task 11 | Current Domain-IL: 98.34%
2026-04-21 14:26:14,342 [INFO] === Task 12/20 | degree=99.0 | epochs=20 ===
2026-04-21 14:27:19,928 [INFO]   Epoch 10/20 | Loss: 2.2932
2026-04-21 14:28:26,128 [INFO]   Epoch 20/20 | Loss: 2.2359
2026-04-21 14:29:48,698 [INFO] After Task 12 | Domain accs: [98.74, 98.57, 98.66, 98.68, 98.8, 98.6, 98.44, 98.41, 98.31, 97.8, 98.34, 98.21]
2026-04-21 14:29:48,698 [INFO] After Task 12 | Current Domain-IL: 98.21%
2026-04-21 14:29:48,698 [INFO] === Task 13/20 | degree=108.0 | epochs=20 ===
2026-04-21 14:30:54,870 [INFO]   Epoch 10/20 | Loss: 2.3369
2026-04-21 14:32:00,482 [INFO]   Epoch 20/20 | Loss: 2.3068
2026-04-21 14:33:21,211 [INFO] After Task 13 | Domain accs: [98.74, 98.57, 98.66, 98.68, 98.8, 98.6, 98.44, 98.41, 98.31, 97.8, 98.34, 98.21, 98.32]
2026-04-21 14:33:21,212 [INFO] After Task 13 | Current Domain-IL: 98.32%
2026-04-21 14:33:21,212 [INFO] === Task 14/20 | degree=117.0 | epochs=20 ===
2026-04-21 14:34:27,852 [INFO]   Epoch 10/20 | Loss: 2.3535
2026-04-21 14:35:33,057 [INFO]   Epoch 20/20 | Loss: 2.3239
2026-04-21 14:36:53,336 [INFO] After Task 14 | Domain accs: [98.74, 98.57, 98.66, 98.68, 98.8, 98.6, 98.44, 98.41, 98.31, 97.8, 98.34, 98.21, 98.32, 98.66]
2026-04-21 14:36:53,336 [INFO] After Task 14 | Current Domain-IL: 98.66%
2026-04-21 14:36:53,336 [INFO] === Task 15/20 | degree=126.0 | epochs=20 ===
2026-04-21 14:37:59,182 [INFO]   Epoch 10/20 | Loss: 2.3568
2026-04-21 14:39:04,626 [INFO]   Epoch 20/20 | Loss: 2.3246
2026-04-21 14:40:25,827 [INFO] After Task 15 | Domain accs: [98.74, 98.57, 98.66, 98.68, 98.8, 98.6, 98.44, 98.41, 98.31, 97.8, 98.34, 98.21, 98.32, 98.66, 98.64]
2026-04-21 14:40:25,827 [INFO] After Task 15 | Current Domain-IL: 98.64%
2026-04-21 14:40:25,827 [INFO] === Task 16/20 | degree=135.0 | epochs=20 ===
2026-04-21 14:41:28,063 [INFO]   Epoch 10/20 | Loss: 2.3814
2026-04-21 14:42:29,927 [INFO]   Epoch 20/20 | Loss: 2.3162
2026-04-21 14:43:50,108 [INFO] After Task 16 | Domain accs: [98.74, 98.57, 98.66, 98.68, 98.8, 98.6, 98.44, 98.41, 98.31, 97.8, 98.34, 98.21, 98.32, 98.66, 98.64, 98.21]
2026-04-21 14:43:50,108 [INFO] After Task 16 | Current Domain-IL: 98.21%
2026-04-21 14:43:50,108 [INFO] === Task 17/20 | degree=144.0 | epochs=20 ===
2026-04-21 14:44:53,251 [INFO]   Epoch 10/20 | Loss: 2.3777
2026-04-21 14:45:55,650 [INFO]   Epoch 20/20 | Loss: 2.3491
2026-04-21 14:47:16,733 [INFO] After Task 17 | Domain accs: [98.74, 98.57, 98.66, 98.68, 98.8, 98.6, 98.44, 98.41, 98.31, 97.8, 98.34, 98.21, 98.32, 98.66, 98.64, 98.21, 98.3]
2026-04-21 14:47:16,733 [INFO] After Task 17 | Current Domain-IL: 98.30%
2026-04-21 14:47:16,733 [INFO] === Task 18/20 | degree=153.0 | epochs=20 ===
2026-04-21 14:48:18,707 [INFO]   Epoch 10/20 | Loss: 2.3794
2026-04-21 14:49:19,906 [INFO]   Epoch 20/20 | Loss: 2.3435
2026-04-21 14:50:42,371 [INFO] After Task 18 | Domain accs: [98.74, 98.57, 98.66, 98.68, 98.8, 98.6, 98.44, 98.41, 98.31, 97.8, 98.34, 98.21, 98.32, 98.66, 98.64, 98.21, 98.3, 98.17]
2026-04-21 14:50:42,371 [INFO] After Task 18 | Current Domain-IL: 98.17%
2026-04-21 14:50:42,371 [INFO] === Task 19/20 | degree=162.0 | epochs=20 ===
2026-04-21 14:51:44,296 [INFO]   Epoch 10/20 | Loss: 2.3834
2026-04-21 14:52:45,108 [INFO]   Epoch 20/20 | Loss: 2.3436
2026-04-21 14:54:07,575 [INFO] After Task 19 | Domain accs: [98.74, 98.57, 98.66, 98.68, 98.8, 98.6, 98.44, 98.41, 98.31, 97.8, 98.34, 98.21, 98.32, 98.66, 98.64, 98.21, 98.3, 98.17, 97.74]
2026-04-21 14:54:07,575 [INFO] After Task 19 | Current Domain-IL: 97.74%
2026-04-21 14:54:07,575 [INFO] === Task 20/20 | degree=171.0 | epochs=20 ===
2026-04-21 14:55:09,576 [INFO]   Epoch 10/20 | Loss: 2.3643
2026-04-21 14:56:10,951 [INFO]   Epoch 20/20 | Loss: 2.3547
2026-04-21 14:57:33,664 [INFO] After Task 20 | Domain accs: [98.74, 98.57, 98.66, 98.68, 98.8, 98.6, 98.44, 98.41, 98.31, 97.8, 98.34, 98.21, 98.32, 98.66, 98.64, 98.21, 98.3, 98.17, 97.74, 98.05]
2026-04-21 14:57:33,664 [INFO] After Task 20 | Current Domain-IL: 98.05%
2026-04-21 14:57:33,664 [INFO] ==================================================
2026-04-21 14:57:33,664 [INFO] >>>> FINAL DOMAIN-IL METRICS <<<<
2026-04-21 14:57:33,664 [INFO] Domain-IL Accuracy : 98.38%
2026-04-21 14:57:33,664 [INFO] Backward Transfer  : -0.3500
2026-04-21 14:57:33,664 [INFO] Forgetting Measure : 0.5337
2026-04-21 14:57:33,664 [INFO] ==================================================
2026-04-21 14:57:33,727 [INFO] Trial 3 done in 4842.9s
2026-04-21 14:57:33,731 [INFO] >>>> TRIAL 4/5 <<<<
2026-04-21 14:57:33,731 [INFO] Using device: cuda
2026-04-21 14:57:33,731 [INFO] R-MNIST degrees: [0, 9, 18, 27, 36, 45, 54, 63, 72, 81, 90, 99, 108, 117, 126, 135, 144, 153, 162, 171]
2026-04-21 14:57:34,378 [INFO] === Task 1/20 | degree=0.0 | epochs=100 ===
2026-04-21 14:58:28,713 [INFO]   Epoch 10/100 | Loss: 1.7792
2026-04-21 14:59:23,472 [INFO]   Epoch 20/100 | Loss: 1.7225
2026-04-21 15:00:22,287 [INFO]   Epoch 30/100 | Loss: 1.7234
2026-04-21 15:01:16,580 [INFO]   Epoch 40/100 | Loss: 1.6816
2026-04-21 15:02:10,640 [INFO]   Epoch 50/100 | Loss: 1.6996
2026-04-21 15:03:04,833 [INFO]   Epoch 60/100 | Loss: 1.6613
2026-04-21 15:03:59,062 [INFO]   Epoch 70/100 | Loss: 1.6871
2026-04-21 15:04:53,194 [INFO]   Epoch 80/100 | Loss: 1.6493
2026-04-21 15:05:47,400 [INFO]   Epoch 90/100 | Loss: 1.6783
2026-04-21 15:06:41,713 [INFO]   Epoch 100/100 | Loss: 1.6422
2026-04-21 15:07:53,179 [INFO] After Task 1 | Domain accs: [98.83]
2026-04-21 15:07:53,179 [INFO] After Task 1 | Current Domain-IL: 98.83%
2026-04-21 15:07:53,190 [INFO] === Task 2/20 | degree=9.0 | epochs=20 ===
2026-04-21 15:08:52,384 [INFO]   Epoch 10/20 | Loss: 1.7595
2026-04-21 15:09:51,559 [INFO]   Epoch 20/20 | Loss: 1.7231
2026-04-21 15:11:04,912 [INFO] After Task 2 | Domain accs: [98.83, 98.54]
2026-04-21 15:11:04,912 [INFO] After Task 2 | Current Domain-IL: 98.54%
2026-04-21 15:11:04,912 [INFO] === Task 3/20 | degree=18.0 | epochs=20 ===
2026-04-21 15:12:04,768 [INFO]   Epoch 10/20 | Loss: 1.8408
2026-04-21 15:13:04,538 [INFO]   Epoch 20/20 | Loss: 1.8061
2026-04-21 15:14:18,607 [INFO] After Task 3 | Domain accs: [98.83, 98.54, 98.67]
2026-04-21 15:14:18,607 [INFO] After Task 3 | Current Domain-IL: 98.67%
2026-04-21 15:14:18,607 [INFO] === Task 4/20 | degree=27.0 | epochs=20 ===
2026-04-21 15:15:18,035 [INFO]   Epoch 10/20 | Loss: 1.9017
2026-04-21 15:16:17,101 [INFO]   Epoch 20/20 | Loss: 1.8635
2026-04-21 15:17:30,446 [INFO] After Task 4 | Domain accs: [98.83, 98.54, 98.67, 98.94]
2026-04-21 15:17:30,446 [INFO] After Task 4 | Current Domain-IL: 98.94%
2026-04-21 15:17:30,446 [INFO] === Task 5/20 | degree=36.0 | epochs=20 ===
2026-04-21 15:18:32,706 [INFO]   Epoch 10/20 | Loss: 1.9637
2026-04-21 15:19:34,844 [INFO]   Epoch 20/20 | Loss: 1.9300
2026-04-21 15:20:49,386 [INFO] After Task 5 | Domain accs: [98.83, 98.54, 98.67, 98.94, 98.88]
2026-04-21 15:20:49,386 [INFO] After Task 5 | Current Domain-IL: 98.88%
2026-04-21 15:20:49,386 [INFO] === Task 6/20 | degree=45.0 | epochs=20 ===
2026-04-21 15:21:53,624 [INFO]   Epoch 10/20 | Loss: 2.0223
2026-04-21 15:22:58,286 [INFO]   Epoch 20/20 | Loss: 1.9905
2026-04-21 15:24:13,947 [INFO] After Task 6 | Domain accs: [98.83, 98.54, 98.67, 98.94, 98.88, 98.77]
2026-04-21 15:24:13,947 [INFO] After Task 6 | Current Domain-IL: 98.77%
2026-04-21 15:24:13,947 [INFO] === Task 7/20 | degree=54.0 | epochs=20 ===
2026-04-21 15:25:18,787 [INFO]   Epoch 10/20 | Loss: 2.0705
2026-04-21 15:26:23,304 [INFO]   Epoch 20/20 | Loss: 2.0343
2026-04-21 15:27:39,595 [INFO] After Task 7 | Domain accs: [98.83, 98.54, 98.67, 98.94, 98.88, 98.77, 98.92]
2026-04-21 15:27:39,595 [INFO] After Task 7 | Current Domain-IL: 98.92%
2026-04-21 15:27:39,595 [INFO] === Task 8/20 | degree=63.0 | epochs=20 ===
2026-04-21 15:28:44,622 [INFO]   Epoch 10/20 | Loss: 2.1198
2026-04-21 15:29:49,344 [INFO]   Epoch 20/20 | Loss: 2.0914
2026-04-21 15:31:05,838 [INFO] After Task 8 | Domain accs: [98.83, 98.54, 98.67, 98.94, 98.88, 98.77, 98.92, 98.77]
2026-04-21 15:31:05,838 [INFO] After Task 8 | Current Domain-IL: 98.77%
2026-04-21 15:31:05,838 [INFO] === Task 9/20 | degree=72.0 | epochs=20 ===
2026-04-21 15:32:09,845 [INFO]   Epoch 10/20 | Loss: 2.1554
2026-04-21 15:33:15,050 [INFO]   Epoch 20/20 | Loss: 2.1375
2026-04-21 15:34:32,644 [INFO] After Task 9 | Domain accs: [98.83, 98.54, 98.67, 98.94, 98.88, 98.77, 98.92, 98.77, 98.64]
2026-04-21 15:34:32,644 [INFO] After Task 9 | Current Domain-IL: 98.64%
2026-04-21 15:34:32,644 [INFO] === Task 10/20 | degree=81.0 | epochs=20 ===
2026-04-21 15:35:38,055 [INFO]   Epoch 10/20 | Loss: 2.2044
2026-04-21 15:36:43,961 [INFO]   Epoch 20/20 | Loss: 2.1629
2026-04-21 15:38:02,977 [INFO] After Task 10 | Domain accs: [98.83, 98.54, 98.67, 98.94, 98.88, 98.77, 98.92, 98.77, 98.64, 98.57]
2026-04-21 15:38:02,977 [INFO] After Task 10 | Current Domain-IL: 98.57%
2026-04-21 15:38:02,977 [INFO] === Task 11/20 | degree=90.0 | epochs=20 ===
2026-04-21 15:39:06,570 [INFO]   Epoch 10/20 | Loss: 2.2488
2026-04-21 15:40:10,222 [INFO]   Epoch 20/20 | Loss: 2.2181
2026-04-21 15:41:29,202 [INFO] After Task 11 | Domain accs: [98.83, 98.54, 98.67, 98.94, 98.88, 98.77, 98.92, 98.77, 98.64, 98.57, 98.62]
2026-04-21 15:41:29,202 [INFO] After Task 11 | Current Domain-IL: 98.62%
2026-04-21 15:41:29,202 [INFO] === Task 12/20 | degree=99.0 | epochs=20 ===
2026-04-21 15:42:35,284 [INFO]   Epoch 10/20 | Loss: 2.2915
2026-04-21 15:43:41,102 [INFO]   Epoch 20/20 | Loss: 2.2656
2026-04-21 15:45:01,036 [INFO] After Task 12 | Domain accs: [98.83, 98.54, 98.67, 98.94, 98.88, 98.77, 98.92, 98.77, 98.64, 98.57, 98.62, 98.27]
2026-04-21 15:45:01,036 [INFO] After Task 12 | Current Domain-IL: 98.27%
2026-04-21 15:45:01,036 [INFO] === Task 13/20 | degree=108.0 | epochs=20 ===
2026-04-21 15:46:07,101 [INFO]   Epoch 10/20 | Loss: 2.3293
2026-04-21 15:47:13,118 [INFO]   Epoch 20/20 | Loss: 2.3077
2026-04-21 15:48:33,751 [INFO] After Task 13 | Domain accs: [98.83, 98.54, 98.67, 98.94, 98.88, 98.77, 98.92, 98.77, 98.64, 98.57, 98.62, 98.27, 98.5]
2026-04-21 15:48:33,752 [INFO] After Task 13 | Current Domain-IL: 98.50%
2026-04-21 15:48:33,752 [INFO] === Task 14/20 | degree=117.0 | epochs=20 ===
2026-04-21 15:49:39,754 [INFO]   Epoch 10/20 | Loss: 2.3624
2026-04-21 15:50:45,992 [INFO]   Epoch 20/20 | Loss: 2.3347
2026-04-21 15:52:06,469 [INFO] After Task 14 | Domain accs: [98.83, 98.54, 98.67, 98.94, 98.88, 98.77, 98.92, 98.77, 98.64, 98.57, 98.62, 98.27, 98.5, 98.54]
2026-04-21 15:52:06,469 [INFO] After Task 14 | Current Domain-IL: 98.54%
2026-04-21 15:52:06,469 [INFO] === Task 15/20 | degree=126.0 | epochs=20 ===
2026-04-21 15:53:12,466 [INFO]   Epoch 10/20 | Loss: 2.3544
2026-04-21 15:54:18,380 [INFO]   Epoch 20/20 | Loss: 2.3377
2026-04-21 15:55:40,055 [INFO] After Task 15 | Domain accs: [98.83, 98.54, 98.67, 98.94, 98.88, 98.77, 98.92, 98.77, 98.64, 98.57, 98.62, 98.27, 98.5, 98.54, 98.59]
2026-04-21 15:55:40,055 [INFO] After Task 15 | Current Domain-IL: 98.59%
2026-04-21 15:55:40,055 [INFO] === Task 16/20 | degree=135.0 | epochs=20 ===
2026-04-21 15:56:46,320 [INFO]   Epoch 10/20 | Loss: 2.3657
2026-04-21 15:57:52,041 [INFO]   Epoch 20/20 | Loss: 2.3379
2026-04-21 15:59:13,249 [INFO] After Task 16 | Domain accs: [98.83, 98.54, 98.67, 98.94, 98.88, 98.77, 98.92, 98.77, 98.64, 98.57, 98.62, 98.27, 98.5, 98.54, 98.59, 98.12]
2026-04-21 15:59:13,249 [INFO] After Task 16 | Current Domain-IL: 98.12%
2026-04-21 15:59:13,249 [INFO] === Task 17/20 | degree=144.0 | epochs=20 ===
2026-04-21 16:00:19,600 [INFO]   Epoch 10/20 | Loss: 2.3773
2026-04-21 16:01:25,612 [INFO]   Epoch 20/20 | Loss: 2.3282
2026-04-21 16:02:44,850 [INFO] After Task 17 | Domain accs: [98.83, 98.54, 98.67, 98.94, 98.88, 98.77, 98.92, 98.77, 98.64, 98.57, 98.62, 98.27, 98.5, 98.54, 98.59, 98.12, 98.6]
2026-04-21 16:02:44,850 [INFO] After Task 17 | Current Domain-IL: 98.60%
2026-04-21 16:02:44,850 [INFO] === Task 18/20 | degree=153.0 | epochs=20 ===
2026-04-21 16:03:50,921 [INFO]   Epoch 10/20 | Loss: 2.3803
2026-04-21 16:04:57,585 [INFO]   Epoch 20/20 | Loss: 2.3358
2026-04-21 16:06:19,749 [INFO] After Task 18 | Domain accs: [98.83, 98.54, 98.67, 98.94, 98.88, 98.77, 98.92, 98.77, 98.64, 98.57, 98.62, 98.27, 98.5, 98.54, 98.59, 98.12, 98.6, 98.23]
2026-04-21 16:06:19,750 [INFO] After Task 18 | Current Domain-IL: 98.23%
2026-04-21 16:06:19,750 [INFO] === Task 19/20 | degree=162.0 | epochs=20 ===
2026-04-21 16:07:26,043 [INFO]   Epoch 10/20 | Loss: 2.3891
2026-04-21 16:08:32,241 [INFO]   Epoch 20/20 | Loss: 2.3437
2026-04-21 16:09:55,752 [INFO] After Task 19 | Domain accs: [98.83, 98.54, 98.67, 98.94, 98.88, 98.77, 98.92, 98.77, 98.64, 98.57, 98.62, 98.27, 98.5, 98.54, 98.59, 98.12, 98.6, 98.23, 98.06]
2026-04-21 16:09:55,752 [INFO] After Task 19 | Current Domain-IL: 98.06%
2026-04-21 16:09:55,752 [INFO] === Task 20/20 | degree=171.0 | epochs=20 ===
2026-04-21 16:11:02,029 [INFO]   Epoch 10/20 | Loss: 2.3596
2026-04-21 16:12:08,446 [INFO]   Epoch 20/20 | Loss: 2.3443
2026-04-21 16:13:32,728 [INFO] After Task 20 | Domain accs: [98.83, 98.54, 98.67, 98.94, 98.88, 98.77, 98.92, 98.77, 98.64, 98.57, 98.62, 98.27, 98.5, 98.54, 98.59, 98.12, 98.6, 98.23, 98.06, 97.96]
2026-04-21 16:13:32,728 [INFO] After Task 20 | Current Domain-IL: 97.96%
2026-04-21 16:13:32,728 [INFO] ==================================================
2026-04-21 16:13:32,728 [INFO] >>>> FINAL DOMAIN-IL METRICS <<<<
2026-04-21 16:13:32,728 [INFO] Domain-IL Accuracy : 98.55%
2026-04-21 16:13:32,728 [INFO] Backward Transfer  : -0.6221
2026-04-21 16:13:32,728 [INFO] Forgetting Measure : 0.7274
2026-04-21 16:13:32,728 [INFO] ==================================================
2026-04-21 16:13:32,792 [INFO] Trial 4 done in 4559.1s
2026-04-21 16:13:32,796 [INFO] >>>> TRIAL 5/5 <<<<
2026-04-21 16:13:32,797 [INFO] Using device: cuda
2026-04-21 16:13:32,797 [INFO] R-MNIST degrees: [0, 9, 18, 27, 36, 45, 54, 63, 72, 81, 90, 99, 108, 117, 126, 135, 144, 153, 162, 171]
2026-04-21 16:13:33,432 [INFO] === Task 1/20 | degree=0.0 | epochs=100 ===
2026-04-21 16:14:31,943 [INFO]   Epoch 10/100 | Loss: 1.7813
2026-04-21 16:15:29,264 [INFO]   Epoch 20/100 | Loss: 1.7224
2026-04-21 16:16:26,317 [INFO]   Epoch 30/100 | Loss: 1.7239
2026-04-21 16:17:24,026 [INFO]   Epoch 40/100 | Loss: 1.6811
2026-04-21 16:18:22,811 [INFO]   Epoch 50/100 | Loss: 1.6983
2026-04-21 16:19:20,199 [INFO]   Epoch 60/100 | Loss: 1.6585
2026-04-21 16:20:22,509 [INFO]   Epoch 70/100 | Loss: 1.6845
2026-04-21 16:21:46,367 [INFO]   Epoch 80/100 | Loss: 1.6472
2026-04-21 16:23:10,373 [INFO]   Epoch 90/100 | Loss: 1.6764
2026-04-21 16:24:34,164 [INFO]   Epoch 100/100 | Loss: 1.6421
2026-04-21 16:29:12,520 [INFO] After Task 1 | Domain accs: [99.05]
2026-04-21 16:29:12,521 [INFO] After Task 1 | Current Domain-IL: 99.05%
2026-04-21 16:29:12,521 [INFO] === Task 2/20 | degree=9.0 | epochs=20 ===
2026-04-21 16:30:40,603 [INFO]   Epoch 10/20 | Loss: 1.7616
2026-04-21 16:32:08,958 [INFO]   Epoch 20/20 | Loss: 1.7197
2026-04-21 16:37:02,718 [INFO] After Task 2 | Domain accs: [99.05, 98.83]
2026-04-21 16:37:02,718 [INFO] After Task 2 | Current Domain-IL: 98.83%
2026-04-21 16:37:02,718 [INFO] === Task 3/20 | degree=18.0 | epochs=20 ===
2026-04-21 16:38:41,092 [INFO]   Epoch 10/20 | Loss: 1.8401
2026-04-21 16:40:11,736 [INFO]   Epoch 20/20 | Loss: 1.8005
2026-04-21 16:45:27,062 [INFO] After Task 3 | Domain accs: [99.05, 98.83, 98.64]
2026-04-21 16:45:27,062 [INFO] After Task 3 | Current Domain-IL: 98.64%
2026-04-21 16:45:27,062 [INFO] === Task 4/20 | degree=27.0 | epochs=20 ===
2026-04-21 16:46:57,694 [INFO]   Epoch 10/20 | Loss: 1.8978
2026-04-21 16:48:28,447 [INFO]   Epoch 20/20 | Loss: 1.8594
2026-04-21 16:52:59,614 [INFO] After Task 4 | Domain accs: [99.05, 98.83, 98.64, 98.53]
2026-04-21 16:52:59,614 [INFO] After Task 4 | Current Domain-IL: 98.53%
2026-04-21 16:52:59,614 [INFO] === Task 5/20 | degree=36.0 | epochs=20 ===
2026-04-21 16:54:28,878 [INFO]   Epoch 10/20 | Loss: 1.9663
2026-04-21 16:55:58,475 [INFO]   Epoch 20/20 | Loss: 1.9310
2026-04-21 17:00:05,632 [INFO] After Task 5 | Domain accs: [99.05, 98.83, 98.64, 98.53, 98.99]
2026-04-21 17:00:05,633 [INFO] After Task 5 | Current Domain-IL: 98.99%
2026-04-21 17:00:05,633 [INFO] === Task 6/20 | degree=45.0 | epochs=20 ===
2026-04-21 17:01:34,562 [INFO]   Epoch 10/20 | Loss: 2.0179
2026-04-21 17:03:03,824 [INFO]   Epoch 20/20 | Loss: 1.9809
2026-04-21 17:07:27,681 [INFO] After Task 6 | Domain accs: [99.05, 98.83, 98.64, 98.53, 98.99, 98.72]
2026-04-21 17:07:27,681 [INFO] After Task 6 | Current Domain-IL: 98.72%
2026-04-21 17:07:27,681 [INFO] === Task 7/20 | degree=54.0 | epochs=20 ===
2026-04-21 17:08:57,193 [INFO]   Epoch 10/20 | Loss: 2.0753
2026-04-21 17:10:26,150 [INFO]   Epoch 20/20 | Loss: 2.0353
2026-04-21 17:14:35,222 [INFO] After Task 7 | Domain accs: [99.05, 98.83, 98.64, 98.53, 98.99, 98.72, 98.67]
2026-04-21 17:14:35,222 [INFO] After Task 7 | Current Domain-IL: 98.67%
2026-04-21 17:14:35,222 [INFO] === Task 8/20 | degree=63.0 | epochs=20 ===
2026-04-21 17:16:03,605 [INFO]   Epoch 10/20 | Loss: 2.1287
2026-04-21 17:17:32,130 [INFO]   Epoch 20/20 | Loss: 2.0847
2026-04-21 17:21:35,771 [INFO] After Task 8 | Domain accs: [99.05, 98.83, 98.64, 98.53, 98.99, 98.72, 98.67, 98.61]
2026-04-21 17:21:35,771 [INFO] After Task 8 | Current Domain-IL: 98.61%
2026-04-21 17:21:35,771 [INFO] === Task 9/20 | degree=72.0 | epochs=20 ===
2026-04-21 17:23:05,848 [INFO]   Epoch 10/20 | Loss: 2.1714
2026-04-21 17:24:35,365 [INFO]   Epoch 20/20 | Loss: 2.1232
2026-04-21 17:28:41,791 [INFO] After Task 9 | Domain accs: [99.05, 98.83, 98.64, 98.53, 98.99, 98.72, 98.67, 98.61, 98.51]
2026-04-21 17:28:41,792 [INFO] After Task 9 | Current Domain-IL: 98.51%
2026-04-21 17:28:41,792 [INFO] === Task 10/20 | degree=81.0 | epochs=20 ===
2026-04-21 17:30:11,093 [INFO]   Epoch 10/20 | Loss: 2.2180
2026-04-21 17:31:40,011 [INFO]   Epoch 20/20 | Loss: 2.1765
2026-04-21 17:36:23,968 [INFO] After Task 10 | Domain accs: [99.05, 98.83, 98.64, 98.53, 98.99, 98.72, 98.67, 98.61, 98.51, 98.06]
2026-04-21 17:36:23,968 [INFO] After Task 10 | Current Domain-IL: 98.06%
2026-04-21 17:36:23,968 [INFO] === Task 11/20 | degree=90.0 | epochs=20 ===
2026-04-21 17:37:52,256 [INFO]   Epoch 10/20 | Loss: 2.2431
2026-04-21 17:39:19,919 [INFO]   Epoch 20/20 | Loss: 2.2265
2026-04-21 17:44:08,669 [INFO] After Task 11 | Domain accs: [99.05, 98.83, 98.64, 98.53, 98.99, 98.72, 98.67, 98.61, 98.51, 98.06, 98.53]
2026-04-21 17:44:08,669 [INFO] After Task 11 | Current Domain-IL: 98.53%
2026-04-21 17:44:08,669 [INFO] === Task 12/20 | degree=99.0 | epochs=20 ===
2026-04-21 17:45:38,290 [INFO]   Epoch 10/20 | Loss: 2.2934
2026-04-21 17:47:08,499 [INFO]   Epoch 20/20 | Loss: 2.2604
2026-04-21 17:51:49,419 [INFO] After Task 12 | Domain accs: [99.05, 98.83, 98.64, 98.53, 98.99, 98.72, 98.67, 98.61, 98.51, 98.06, 98.53, 98.39]
2026-04-21 17:51:49,419 [INFO] After Task 12 | Current Domain-IL: 98.39%
2026-04-21 17:51:49,419 [INFO] === Task 13/20 | degree=108.0 | epochs=20 ===
2026-04-21 17:53:19,639 [INFO]   Epoch 10/20 | Loss: 2.3322
2026-04-21 17:54:50,232 [INFO]   Epoch 20/20 | Loss: 2.3003
2026-04-21 17:59:24,038 [INFO] After Task 13 | Domain accs: [99.05, 98.83, 98.64, 98.53, 98.99, 98.72, 98.67, 98.61, 98.51, 98.06, 98.53, 98.39, 98.44]
2026-04-21 17:59:24,038 [INFO] After Task 13 | Current Domain-IL: 98.44%
2026-04-21 17:59:24,038 [INFO] === Task 14/20 | degree=117.0 | epochs=20 ===
2026-04-21 18:00:54,148 [INFO]   Epoch 10/20 | Loss: 2.3497
2026-04-21 18:02:23,763 [INFO]   Epoch 20/20 | Loss: 2.3287
2026-04-21 18:06:54,362 [INFO] After Task 14 | Domain accs: [99.05, 98.83, 98.64, 98.53, 98.99, 98.72, 98.67, 98.61, 98.51, 98.06, 98.53, 98.39, 98.44, 98.49]
2026-04-21 18:06:54,363 [INFO] After Task 14 | Current Domain-IL: 98.49%
2026-04-21 18:06:54,363 [INFO] === Task 15/20 | degree=126.0 | epochs=20 ===
2026-04-21 18:08:24,586 [INFO]   Epoch 10/20 | Loss: 2.3628
2026-04-21 18:09:54,478 [INFO]   Epoch 20/20 | Loss: 2.3410
2026-04-21 18:15:27,066 [INFO] After Task 15 | Domain accs: [99.05, 98.83, 98.64, 98.53, 98.99, 98.72, 98.67, 98.61, 98.51, 98.06, 98.53, 98.39, 98.44, 98.49, 98.77]
2026-04-21 18:15:27,066 [INFO] After Task 15 | Current Domain-IL: 98.77%
2026-04-21 18:15:27,066 [INFO] === Task 16/20 | degree=135.0 | epochs=20 ===
2026-04-21 18:16:58,162 [INFO]   Epoch 10/20 | Loss: 2.3604
2026-04-21 18:18:29,002 [INFO]   Epoch 20/20 | Loss: 2.3121
2026-04-21 18:23:26,657 [INFO] After Task 16 | Domain accs: [99.05, 98.83, 98.64, 98.53, 98.99, 98.72, 98.67, 98.61, 98.51, 98.06, 98.53, 98.39, 98.44, 98.49, 98.77, 98.5]
2026-04-21 18:23:26,657 [INFO] After Task 16 | Current Domain-IL: 98.50%
2026-04-21 18:23:26,657 [INFO] === Task 17/20 | degree=144.0 | epochs=20 ===
2026-04-21 18:24:56,862 [INFO]   Epoch 10/20 | Loss: 2.3677
2026-04-21 18:26:25,868 [INFO]   Epoch 20/20 | Loss: 2.3283
2026-04-21 18:31:24,218 [INFO] After Task 17 | Domain accs: [99.05, 98.83, 98.64, 98.53, 98.99, 98.72, 98.67, 98.61, 98.51, 98.06, 98.53, 98.39, 98.44, 98.49, 98.77, 98.5, 98.41]
2026-04-21 18:31:24,219 [INFO] After Task 17 | Current Domain-IL: 98.41%
2026-04-21 18:31:24,219 [INFO] === Task 18/20 | degree=153.0 | epochs=20 ===
2026-04-21 18:32:41,454 [INFO]   Epoch 10/20 | Loss: 2.3629
2026-04-21 18:34:11,293 [INFO]   Epoch 20/20 | Loss: 2.3337
2026-04-21 18:39:19,986 [INFO] After Task 18 | Domain accs: [99.05, 98.83, 98.64, 98.53, 98.99, 98.72, 98.67, 98.61, 98.51, 98.06, 98.53, 98.39, 98.44, 98.49, 98.77, 98.5, 98.41, 98.43]
2026-04-21 18:39:19,986 [INFO] After Task 18 | Current Domain-IL: 98.43%
2026-04-21 18:39:19,987 [INFO] === Task 19/20 | degree=162.0 | epochs=20 ===
2026-04-21 18:40:50,013 [INFO]   Epoch 10/20 | Loss: 2.3928
2026-04-21 18:42:19,749 [INFO]   Epoch 20/20 | Loss: 2.3303
2026-04-21 18:46:52,467 [INFO] After Task 19 | Domain accs: [99.05, 98.83, 98.64, 98.53, 98.99, 98.72, 98.67, 98.61, 98.51, 98.06, 98.53, 98.39, 98.44, 98.49, 98.77, 98.5, 98.41, 98.43, 98.07]
2026-04-21 18:46:52,468 [INFO] After Task 19 | Current Domain-IL: 98.07%
2026-04-21 18:46:52,468 [INFO] === Task 20/20 | degree=171.0 | epochs=20 ===
2026-04-21 18:48:22,494 [INFO]   Epoch 10/20 | Loss: 2.3669
2026-04-21 18:49:52,518 [INFO]   Epoch 20/20 | Loss: 2.3293
2026-04-21 18:54:10,455 [INFO] After Task 20 | Domain accs: [99.05, 98.83, 98.64, 98.53, 98.99, 98.72, 98.67, 98.61, 98.51, 98.06, 98.53, 98.39, 98.44, 98.49, 98.77, 98.5, 98.41, 98.43, 98.07, 97.87]
2026-04-21 18:54:10,455 [INFO] After Task 20 | Current Domain-IL: 97.87%
2026-04-21 18:54:10,456 [INFO] ==================================================
2026-04-21 18:54:10,456 [INFO] >>>> FINAL DOMAIN-IL METRICS <<<<
2026-04-21 18:54:10,456 [INFO] Domain-IL Accuracy : 98.53%
2026-04-21 18:54:10,456 [INFO] Backward Transfer  : -0.6900
2026-04-21 18:54:10,456 [INFO] Forgetting Measure : 0.8742
2026-04-21 18:54:10,456 [INFO] ==================================================
2026-04-21 18:54:10,553 [INFO] Trial 5 done in 9637.8s
2026-04-21 18:54:10,557 [INFO] ==================================================
2026-04-21 18:54:10,557 [INFO] >>>> SUMMARY <<<<
2026-04-21 18:54:10,557 [INFO] ==================================================
2026-04-21 18:54:10,557 [INFO] Domain-IL Accuracy : 98.52 ± 0.11
2026-04-21 18:54:10,557 [INFO] Backward Transfer  : -0.5149 ± 0.2377
2026-04-21 18:54:10,557 [INFO] Forgetting Measure : 0.6658 ± 0.2190
2026-04-21 18:54:10,557 [INFO] ==================================================
