2026-04-20 11:09:29,161 [INFO] ==================================================
2026-04-20 11:09:29,161 [INFO] >>>> R-MNIST DOMAIN-IL BENCHMARK <<<<
2026-04-20 11:09:29,161 [INFO] ==================================================
2026-04-20 11:09:29,161 [INFO]   lmbd            = 2.0
2026-04-20 11:09:29,161 [INFO]   trials          = 1
2026-04-20 11:09:29,161 [INFO]   t_contrast      = 0.2
2026-04-20 11:09:29,161 [INFO]   t_student       = 0.07
2026-04-20 11:09:29,161 [INFO]   t_teacher       = 0.01
2026-04-20 11:09:29,161 [INFO]   epochs_train    = 20
2026-04-20 11:09:29,161 [INFO]   epochs_eval     = 100
2026-04-20 11:09:29,161 [INFO]   alpha_lump      = 0.1
2026-04-20 11:09:29,161 [INFO]   buffer_size     = 500
2026-04-20 11:09:29,161 [INFO]   data_root       = ./data
2026-04-20 11:09:29,161 [INFO]   log_file        = None
2026-04-20 11:09:29,161 [INFO]   gpu             = 0
2026-04-20 11:09:29,161 [INFO] ==================================================
2026-04-20 11:09:29,161 [INFO] >>>> TRIAL 1/1 <<<<
2026-04-20 11:09:29,196 [INFO] Using device: cuda
2026-04-20 11:09:29,197 [INFO] R-MNIST degrees: [0, 9, 18, 27, 36, 45, 54, 63, 72, 81, 90, 99, 108, 117, 126, 135, 144, 153, 162, 171]
2026-04-20 11:09:30,077 [INFO] === Task 1/20 | degree=0.0 | epochs=100 ===
2026-04-20 11:10:23,256 [INFO]   Epoch 10/100 | Loss: 1.7800
2026-04-20 11:11:15,494 [INFO]   Epoch 20/100 | Loss: 1.7198
2026-04-20 11:12:10,766 [INFO]   Epoch 30/100 | Loss: 1.7217
2026-04-20 11:13:05,487 [INFO]   Epoch 40/100 | Loss: 1.6776
2026-04-20 11:13:57,809 [INFO]   Epoch 50/100 | Loss: 1.6970
2026-04-20 11:15:00,168 [INFO]   Epoch 60/100 | Loss: 1.6584
2026-04-20 11:16:01,574 [INFO]   Epoch 70/100 | Loss: 1.6839
2026-04-20 11:17:02,992 [INFO]   Epoch 80/100 | Loss: 1.6462
2026-04-20 11:18:03,296 [INFO]   Epoch 90/100 | Loss: 1.6760
2026-04-20 11:19:00,615 [INFO]   Epoch 100/100 | Loss: 1.6399
2026-04-20 11:19:17,561 [INFO] After Task 1 | Domain accs: [98.85]
2026-04-20 11:19:17,561 [INFO] After Task 1 | Avg Domain-IL: 98.85%
2026-04-20 11:19:17,561 [INFO] === Task 2/20 | degree=9.0 | epochs=20 ===
2026-04-20 11:20:20,732 [INFO]   Epoch 10/20 | Loss: 1.7639
2026-04-20 11:21:15,221 [INFO]   Epoch 20/20 | Loss: 1.7310
2026-04-20 11:21:25,782 [INFO] After Task 2 | Domain accs: [98.47, 98.47]
2026-04-20 11:21:25,782 [INFO] After Task 2 | Avg Domain-IL: 98.47%
2026-04-20 11:21:25,793 [INFO] === Task 3/20 | degree=18.0 | epochs=20 ===
2026-04-20 11:22:29,186 [INFO]   Epoch 10/20 | Loss: 1.8623
2026-04-20 11:23:31,771 [INFO]   Epoch 20/20 | Loss: 1.8005
2026-04-20 11:23:42,804 [INFO] After Task 3 | Domain accs: [98.62, 98.62, 98.62]
2026-04-20 11:23:42,804 [INFO] After Task 3 | Avg Domain-IL: 98.62%
2026-04-20 11:23:42,804 [INFO] === Task 4/20 | degree=27.0 | epochs=20 ===
2026-04-20 11:24:37,448 [INFO]   Epoch 10/20 | Loss: 1.9070
2026-04-20 11:25:45,843 [INFO]   Epoch 20/20 | Loss: 1.8734
2026-04-20 11:26:01,973 [INFO] After Task 4 | Domain accs: [98.53, 98.53, 98.53, 98.53]
2026-04-20 11:26:01,973 [INFO] After Task 4 | Avg Domain-IL: 98.53%
2026-04-20 11:26:01,973 [INFO] === Task 5/20 | degree=36.0 | epochs=20 ===
2026-04-20 11:26:56,431 [INFO]   Epoch 10/20 | Loss: 1.9614
2026-04-20 11:27:50,783 [INFO]   Epoch 20/20 | Loss: 1.9399
2026-04-20 11:28:02,492 [INFO] After Task 5 | Domain accs: [98.83, 98.83, 98.83, 98.83, 98.83]
2026-04-20 11:28:02,492 [INFO] After Task 5 | Avg Domain-IL: 98.83%
2026-04-20 11:28:02,492 [INFO] === Task 6/20 | degree=45.0 | epochs=20 ===
2026-04-20 11:28:56,885 [INFO]   Epoch 10/20 | Loss: 2.0254
2026-04-20 11:29:51,402 [INFO]   Epoch 20/20 | Loss: 1.9883
2026-04-20 11:30:04,209 [INFO] After Task 6 | Domain accs: [98.47, 98.47, 98.47, 98.47, 98.47, 98.47]
2026-04-20 11:30:04,209 [INFO] After Task 6 | Avg Domain-IL: 98.47%
2026-04-20 11:30:04,209 [INFO] === Task 7/20 | degree=54.0 | epochs=20 ===
2026-04-20 11:30:58,631 [INFO]   Epoch 10/20 | Loss: 2.1519
2026-04-20 11:31:53,423 [INFO]   Epoch 20/20 | Loss: 2.0605
2026-04-20 11:32:07,078 [INFO] After Task 7 | Domain accs: [98.38, 98.38, 98.38, 98.38, 98.38, 98.38, 98.38]
2026-04-20 11:32:07,079 [INFO] After Task 7 | Avg Domain-IL: 98.38%
2026-04-20 11:32:07,079 [INFO] === Task 8/20 | degree=63.0 | epochs=20 ===
2026-04-20 11:33:13,588 [INFO]   Epoch 10/20 | Loss: 2.1453
2026-04-20 11:34:14,373 [INFO]   Epoch 20/20 | Loss: 2.1100
2026-04-20 11:34:28,380 [INFO] After Task 8 | Domain accs: [98.53, 98.53, 98.53, 98.53, 98.53, 98.53, 98.53, 98.53]
2026-04-20 11:34:28,381 [INFO] After Task 8 | Avg Domain-IL: 98.53%
2026-04-20 11:34:28,381 [INFO] === Task 9/20 | degree=72.0 | epochs=20 ===
2026-04-20 11:35:35,130 [INFO]   Epoch 10/20 | Loss: 2.1866
2026-04-20 11:36:36,854 [INFO]   Epoch 20/20 | Loss: 2.1529
2026-04-20 11:36:50,818 [INFO] After Task 9 | Domain accs: [98.4, 98.4, 98.4, 98.4, 98.4, 98.4, 98.4, 98.4, 98.4]
2026-04-20 11:36:50,818 [INFO] After Task 9 | Avg Domain-IL: 98.40%
2026-04-20 11:36:50,818 [INFO] === Task 10/20 | degree=81.0 | epochs=20 ===
2026-04-20 11:37:46,491 [INFO]   Epoch 10/20 | Loss: 2.2321
2026-04-20 11:38:52,689 [INFO]   Epoch 20/20 | Loss: 2.2225
2026-04-20 11:39:11,796 [INFO] After Task 10 | Domain accs: [98.35, 98.35, 98.35, 98.35, 98.35, 98.35, 98.35, 98.35, 98.35, 98.35]
2026-04-20 11:39:11,797 [INFO] After Task 10 | Avg Domain-IL: 98.35%
2026-04-20 11:39:11,797 [INFO] === Task 11/20 | degree=90.0 | epochs=20 ===
2026-04-20 11:40:09,672 [INFO]   Epoch 10/20 | Loss: 2.2659
2026-04-20 11:41:12,310 [INFO]   Epoch 20/20 | Loss: 2.2365
2026-04-20 11:41:26,608 [INFO] After Task 11 | Domain accs: [98.28, 98.28, 98.28, 98.28, 98.28, 98.28, 98.28, 98.28, 98.28, 98.28, 98.28]
2026-04-20 11:41:26,608 [INFO] After Task 11 | Avg Domain-IL: 98.28%
2026-04-20 11:41:26,608 [INFO] === Task 12/20 | degree=99.0 | epochs=20 ===
2026-04-20 11:42:19,566 [INFO]   Epoch 10/20 | Loss: 2.3067
2026-04-20 11:43:12,551 [INFO]   Epoch 20/20 | Loss: 2.2784
2026-04-20 11:43:27,653 [INFO] After Task 12 | Domain accs: [97.92, 97.92, 97.92, 97.92, 97.92, 97.92, 97.92, 97.92, 97.92, 97.92, 97.92, 97.92]
2026-04-20 11:43:27,653 [INFO] After Task 12 | Avg Domain-IL: 97.92%
2026-04-20 11:43:27,653 [INFO] === Task 13/20 | degree=108.0 | epochs=20 ===
2026-04-20 11:44:20,807 [INFO]   Epoch 10/20 | Loss: 2.3681
2026-04-20 11:45:14,088 [INFO]   Epoch 20/20 | Loss: 2.3298
2026-04-20 11:45:29,690 [INFO] After Task 13 | Domain accs: [98.08, 98.08, 98.08, 98.08, 98.08, 98.08, 98.08, 98.08, 98.08, 98.08, 98.08, 98.08, 98.08]
2026-04-20 11:45:29,690 [INFO] After Task 13 | Avg Domain-IL: 98.08%
2026-04-20 11:45:29,690 [INFO] === Task 14/20 | degree=117.0 | epochs=20 ===
2026-04-20 11:46:22,949 [INFO]   Epoch 10/20 | Loss: 2.3861
2026-04-20 11:47:16,057 [INFO]   Epoch 20/20 | Loss: 2.3673
2026-04-20 11:47:32,077 [INFO] After Task 14 | Domain accs: [98.25, 98.25, 98.25, 98.25, 98.25, 98.25, 98.25, 98.25, 98.25, 98.25, 98.25, 98.25, 98.25, 98.25]
2026-04-20 11:47:32,077 [INFO] After Task 14 | Avg Domain-IL: 98.25%
2026-04-20 11:47:32,077 [INFO] === Task 15/20 | degree=126.0 | epochs=20 ===
2026-04-20 11:48:25,297 [INFO]   Epoch 10/20 | Loss: 2.3972
2026-04-20 11:49:18,244 [INFO]   Epoch 20/20 | Loss: 2.3467
2026-04-20 11:49:34,666 [INFO] After Task 15 | Domain accs: [98.38, 98.38, 98.38, 98.38, 98.38, 98.38, 98.38, 98.38, 98.38, 98.38, 98.38, 98.38, 98.38, 98.38, 98.38]
2026-04-20 11:49:34,666 [INFO] After Task 15 | Avg Domain-IL: 98.38%
2026-04-20 11:49:34,666 [INFO] === Task 16/20 | degree=135.0 | epochs=20 ===
2026-04-20 11:50:27,708 [INFO]   Epoch 10/20 | Loss: 2.4234
2026-04-20 11:51:20,883 [INFO]   Epoch 20/20 | Loss: 2.3544
2026-04-20 11:51:38,141 [INFO] After Task 16 | Domain accs: [98.11, 98.11, 98.11, 98.11, 98.11, 98.11, 98.11, 98.11, 98.11, 98.11, 98.11, 98.11, 98.11, 98.11, 98.11, 98.11]
2026-04-20 11:51:38,141 [INFO] After Task 16 | Avg Domain-IL: 98.11%
2026-04-20 11:51:38,141 [INFO] === Task 17/20 | degree=144.0 | epochs=20 ===
2026-04-20 11:52:31,223 [INFO]   Epoch 10/20 | Loss: 2.4347
2026-04-20 11:53:24,440 [INFO]   Epoch 20/20 | Loss: 2.3589
2026-04-20 11:53:42,222 [INFO] After Task 17 | Domain accs: [98.26, 98.26, 98.26, 98.26, 98.26, 98.26, 98.26, 98.26, 98.26, 98.26, 98.26, 98.26, 98.26, 98.26, 98.26, 98.26, 98.26]
2026-04-20 11:53:42,223 [INFO] After Task 17 | Avg Domain-IL: 98.26%
2026-04-20 11:53:42,223 [INFO] === Task 18/20 | degree=153.0 | epochs=20 ===
2026-04-20 11:54:35,530 [INFO]   Epoch 10/20 | Loss: 2.4081
2026-04-20 11:55:28,421 [INFO]   Epoch 20/20 | Loss: 2.3478
2026-04-20 11:55:46,618 [INFO] After Task 18 | Domain accs: [98.23, 98.23, 98.23, 98.23, 98.23, 98.23, 98.23, 98.23, 98.23, 98.23, 98.23, 98.23, 98.23, 98.23, 98.23, 98.23, 98.23, 98.23]
2026-04-20 11:55:46,618 [INFO] After Task 18 | Avg Domain-IL: 98.23%
2026-04-20 11:55:46,618 [INFO] === Task 19/20 | degree=162.0 | epochs=20 ===
2026-04-20 11:56:39,619 [INFO]   Epoch 10/20 | Loss: 2.4179
2026-04-20 11:57:32,611 [INFO]   Epoch 20/20 | Loss: 2.3755
2026-04-20 11:57:51,174 [INFO] After Task 19 | Domain accs: [97.67, 97.67, 97.67, 97.67, 97.67, 97.67, 97.67, 97.67, 97.67, 97.67, 97.67, 97.67, 97.67, 97.67, 97.67, 97.67, 97.67, 97.67, 97.67]
2026-04-20 11:57:51,175 [INFO] After Task 19 | Avg Domain-IL: 97.67%
2026-04-20 11:57:51,175 [INFO] === Task 20/20 | degree=171.0 | epochs=20 ===
2026-04-20 11:58:44,170 [INFO]   Epoch 10/20 | Loss: 2.3938
2026-04-20 11:59:37,184 [INFO]   Epoch 20/20 | Loss: 2.3623
2026-04-20 11:59:56,313 [INFO] After Task 20 | Domain accs: [97.87, 97.87, 97.87, 97.87, 97.87, 97.87, 97.87, 97.87, 97.87, 97.87, 97.87, 97.87, 97.87, 97.87, 97.87, 97.87, 97.87, 97.87, 97.87, 97.87]
2026-04-20 11:59:56,314 [INFO] After Task 20 | Avg Domain-IL: 97.87%
2026-04-20 11:59:56,314 [INFO] ==================================================
2026-04-20 11:59:56,314 [INFO] >>>> FINAL DOMAIN-IL METRICS <<<<
2026-04-20 11:59:56,314 [INFO] Domain-IL Accuracy : 97.87%
2026-04-20 11:59:56,314 [INFO] Backward Transfer  : -0.4779
2026-04-20 11:59:56,314 [INFO] Forgetting Measure : 0.5963
2026-04-20 11:59:56,314 [INFO] ==================================================
2026-04-20 11:59:56,382 [INFO] Trial 1 done in 3027.2s
2026-04-20 11:59:56,385 [INFO] ==================================================
2026-04-20 11:59:56,385 [INFO] >>>> SUMMARY <<<<
2026-04-20 11:59:56,385 [INFO] ==================================================
2026-04-20 11:59:56,385 [INFO] Domain-IL Accuracy : 97.87 ± 0.00
2026-04-20 11:59:56,385 [INFO] Backward Transfer  : -0.4779 ± 0.0000
2026-04-20 11:59:56,385 [INFO] Forgetting Measure : 0.5963 ± 0.0000
2026-04-20 11:59:56,385 [INFO] ==================================================
