2026-04-21 03:42:50,036 [INFO] ==================================================
2026-04-21 03:42:50,036 [INFO] >>>> R-MNIST DOMAIN-IL BENCHMARK <<<<
2026-04-21 03:42:50,036 [INFO] ==================================================
2026-04-21 03:42:50,036 [INFO]   lmbd            = 0.6
2026-04-21 03:42:50,036 [INFO]   trials          = 5
2026-04-21 03:42:50,036 [INFO]   t_contrast      = 0.2
2026-04-21 03:42:50,036 [INFO]   t_student       = 0.1
2026-04-21 03:42:50,036 [INFO]   t_teacher       = 0.01
2026-04-21 03:42:50,036 [INFO]   epochs_train    = 20
2026-04-21 03:42:50,036 [INFO]   epochs_eval     = 100
2026-04-21 03:42:50,036 [INFO]   alpha_lump      = 0.1
2026-04-21 03:42:50,036 [INFO]   buffer_size     = 500
2026-04-21 03:42:50,036 [INFO]   data_root       = ./data
2026-04-21 03:42:50,036 [INFO]   log_file        = None
2026-04-21 03:42:50,036 [INFO]   gpu             = 1
2026-04-21 03:42:50,036 [INFO] ==================================================
2026-04-21 03:42:50,036 [INFO] >>>> TRIAL 1/5 <<<<
2026-04-21 03:42:50,084 [INFO] Using device: cuda
2026-04-21 03:42:50,084 [INFO] R-MNIST degrees: [0, 9, 18, 27, 36, 45, 54, 63, 72, 81, 90, 99, 108, 117, 126, 135, 144, 153, 162, 171]
2026-04-21 03:42:50,841 [INFO] === Task 1/20 | degree=0.0 | epochs=100 ===
2026-04-21 03:43:48,119 [INFO]   Epoch 10/100 | Loss: 1.7846
2026-04-21 03:44:45,633 [INFO]   Epoch 20/100 | Loss: 1.7238
2026-04-21 03:45:42,657 [INFO]   Epoch 30/100 | Loss: 1.7258
2026-04-21 03:46:42,113 [INFO]   Epoch 40/100 | Loss: 1.6810
2026-04-21 03:47:39,708 [INFO]   Epoch 50/100 | Loss: 1.7002
2026-04-21 03:48:37,672 [INFO]   Epoch 60/100 | Loss: 1.6598
2026-04-21 03:49:35,354 [INFO]   Epoch 70/100 | Loss: 1.6867
2026-04-21 03:50:33,103 [INFO]   Epoch 80/100 | Loss: 1.6474
2026-04-21 03:51:30,696 [INFO]   Epoch 90/100 | Loss: 1.6763
2026-04-21 03:52:28,265 [INFO]   Epoch 100/100 | Loss: 1.6405
2026-04-21 03:53:42,873 [INFO] After Task 1 | Domain accs: [98.62]
2026-04-21 03:53:42,873 [INFO] After Task 1 | Current Domain-IL: 98.62%
2026-04-21 03:53:42,873 [INFO] === Task 2/20 | degree=9.0 | epochs=20 ===
2026-04-21 03:54:45,227 [INFO]   Epoch 10/20 | Loss: 1.7571
2026-04-21 03:55:47,403 [INFO]   Epoch 20/20 | Loss: 1.7245
2026-04-21 03:57:02,021 [INFO] After Task 2 | Domain accs: [98.62, 98.57]
2026-04-21 03:57:02,021 [INFO] After Task 2 | Current Domain-IL: 98.57%
2026-04-21 03:57:02,021 [INFO] === Task 3/20 | degree=18.0 | epochs=20 ===
2026-04-21 03:58:04,585 [INFO]   Epoch 10/20 | Loss: 1.8395
2026-04-21 03:59:07,527 [INFO]   Epoch 20/20 | Loss: 1.8046
2026-04-21 04:00:24,507 [INFO] After Task 3 | Domain accs: [98.62, 98.57, 98.59]
2026-04-21 04:00:24,508 [INFO] After Task 3 | Current Domain-IL: 98.59%
2026-04-21 04:00:24,508 [INFO] === Task 4/20 | degree=27.0 | epochs=20 ===
2026-04-21 04:01:27,266 [INFO]   Epoch 10/20 | Loss: 1.9031
2026-04-21 04:02:30,033 [INFO]   Epoch 20/20 | Loss: 1.8631
2026-04-21 04:03:45,086 [INFO] After Task 4 | Domain accs: [98.62, 98.57, 98.59, 98.62]
2026-04-21 04:03:45,086 [INFO] After Task 4 | Current Domain-IL: 98.62%
2026-04-21 04:03:45,086 [INFO] === Task 5/20 | degree=36.0 | epochs=20 ===
2026-04-21 04:04:47,751 [INFO]   Epoch 10/20 | Loss: 1.9702
2026-04-21 04:05:50,136 [INFO]   Epoch 20/20 | Loss: 1.9303
2026-04-21 04:07:04,470 [INFO] After Task 5 | Domain accs: [98.62, 98.57, 98.59, 98.62, 98.83]
2026-04-21 04:07:04,470 [INFO] After Task 5 | Current Domain-IL: 98.83%
2026-04-21 04:07:04,470 [INFO] === Task 6/20 | degree=45.0 | epochs=20 ===
2026-04-21 04:08:07,257 [INFO]   Epoch 10/20 | Loss: 2.0245
2026-04-21 04:09:09,837 [INFO]   Epoch 20/20 | Loss: 1.9781
2026-04-21 04:10:25,628 [INFO] After Task 6 | Domain accs: [98.62, 98.57, 98.59, 98.62, 98.83, 98.75]
2026-04-21 04:10:25,628 [INFO] After Task 6 | Current Domain-IL: 98.75%
2026-04-21 04:10:25,628 [INFO] === Task 7/20 | degree=54.0 | epochs=20 ===
2026-04-21 04:11:28,274 [INFO]   Epoch 10/20 | Loss: 2.0708
2026-04-21 04:12:31,145 [INFO]   Epoch 20/20 | Loss: 2.0410
2026-04-21 04:13:47,769 [INFO] After Task 7 | Domain accs: [98.62, 98.57, 98.59, 98.62, 98.83, 98.75, 98.95]
2026-04-21 04:13:47,769 [INFO] After Task 7 | Current Domain-IL: 98.95%
2026-04-21 04:13:47,769 [INFO] === Task 8/20 | degree=63.0 | epochs=20 ===
2026-04-21 04:14:50,942 [INFO]   Epoch 10/20 | Loss: 2.1174
2026-04-21 04:15:54,185 [INFO]   Epoch 20/20 | Loss: 2.1038
2026-04-21 04:17:11,970 [INFO] After Task 8 | Domain accs: [98.62, 98.57, 98.59, 98.62, 98.83, 98.75, 98.95, 99.0]
2026-04-21 04:17:11,970 [INFO] After Task 8 | Current Domain-IL: 99.00%
2026-04-21 04:17:11,970 [INFO] === Task 9/20 | degree=72.0 | epochs=20 ===
2026-04-21 04:18:15,382 [INFO]   Epoch 10/20 | Loss: 2.1711
2026-04-21 04:19:18,719 [INFO]   Epoch 20/20 | Loss: 2.1307
2026-04-21 04:20:35,367 [INFO] After Task 9 | Domain accs: [98.62, 98.57, 98.59, 98.62, 98.83, 98.75, 98.95, 99.0, 98.78]
2026-04-21 04:20:35,367 [INFO] After Task 9 | Current Domain-IL: 98.78%
2026-04-21 04:20:35,367 [INFO] === Task 10/20 | degree=81.0 | epochs=20 ===
2026-04-21 04:21:37,510 [INFO]   Epoch 10/20 | Loss: 2.2079
2026-04-21 04:22:40,261 [INFO]   Epoch 20/20 | Loss: 2.1665
2026-04-21 04:23:56,146 [INFO] After Task 10 | Domain accs: [98.62, 98.57, 98.59, 98.62, 98.83, 98.75, 98.95, 99.0, 98.78, 98.74]
2026-04-21 04:23:56,146 [INFO] After Task 10 | Current Domain-IL: 98.74%
2026-04-21 04:23:56,146 [INFO] === Task 11/20 | degree=90.0 | epochs=20 ===
2026-04-21 04:24:55,692 [INFO]   Epoch 10/20 | Loss: 2.2436
2026-04-21 04:25:55,303 [INFO]   Epoch 20/20 | Loss: 2.2261
2026-04-21 04:27:11,084 [INFO] After Task 11 | Domain accs: [98.62, 98.57, 98.59, 98.62, 98.83, 98.75, 98.95, 99.0, 98.78, 98.74, 98.68]
2026-04-21 04:27:11,084 [INFO] After Task 11 | Current Domain-IL: 98.68%
2026-04-21 04:27:11,084 [INFO] === Task 12/20 | degree=99.0 | epochs=20 ===
2026-04-21 04:28:13,827 [INFO]   Epoch 10/20 | Loss: 2.2970
2026-04-21 04:29:16,563 [INFO]   Epoch 20/20 | Loss: 2.2405
2026-04-21 04:30:34,665 [INFO] After Task 12 | Domain accs: [98.62, 98.57, 98.59, 98.62, 98.83, 98.75, 98.95, 99.0, 98.78, 98.74, 98.68, 98.41]
2026-04-21 04:30:34,665 [INFO] After Task 12 | Current Domain-IL: 98.41%
2026-04-21 04:30:34,665 [INFO] === Task 13/20 | degree=108.0 | epochs=20 ===
2026-04-21 04:31:37,742 [INFO]   Epoch 10/20 | Loss: 2.3424
2026-04-21 04:32:41,467 [INFO]   Epoch 20/20 | Loss: 2.3038
2026-04-21 04:34:00,064 [INFO] After Task 13 | Domain accs: [98.62, 98.57, 98.59, 98.62, 98.83, 98.75, 98.95, 99.0, 98.78, 98.74, 98.68, 98.41, 97.92]
2026-04-21 04:34:00,064 [INFO] After Task 13 | Current Domain-IL: 97.92%
2026-04-21 04:34:00,064 [INFO] === Task 14/20 | degree=117.0 | epochs=20 ===
2026-04-21 04:35:03,359 [INFO]   Epoch 10/20 | Loss: 2.3896
2026-04-21 04:36:06,651 [INFO]   Epoch 20/20 | Loss: 2.3147
2026-04-21 04:37:28,261 [INFO] After Task 14 | Domain accs: [98.62, 98.57, 98.59, 98.62, 98.83, 98.75, 98.95, 99.0, 98.78, 98.74, 98.68, 98.41, 97.92, 98.18]
2026-04-21 04:37:28,261 [INFO] After Task 14 | Current Domain-IL: 98.18%
2026-04-21 04:37:28,261 [INFO] === Task 15/20 | degree=126.0 | epochs=20 ===
2026-04-21 04:38:34,831 [INFO]   Epoch 10/20 | Loss: 2.3405
2026-04-21 04:39:42,380 [INFO]   Epoch 20/20 | Loss: 2.3397
2026-04-21 04:41:12,616 [INFO] After Task 15 | Domain accs: [98.62, 98.57, 98.59, 98.62, 98.83, 98.75, 98.95, 99.0, 98.78, 98.74, 98.68, 98.41, 97.92, 98.18, 98.74]
2026-04-21 04:41:12,616 [INFO] After Task 15 | Current Domain-IL: 98.74%
2026-04-21 04:41:12,616 [INFO] === Task 16/20 | degree=135.0 | epochs=20 ===
2026-04-21 04:42:17,107 [INFO]   Epoch 10/20 | Loss: 2.3917
2026-04-21 04:43:21,501 [INFO]   Epoch 20/20 | Loss: 2.3465
2026-04-21 04:44:53,613 [INFO] After Task 16 | Domain accs: [98.62, 98.57, 98.59, 98.62, 98.83, 98.75, 98.95, 99.0, 98.78, 98.74, 98.68, 98.41, 97.92, 98.18, 98.74, 98.37]
2026-04-21 04:44:53,613 [INFO] After Task 16 | Current Domain-IL: 98.37%
2026-04-21 04:44:53,613 [INFO] === Task 17/20 | degree=144.0 | epochs=20 ===
2026-04-21 04:45:58,329 [INFO]   Epoch 10/20 | Loss: 2.3720
2026-04-21 04:47:05,137 [INFO]   Epoch 20/20 | Loss: 2.3400
2026-04-21 04:48:40,499 [INFO] After Task 17 | Domain accs: [98.62, 98.57, 98.59, 98.62, 98.83, 98.75, 98.95, 99.0, 98.78, 98.74, 98.68, 98.41, 97.92, 98.18, 98.74, 98.37, 98.38]
2026-04-21 04:48:40,499 [INFO] After Task 17 | Current Domain-IL: 98.38%
2026-04-21 04:48:40,500 [INFO] === Task 18/20 | degree=153.0 | epochs=20 ===
2026-04-21 04:49:46,543 [INFO]   Epoch 10/20 | Loss: 2.3742
2026-04-21 04:50:50,832 [INFO]   Epoch 20/20 | Loss: 2.3356
2026-04-21 04:52:23,295 [INFO] After Task 18 | Domain accs: [98.62, 98.57, 98.59, 98.62, 98.83, 98.75, 98.95, 99.0, 98.78, 98.74, 98.68, 98.41, 97.92, 98.18, 98.74, 98.37, 98.38, 98.06]
2026-04-21 04:52:23,295 [INFO] After Task 18 | Current Domain-IL: 98.06%
2026-04-21 04:52:23,295 [INFO] === Task 19/20 | degree=162.0 | epochs=20 ===
2026-04-21 04:53:28,022 [INFO]   Epoch 10/20 | Loss: 2.3811
2026-04-21 04:54:33,161 [INFO]   Epoch 20/20 | Loss: 2.3455
2026-04-21 04:56:08,392 [INFO] After Task 19 | Domain accs: [98.62, 98.57, 98.59, 98.62, 98.83, 98.75, 98.95, 99.0, 98.78, 98.74, 98.68, 98.41, 97.92, 98.18, 98.74, 98.37, 98.38, 98.06, 96.97]
2026-04-21 04:56:08,393 [INFO] After Task 19 | Current Domain-IL: 96.97%
2026-04-21 04:56:08,393 [INFO] === Task 20/20 | degree=171.0 | epochs=20 ===
2026-04-21 04:57:13,497 [INFO]   Epoch 10/20 | Loss: 2.3582
2026-04-21 04:58:19,225 [INFO]   Epoch 20/20 | Loss: 2.3412
2026-04-21 04:59:51,954 [INFO] After Task 20 | Domain accs: [98.62, 98.57, 98.59, 98.62, 98.83, 98.75, 98.95, 99.0, 98.78, 98.74, 98.68, 98.41, 97.92, 98.18, 98.74, 98.37, 98.38, 98.06, 96.97, 97.94]
2026-04-21 04:59:51,954 [INFO] After Task 20 | Current Domain-IL: 97.94%
2026-04-21 04:59:51,954 [INFO] ==================================================
2026-04-21 04:59:51,954 [INFO] >>>> FINAL DOMAIN-IL METRICS <<<<
2026-04-21 04:59:51,954 [INFO] Domain-IL Accuracy : 98.46%
2026-04-21 04:59:51,954 [INFO] Backward Transfer  : -0.5421
2026-04-21 04:59:51,954 [INFO] Forgetting Measure : 0.7447
2026-04-21 04:59:51,954 [INFO] ==================================================
2026-04-21 04:59:52,020 [INFO] Trial 1 done in 4622.0s
2026-04-21 04:59:52,023 [INFO] >>>> TRIAL 2/5 <<<<
2026-04-21 04:59:52,023 [INFO] Using device: cuda
2026-04-21 04:59:52,024 [INFO] R-MNIST degrees: [0, 9, 18, 27, 36, 45, 54, 63, 72, 81, 90, 99, 108, 117, 126, 135, 144, 153, 162, 171]
2026-04-21 04:59:52,624 [INFO] === Task 1/20 | degree=0.0 | epochs=100 ===
2026-04-21 05:00:51,749 [INFO]   Epoch 10/100 | Loss: 1.7846
2026-04-21 05:01:53,491 [INFO]   Epoch 20/100 | Loss: 1.7243
2026-04-21 05:02:55,237 [INFO]   Epoch 30/100 | Loss: 1.7249
2026-04-21 05:03:56,496 [INFO]   Epoch 40/100 | Loss: 1.6808
2026-04-21 05:04:58,189 [INFO]   Epoch 50/100 | Loss: 1.7006
2026-04-21 05:06:00,019 [INFO]   Epoch 60/100 | Loss: 1.6613
2026-04-21 05:06:59,868 [INFO]   Epoch 70/100 | Loss: 1.6875
2026-04-21 05:07:59,797 [INFO]   Epoch 80/100 | Loss: 1.6491
2026-04-21 05:08:58,567 [INFO]   Epoch 90/100 | Loss: 1.6788
2026-04-21 05:09:56,995 [INFO]   Epoch 100/100 | Loss: 1.6419
2026-04-21 05:11:20,025 [INFO] After Task 1 | Domain accs: [98.84]
2026-04-21 05:11:20,025 [INFO] After Task 1 | Current Domain-IL: 98.84%
2026-04-21 05:11:20,025 [INFO] === Task 2/20 | degree=9.0 | epochs=20 ===
2026-04-21 05:12:23,822 [INFO]   Epoch 10/20 | Loss: 1.7575
2026-04-21 05:13:28,755 [INFO]   Epoch 20/20 | Loss: 1.7224
2026-04-21 05:14:53,126 [INFO] After Task 2 | Domain accs: [98.84, 98.74]
2026-04-21 05:14:53,126 [INFO] After Task 2 | Current Domain-IL: 98.74%
2026-04-21 05:14:53,126 [INFO] === Task 3/20 | degree=18.0 | epochs=20 ===
2026-04-21 05:15:57,384 [INFO]   Epoch 10/20 | Loss: 1.8466
2026-04-21 05:17:01,408 [INFO]   Epoch 20/20 | Loss: 1.8022
2026-04-21 05:18:26,076 [INFO] After Task 3 | Domain accs: [98.84, 98.74, 98.67]
2026-04-21 05:18:26,077 [INFO] After Task 3 | Current Domain-IL: 98.67%
2026-04-21 05:18:26,077 [INFO] === Task 4/20 | degree=27.0 | epochs=20 ===
2026-04-21 05:19:30,093 [INFO]   Epoch 10/20 | Loss: 1.9064
2026-04-21 05:20:34,131 [INFO]   Epoch 20/20 | Loss: 1.8699
2026-04-21 05:21:59,652 [INFO] After Task 4 | Domain accs: [98.84, 98.74, 98.67, 98.87]
2026-04-21 05:21:59,652 [INFO] After Task 4 | Current Domain-IL: 98.87%
2026-04-21 05:21:59,652 [INFO] === Task 5/20 | degree=36.0 | epochs=20 ===
2026-04-21 05:23:03,898 [INFO]   Epoch 10/20 | Loss: 1.9631
2026-04-21 05:24:08,543 [INFO]   Epoch 20/20 | Loss: 1.9277
2026-04-21 05:25:34,170 [INFO] After Task 5 | Domain accs: [98.84, 98.74, 98.67, 98.87, 98.89]
2026-04-21 05:25:34,170 [INFO] After Task 5 | Current Domain-IL: 98.89%
2026-04-21 05:25:34,170 [INFO] === Task 6/20 | degree=45.0 | epochs=20 ===
2026-04-21 05:26:38,929 [INFO]   Epoch 10/20 | Loss: 2.0201
2026-04-21 05:27:44,181 [INFO]   Epoch 20/20 | Loss: 1.9891
2026-04-21 05:29:12,903 [INFO] After Task 6 | Domain accs: [98.84, 98.74, 98.67, 98.87, 98.89, 98.87]
2026-04-21 05:29:12,904 [INFO] After Task 6 | Current Domain-IL: 98.87%
2026-04-21 05:29:12,904 [INFO] === Task 7/20 | degree=54.0 | epochs=20 ===
2026-04-21 05:30:17,341 [INFO]   Epoch 10/20 | Loss: 2.0693
2026-04-21 05:31:23,401 [INFO]   Epoch 20/20 | Loss: 2.0329
2026-04-21 05:32:52,421 [INFO] After Task 7 | Domain accs: [98.84, 98.74, 98.67, 98.87, 98.89, 98.87, 98.84]
2026-04-21 05:32:52,421 [INFO] After Task 7 | Current Domain-IL: 98.84%
2026-04-21 05:32:52,421 [INFO] === Task 8/20 | degree=63.0 | epochs=20 ===
2026-04-21 05:33:57,179 [INFO]   Epoch 10/20 | Loss: 2.1256
2026-04-21 05:35:02,549 [INFO]   Epoch 20/20 | Loss: 2.0783
2026-04-21 05:36:34,800 [INFO] After Task 8 | Domain accs: [98.84, 98.74, 98.67, 98.87, 98.89, 98.87, 98.84, 98.57]
2026-04-21 05:36:34,800 [INFO] After Task 8 | Current Domain-IL: 98.57%
2026-04-21 05:36:34,800 [INFO] === Task 9/20 | degree=72.0 | epochs=20 ===
2026-04-21 05:37:42,674 [INFO]   Epoch 10/20 | Loss: 2.1678
2026-04-21 05:38:48,814 [INFO]   Epoch 20/20 | Loss: 2.1366
2026-04-21 05:40:18,741 [INFO] After Task 9 | Domain accs: [98.84, 98.74, 98.67, 98.87, 98.89, 98.87, 98.84, 98.57, 98.26]
2026-04-21 05:40:18,743 [INFO] After Task 9 | Current Domain-IL: 98.26%
2026-04-21 05:40:18,743 [INFO] === Task 10/20 | degree=81.0 | epochs=20 ===
2026-04-21 05:41:23,560 [INFO]   Epoch 10/20 | Loss: 2.2241
2026-04-21 05:42:28,300 [INFO]   Epoch 20/20 | Loss: 2.1673
2026-04-21 05:44:00,227 [INFO] After Task 10 | Domain accs: [98.84, 98.74, 98.67, 98.87, 98.89, 98.87, 98.84, 98.57, 98.26, 98.4]
2026-04-21 05:44:00,227 [INFO] After Task 10 | Current Domain-IL: 98.40%
2026-04-21 05:44:00,227 [INFO] === Task 11/20 | degree=90.0 | epochs=20 ===
2026-04-21 05:45:01,929 [INFO]   Epoch 10/20 | Loss: 2.2431
2026-04-21 05:46:04,991 [INFO]   Epoch 20/20 | Loss: 2.1993
2026-04-21 05:47:34,431 [INFO] After Task 11 | Domain accs: [98.84, 98.74, 98.67, 98.87, 98.89, 98.87, 98.84, 98.57, 98.26, 98.4, 98.4]
2026-04-21 05:47:34,431 [INFO] After Task 11 | Current Domain-IL: 98.40%
2026-04-21 05:47:34,431 [INFO] === Task 12/20 | degree=99.0 | epochs=20 ===
2026-04-21 05:48:39,026 [INFO]   Epoch 10/20 | Loss: 2.2787
2026-04-21 05:49:43,784 [INFO]   Epoch 20/20 | Loss: 2.2503
2026-04-21 05:51:13,222 [INFO] After Task 12 | Domain accs: [98.84, 98.74, 98.67, 98.87, 98.89, 98.87, 98.84, 98.57, 98.26, 98.4, 98.4, 98.27]
2026-04-21 05:51:13,222 [INFO] After Task 12 | Current Domain-IL: 98.27%
2026-04-21 05:51:13,222 [INFO] === Task 13/20 | degree=108.0 | epochs=20 ===
2026-04-21 05:52:19,125 [INFO]   Epoch 10/20 | Loss: 2.3402
2026-04-21 05:53:24,490 [INFO]   Epoch 20/20 | Loss: 2.2954
2026-04-21 05:54:55,343 [INFO] After Task 13 | Domain accs: [98.84, 98.74, 98.67, 98.87, 98.89, 98.87, 98.84, 98.57, 98.26, 98.4, 98.4, 98.27, 98.17]
2026-04-21 05:54:55,343 [INFO] After Task 13 | Current Domain-IL: 98.17%
2026-04-21 05:54:55,343 [INFO] === Task 14/20 | degree=117.0 | epochs=20 ===
2026-04-21 05:56:04,041 [INFO]   Epoch 10/20 | Loss: 2.3740
2026-04-21 05:57:11,794 [INFO]   Epoch 20/20 | Loss: 2.3208
2026-04-21 05:58:44,701 [INFO] After Task 14 | Domain accs: [98.84, 98.74, 98.67, 98.87, 98.89, 98.87, 98.84, 98.57, 98.26, 98.4, 98.4, 98.27, 98.17, 97.97]
2026-04-21 05:58:44,701 [INFO] After Task 14 | Current Domain-IL: 97.97%
2026-04-21 05:58:44,701 [INFO] === Task 15/20 | degree=126.0 | epochs=20 ===
2026-04-21 05:59:48,996 [INFO]   Epoch 10/20 | Loss: 2.3752
2026-04-21 06:00:53,426 [INFO]   Epoch 20/20 | Loss: 2.3403
2026-04-21 06:02:24,759 [INFO] After Task 15 | Domain accs: [98.84, 98.74, 98.67, 98.87, 98.89, 98.87, 98.84, 98.57, 98.26, 98.4, 98.4, 98.27, 98.17, 97.97, 98.24]
2026-04-21 06:02:24,759 [INFO] After Task 15 | Current Domain-IL: 98.24%
2026-04-21 06:02:24,759 [INFO] === Task 16/20 | degree=135.0 | epochs=20 ===
2026-04-21 06:03:29,375 [INFO]   Epoch 10/20 | Loss: 2.3827
2026-04-21 06:04:33,835 [INFO]   Epoch 20/20 | Loss: 2.3503
2026-04-21 06:06:06,370 [INFO] After Task 16 | Domain accs: [98.84, 98.74, 98.67, 98.87, 98.89, 98.87, 98.84, 98.57, 98.26, 98.4, 98.4, 98.27, 98.17, 97.97, 98.24, 98.43]
2026-04-21 06:06:06,370 [INFO] After Task 16 | Current Domain-IL: 98.43%
2026-04-21 06:06:06,370 [INFO] === Task 17/20 | degree=144.0 | epochs=20 ===
2026-04-21 06:07:13,402 [INFO]   Epoch 10/20 | Loss: 2.3626
2026-04-21 06:08:23,644 [INFO]   Epoch 20/20 | Loss: 2.3471
2026-04-21 06:10:14,103 [INFO] After Task 17 | Domain accs: [98.84, 98.74, 98.67, 98.87, 98.89, 98.87, 98.84, 98.57, 98.26, 98.4, 98.4, 98.27, 98.17, 97.97, 98.24, 98.43, 98.03]
2026-04-21 06:10:14,104 [INFO] After Task 17 | Current Domain-IL: 98.03%
2026-04-21 06:10:14,104 [INFO] === Task 18/20 | degree=153.0 | epochs=20 ===
2026-04-21 06:11:17,860 [INFO]   Epoch 10/20 | Loss: 2.3806
2026-04-21 06:12:27,712 [INFO]   Epoch 20/20 | Loss: 2.3316
2026-04-21 06:14:11,537 [INFO] After Task 18 | Domain accs: [98.84, 98.74, 98.67, 98.87, 98.89, 98.87, 98.84, 98.57, 98.26, 98.4, 98.4, 98.27, 98.17, 97.97, 98.24, 98.43, 98.03, 97.82]
2026-04-21 06:14:11,537 [INFO] After Task 18 | Current Domain-IL: 97.82%
2026-04-21 06:14:11,537 [INFO] === Task 19/20 | degree=162.0 | epochs=20 ===
2026-04-21 06:15:20,937 [INFO]   Epoch 10/20 | Loss: 2.3795
2026-04-21 06:16:34,532 [INFO]   Epoch 20/20 | Loss: 2.3509
2026-04-21 06:18:12,133 [INFO] After Task 19 | Domain accs: [98.84, 98.74, 98.67, 98.87, 98.89, 98.87, 98.84, 98.57, 98.26, 98.4, 98.4, 98.27, 98.17, 97.97, 98.24, 98.43, 98.03, 97.82, 97.33]
2026-04-21 06:18:12,133 [INFO] After Task 19 | Current Domain-IL: 97.33%
2026-04-21 06:18:12,133 [INFO] === Task 20/20 | degree=171.0 | epochs=20 ===
2026-04-21 06:19:26,468 [INFO]   Epoch 10/20 | Loss: 2.3857
2026-04-21 06:20:33,921 [INFO]   Epoch 20/20 | Loss: 2.3289
2026-04-21 06:22:11,202 [INFO] After Task 20 | Domain accs: [98.84, 98.74, 98.67, 98.87, 98.89, 98.87, 98.84, 98.57, 98.26, 98.4, 98.4, 98.27, 98.17, 97.97, 98.24, 98.43, 98.03, 97.82, 97.33, 98.15]
2026-04-21 06:22:11,202 [INFO] After Task 20 | Current Domain-IL: 98.15%
2026-04-21 06:22:11,202 [INFO] ==================================================
2026-04-21 06:22:11,203 [INFO] >>>> FINAL DOMAIN-IL METRICS <<<<
2026-04-21 06:22:11,203 [INFO] Domain-IL Accuracy : 98.39%
2026-04-21 06:22:11,203 [INFO] Backward Transfer  : -0.2505
2026-04-21 06:22:11,203 [INFO] Forgetting Measure : 0.3421
2026-04-21 06:22:11,203 [INFO] ==================================================
2026-04-21 06:22:11,276 [INFO] Trial 2 done in 4939.3s
2026-04-21 06:22:11,280 [INFO] >>>> TRIAL 3/5 <<<<
2026-04-21 06:22:11,280 [INFO] Using device: cuda
2026-04-21 06:22:11,280 [INFO] R-MNIST degrees: [0, 9, 18, 27, 36, 45, 54, 63, 72, 81, 90, 99, 108, 117, 126, 135, 144, 153, 162, 171]
2026-04-21 06:22:11,905 [INFO] === Task 1/20 | degree=0.0 | epochs=100 ===
2026-04-21 06:23:19,232 [INFO]   Epoch 10/100 | Loss: 1.7778
2026-04-21 06:24:20,905 [INFO]   Epoch 20/100 | Loss: 1.7200
2026-04-21 06:25:22,599 [INFO]   Epoch 30/100 | Loss: 1.7219
2026-04-21 06:26:30,215 [INFO]   Epoch 40/100 | Loss: 1.6783
2026-04-21 06:27:34,460 [INFO]   Epoch 50/100 | Loss: 1.6962
2026-04-21 06:28:36,168 [INFO]   Epoch 60/100 | Loss: 1.6585
2026-04-21 06:29:37,637 [INFO]   Epoch 70/100 | Loss: 1.6830
2026-04-21 06:30:38,740 [INFO]   Epoch 80/100 | Loss: 1.6459
2026-04-21 06:31:39,920 [INFO]   Epoch 90/100 | Loss: 1.6750
2026-04-21 06:32:56,323 [INFO]   Epoch 100/100 | Loss: 1.6387
2026-04-21 06:34:29,486 [INFO] After Task 1 | Domain accs: [98.79]
2026-04-21 06:34:29,486 [INFO] After Task 1 | Current Domain-IL: 98.79%
2026-04-21 06:34:29,487 [INFO] === Task 2/20 | degree=9.0 | epochs=20 ===
2026-04-21 06:35:45,252 [INFO]   Epoch 10/20 | Loss: 1.7541
2026-04-21 06:36:52,336 [INFO]   Epoch 20/20 | Loss: 1.7198
2026-04-21 06:38:19,538 [INFO] After Task 2 | Domain accs: [98.79, 98.43]
2026-04-21 06:38:19,538 [INFO] After Task 2 | Current Domain-IL: 98.43%
2026-04-21 06:38:19,538 [INFO] === Task 3/20 | degree=18.0 | epochs=20 ===
2026-04-21 06:39:26,474 [INFO]   Epoch 10/20 | Loss: 1.8330
2026-04-21 06:40:33,526 [INFO]   Epoch 20/20 | Loss: 1.8023
2026-04-21 06:42:06,314 [INFO] After Task 3 | Domain accs: [98.79, 98.43, 98.68]
2026-04-21 06:42:06,314 [INFO] After Task 3 | Current Domain-IL: 98.68%
2026-04-21 06:42:06,314 [INFO] === Task 4/20 | degree=27.0 | epochs=20 ===
2026-04-21 06:43:12,719 [INFO]   Epoch 10/20 | Loss: 1.8887
2026-04-21 06:44:19,757 [INFO]   Epoch 20/20 | Loss: 1.8636
2026-04-21 06:45:45,622 [INFO] After Task 4 | Domain accs: [98.79, 98.43, 98.68, 98.54]
2026-04-21 06:45:45,623 [INFO] After Task 4 | Current Domain-IL: 98.54%
2026-04-21 06:45:45,623 [INFO] === Task 5/20 | degree=36.0 | epochs=20 ===
2026-04-21 06:46:55,224 [INFO]   Epoch 10/20 | Loss: 1.9641
2026-04-21 06:48:08,035 [INFO]   Epoch 20/20 | Loss: 1.9235
2026-04-21 06:49:34,814 [INFO] After Task 5 | Domain accs: [98.79, 98.43, 98.68, 98.54, 98.54]
2026-04-21 06:49:34,814 [INFO] After Task 5 | Current Domain-IL: 98.54%
2026-04-21 06:49:34,814 [INFO] === Task 6/20 | degree=45.0 | epochs=20 ===
2026-04-21 06:50:42,706 [INFO]   Epoch 10/20 | Loss: 2.0075
2026-04-21 06:51:50,510 [INFO]   Epoch 20/20 | Loss: 1.9818
2026-04-21 06:53:20,946 [INFO] After Task 6 | Domain accs: [98.79, 98.43, 98.68, 98.54, 98.54, 98.43]
2026-04-21 06:53:20,947 [INFO] After Task 6 | Current Domain-IL: 98.43%
2026-04-21 06:53:20,947 [INFO] === Task 7/20 | degree=54.0 | epochs=20 ===
2026-04-21 06:54:30,824 [INFO]   Epoch 10/20 | Loss: 2.0709
2026-04-21 06:55:40,924 [INFO]   Epoch 20/20 | Loss: 2.0369
2026-04-21 06:57:12,681 [INFO] After Task 7 | Domain accs: [98.79, 98.43, 98.68, 98.54, 98.54, 98.43, 98.67]
2026-04-21 06:57:12,682 [INFO] After Task 7 | Current Domain-IL: 98.67%
2026-04-21 06:57:12,682 [INFO] === Task 8/20 | degree=63.0 | epochs=20 ===
2026-04-21 06:58:20,328 [INFO]   Epoch 10/20 | Loss: 2.0986
2026-04-21 06:59:29,147 [INFO]   Epoch 20/20 | Loss: 2.0897
2026-04-21 07:01:00,599 [INFO] After Task 8 | Domain accs: [98.79, 98.43, 98.68, 98.54, 98.54, 98.43, 98.67, 98.82]
2026-04-21 07:01:00,599 [INFO] After Task 8 | Current Domain-IL: 98.82%
2026-04-21 07:01:00,599 [INFO] === Task 9/20 | degree=72.0 | epochs=20 ===
2026-04-21 07:02:17,856 [INFO]   Epoch 10/20 | Loss: 2.1753
2026-04-21 07:03:39,923 [INFO]   Epoch 20/20 | Loss: 2.1434
2026-04-21 07:05:09,367 [INFO] After Task 9 | Domain accs: [98.79, 98.43, 98.68, 98.54, 98.54, 98.43, 98.67, 98.82, 98.82]
2026-04-21 07:05:09,367 [INFO] After Task 9 | Current Domain-IL: 98.82%
2026-04-21 07:05:09,367 [INFO] === Task 10/20 | degree=81.0 | epochs=20 ===
2026-04-21 07:06:17,108 [INFO]   Epoch 10/20 | Loss: 2.2057
2026-04-21 07:07:24,493 [INFO]   Epoch 20/20 | Loss: 2.1697
2026-04-21 07:08:57,187 [INFO] After Task 10 | Domain accs: [98.79, 98.43, 98.68, 98.54, 98.54, 98.43, 98.67, 98.82, 98.82, 98.65]
2026-04-21 07:08:57,187 [INFO] After Task 10 | Current Domain-IL: 98.65%
2026-04-21 07:08:57,187 [INFO] === Task 11/20 | degree=90.0 | epochs=20 ===
2026-04-21 07:10:04,168 [INFO]   Epoch 10/20 | Loss: 2.2452
2026-04-21 07:11:09,224 [INFO]   Epoch 20/20 | Loss: 2.2327
2026-04-21 07:12:42,780 [INFO] After Task 11 | Domain accs: [98.79, 98.43, 98.68, 98.54, 98.54, 98.43, 98.67, 98.82, 98.82, 98.65, 98.92]
2026-04-21 07:12:42,780 [INFO] After Task 11 | Current Domain-IL: 98.92%
2026-04-21 07:12:42,780 [INFO] === Task 12/20 | degree=99.0 | epochs=20 ===
2026-04-21 07:13:51,350 [INFO]   Epoch 10/20 | Loss: 2.2877
2026-04-21 07:14:59,542 [INFO]   Epoch 20/20 | Loss: 2.2588
2026-04-21 07:16:35,173 [INFO] After Task 12 | Domain accs: [98.79, 98.43, 98.68, 98.54, 98.54, 98.43, 98.67, 98.82, 98.82, 98.65, 98.92, 98.78]
2026-04-21 07:16:35,174 [INFO] After Task 12 | Current Domain-IL: 98.78%
2026-04-21 07:16:35,174 [INFO] === Task 13/20 | degree=108.0 | epochs=20 ===
2026-04-21 07:17:45,816 [INFO]   Epoch 10/20 | Loss: 2.3342
2026-04-21 07:18:56,774 [INFO]   Epoch 20/20 | Loss: 2.2930
2026-04-21 07:20:37,807 [INFO] After Task 13 | Domain accs: [98.79, 98.43, 98.68, 98.54, 98.54, 98.43, 98.67, 98.82, 98.82, 98.65, 98.92, 98.78, 98.87]
2026-04-21 07:20:37,807 [INFO] After Task 13 | Current Domain-IL: 98.87%
2026-04-21 07:20:37,807 [INFO] === Task 14/20 | degree=117.0 | epochs=20 ===
2026-04-21 07:21:48,429 [INFO]   Epoch 10/20 | Loss: 2.3733
2026-04-21 07:22:58,701 [INFO]   Epoch 20/20 | Loss: 2.2998
2026-04-21 07:24:34,836 [INFO] After Task 14 | Domain accs: [98.79, 98.43, 98.68, 98.54, 98.54, 98.43, 98.67, 98.82, 98.82, 98.65, 98.92, 98.78, 98.87, 98.69]
2026-04-21 07:24:34,836 [INFO] After Task 14 | Current Domain-IL: 98.69%
2026-04-21 07:24:34,836 [INFO] === Task 15/20 | degree=126.0 | epochs=20 ===
2026-04-21 07:25:43,197 [INFO]   Epoch 10/20 | Loss: 2.3782
2026-04-21 07:26:51,227 [INFO]   Epoch 20/20 | Loss: 2.3341
2026-04-21 07:28:36,361 [INFO] After Task 15 | Domain accs: [98.79, 98.43, 98.68, 98.54, 98.54, 98.43, 98.67, 98.82, 98.82, 98.65, 98.92, 98.78, 98.87, 98.69, 98.69]
2026-04-21 07:28:36,362 [INFO] After Task 15 | Current Domain-IL: 98.69%
2026-04-21 07:28:36,362 [INFO] === Task 16/20 | degree=135.0 | epochs=20 ===
2026-04-21 07:29:50,366 [INFO]   Epoch 10/20 | Loss: 2.3613
2026-04-21 07:30:58,369 [INFO]   Epoch 20/20 | Loss: 2.3432
2026-04-21 07:32:37,534 [INFO] After Task 16 | Domain accs: [98.79, 98.43, 98.68, 98.54, 98.54, 98.43, 98.67, 98.82, 98.82, 98.65, 98.92, 98.78, 98.87, 98.69, 98.69, 98.54]
2026-04-21 07:32:37,534 [INFO] After Task 16 | Current Domain-IL: 98.54%
2026-04-21 07:32:37,534 [INFO] === Task 17/20 | degree=144.0 | epochs=20 ===
2026-04-21 07:33:45,651 [INFO]   Epoch 10/20 | Loss: 2.3810
2026-04-21 07:34:52,764 [INFO]   Epoch 20/20 | Loss: 2.3340
2026-04-21 07:36:48,440 [INFO] After Task 17 | Domain accs: [98.79, 98.43, 98.68, 98.54, 98.54, 98.43, 98.67, 98.82, 98.82, 98.65, 98.92, 98.78, 98.87, 98.69, 98.69, 98.54, 98.42]
2026-04-21 07:36:48,441 [INFO] After Task 17 | Current Domain-IL: 98.42%
2026-04-21 07:36:48,441 [INFO] === Task 18/20 | degree=153.0 | epochs=20 ===
2026-04-21 07:37:56,134 [INFO]   Epoch 10/20 | Loss: 2.3786
2026-04-21 07:39:04,184 [INFO]   Epoch 20/20 | Loss: 2.3318
2026-04-21 07:40:46,473 [INFO] After Task 18 | Domain accs: [98.79, 98.43, 98.68, 98.54, 98.54, 98.43, 98.67, 98.82, 98.82, 98.65, 98.92, 98.78, 98.87, 98.69, 98.69, 98.54, 98.42, 98.5]
2026-04-21 07:40:46,474 [INFO] After Task 18 | Current Domain-IL: 98.50%
2026-04-21 07:40:46,474 [INFO] === Task 19/20 | degree=162.0 | epochs=20 ===
2026-04-21 07:41:54,899 [INFO]   Epoch 10/20 | Loss: 2.3915
2026-04-21 07:43:02,731 [INFO]   Epoch 20/20 | Loss: 2.3506
2026-04-21 07:44:43,868 [INFO] After Task 19 | Domain accs: [98.79, 98.43, 98.68, 98.54, 98.54, 98.43, 98.67, 98.82, 98.82, 98.65, 98.92, 98.78, 98.87, 98.69, 98.69, 98.54, 98.42, 98.5, 98.42]
2026-04-21 07:44:43,868 [INFO] After Task 19 | Current Domain-IL: 98.42%
2026-04-21 07:44:43,868 [INFO] === Task 20/20 | degree=171.0 | epochs=20 ===
2026-04-21 07:46:01,150 [INFO]   Epoch 10/20 | Loss: 2.3756
2026-04-21 07:47:10,533 [INFO]   Epoch 20/20 | Loss: 2.3536
2026-04-21 07:48:50,836 [INFO] After Task 20 | Domain accs: [98.79, 98.43, 98.68, 98.54, 98.54, 98.43, 98.67, 98.82, 98.82, 98.65, 98.92, 98.78, 98.87, 98.69, 98.69, 98.54, 98.42, 98.5, 98.42, 98.27]
2026-04-21 07:48:50,837 [INFO] After Task 20 | Current Domain-IL: 98.27%
2026-04-21 07:48:50,837 [INFO] ==================================================
2026-04-21 07:48:50,837 [INFO] >>>> FINAL DOMAIN-IL METRICS <<<<
2026-04-21 07:48:50,837 [INFO] Domain-IL Accuracy : 98.62%
2026-04-21 07:48:50,837 [INFO] Backward Transfer  : -0.3721
2026-04-21 07:48:50,837 [INFO] Forgetting Measure : 0.5300
2026-04-21 07:48:50,837 [INFO] ==================================================
2026-04-21 07:48:50,911 [INFO] Trial 3 done in 5199.6s
2026-04-21 07:48:50,914 [INFO] >>>> TRIAL 4/5 <<<<
2026-04-21 07:48:50,915 [INFO] Using device: cuda
2026-04-21 07:48:50,915 [INFO] R-MNIST degrees: [0, 9, 18, 27, 36, 45, 54, 63, 72, 81, 90, 99, 108, 117, 126, 135, 144, 153, 162, 171]
2026-04-21 07:48:51,569 [INFO] === Task 1/20 | degree=0.0 | epochs=100 ===
2026-04-21 07:49:51,701 [INFO]   Epoch 10/100 | Loss: 1.7816
2026-04-21 07:50:52,577 [INFO]   Epoch 20/100 | Loss: 1.7219
2026-04-21 07:51:57,268 [INFO]   Epoch 30/100 | Loss: 1.7243
2026-04-21 07:53:05,975 [INFO]   Epoch 40/100 | Loss: 1.6783
2026-04-21 07:54:06,619 [INFO]   Epoch 50/100 | Loss: 1.6994
2026-04-21 07:55:07,044 [INFO]   Epoch 60/100 | Loss: 1.6581
2026-04-21 07:56:07,732 [INFO]   Epoch 70/100 | Loss: 1.6842
2026-04-21 07:57:08,239 [INFO]   Epoch 80/100 | Loss: 1.6459
2026-04-21 07:58:09,522 [INFO]   Epoch 90/100 | Loss: 1.6763
2026-04-21 07:59:10,768 [INFO]   Epoch 100/100 | Loss: 1.6391
2026-04-21 08:00:44,002 [INFO] After Task 1 | Domain accs: [98.77]
2026-04-21 08:00:44,002 [INFO] After Task 1 | Current Domain-IL: 98.77%
2026-04-21 08:00:44,002 [INFO] === Task 2/20 | degree=9.0 | epochs=20 ===
2026-04-21 08:01:49,590 [INFO]   Epoch 10/20 | Loss: 1.7588
2026-04-21 08:02:54,313 [INFO]   Epoch 20/20 | Loss: 1.7186
2026-04-21 08:04:25,573 [INFO] After Task 2 | Domain accs: [98.77, 98.84]
2026-04-21 08:04:25,573 [INFO] After Task 2 | Current Domain-IL: 98.84%
2026-04-21 08:04:25,573 [INFO] === Task 3/20 | degree=18.0 | epochs=20 ===
2026-04-21 08:05:30,509 [INFO]   Epoch 10/20 | Loss: 1.8375
2026-04-21 08:06:35,550 [INFO]   Epoch 20/20 | Loss: 1.8008
2026-04-21 08:08:09,488 [INFO] After Task 3 | Domain accs: [98.77, 98.84, 98.86]
2026-04-21 08:08:09,489 [INFO] After Task 3 | Current Domain-IL: 98.86%
2026-04-21 08:08:09,489 [INFO] === Task 4/20 | degree=27.0 | epochs=20 ===
2026-04-21 08:09:15,622 [INFO]   Epoch 10/20 | Loss: 1.8996
2026-04-21 08:10:22,981 [INFO]   Epoch 20/20 | Loss: 1.8584
2026-04-21 08:11:54,918 [INFO] After Task 4 | Domain accs: [98.77, 98.84, 98.86, 98.87]
2026-04-21 08:11:54,918 [INFO] After Task 4 | Current Domain-IL: 98.87%
2026-04-21 08:11:54,918 [INFO] === Task 5/20 | degree=36.0 | epochs=20 ===
2026-04-21 08:13:03,828 [INFO]   Epoch 10/20 | Loss: 1.9599
2026-04-21 08:14:28,215 [INFO]   Epoch 20/20 | Loss: 1.9257
2026-04-21 08:16:05,428 [INFO] After Task 5 | Domain accs: [98.77, 98.84, 98.86, 98.87, 99.04]
2026-04-21 08:16:05,429 [INFO] After Task 5 | Current Domain-IL: 99.04%
2026-04-21 08:16:05,429 [INFO] === Task 6/20 | degree=45.0 | epochs=20 ===
2026-04-21 08:17:16,852 [INFO]   Epoch 10/20 | Loss: 2.0373
2026-04-21 08:18:56,632 [INFO]   Epoch 20/20 | Loss: 1.9877
2026-04-21 08:29:06,698 [INFO] After Task 6 | Domain accs: [98.77, 98.84, 98.86, 98.87, 99.04, 98.78]
2026-04-21 08:29:06,699 [INFO] After Task 6 | Current Domain-IL: 98.78%
2026-04-21 08:29:06,699 [INFO] === Task 7/20 | degree=54.0 | epochs=20 ===
2026-04-21 08:32:45,918 [INFO]   Epoch 10/20 | Loss: 2.0597
2026-04-21 08:36:31,719 [INFO]   Epoch 20/20 | Loss: 2.0319
2026-04-21 08:48:18,931 [INFO] After Task 7 | Domain accs: [98.77, 98.84, 98.86, 98.87, 99.04, 98.78, 98.63]
2026-04-21 08:48:18,931 [INFO] After Task 7 | Current Domain-IL: 98.63%
2026-04-21 08:48:18,931 [INFO] === Task 8/20 | degree=63.0 | epochs=20 ===
2026-04-21 08:49:38,850 [INFO]   Epoch 10/20 | Loss: 2.1415
2026-04-21 08:50:50,858 [INFO]   Epoch 20/20 | Loss: 2.0872
2026-04-21 08:52:23,050 [INFO] After Task 8 | Domain accs: [98.77, 98.84, 98.86, 98.87, 99.04, 98.78, 98.63, 98.72]
2026-04-21 08:52:23,050 [INFO] After Task 8 | Current Domain-IL: 98.72%
2026-04-21 08:52:23,050 [INFO] === Task 9/20 | degree=72.0 | epochs=20 ===
2026-04-21 08:53:31,045 [INFO]   Epoch 10/20 | Loss: 2.1801
2026-04-21 08:54:38,874 [INFO]   Epoch 20/20 | Loss: 2.1468
2026-04-21 08:56:17,807 [INFO] After Task 9 | Domain accs: [98.77, 98.84, 98.86, 98.87, 99.04, 98.78, 98.63, 98.72, 98.64]
2026-04-21 08:56:17,807 [INFO] After Task 9 | Current Domain-IL: 98.64%
2026-04-21 08:56:17,807 [INFO] === Task 10/20 | degree=81.0 | epochs=20 ===
2026-04-21 08:57:28,769 [INFO]   Epoch 10/20 | Loss: 2.2316
2026-04-21 08:58:39,528 [INFO]   Epoch 20/20 | Loss: 2.1701
2026-04-21 09:00:26,642 [INFO] After Task 10 | Domain accs: [98.77, 98.84, 98.86, 98.87, 99.04, 98.78, 98.63, 98.72, 98.64, 98.39]
2026-04-21 09:00:26,642 [INFO] After Task 10 | Current Domain-IL: 98.39%
2026-04-21 09:00:26,642 [INFO] === Task 11/20 | degree=90.0 | epochs=20 ===
2026-04-21 09:01:35,974 [INFO]   Epoch 10/20 | Loss: 2.2521
2026-04-21 09:02:44,225 [INFO]   Epoch 20/20 | Loss: 2.1983
2026-04-21 09:04:39,852 [INFO] After Task 11 | Domain accs: [98.77, 98.84, 98.86, 98.87, 99.04, 98.78, 98.63, 98.72, 98.64, 98.39, 98.87]
2026-04-21 09:04:39,852 [INFO] After Task 11 | Current Domain-IL: 98.87%
2026-04-21 09:04:39,852 [INFO] === Task 12/20 | degree=99.0 | epochs=20 ===
2026-04-21 09:05:48,241 [INFO]   Epoch 10/20 | Loss: 2.2856
2026-04-21 09:06:55,941 [INFO]   Epoch 20/20 | Loss: 2.2491
2026-04-21 09:08:35,939 [INFO] After Task 12 | Domain accs: [98.77, 98.84, 98.86, 98.87, 99.04, 98.78, 98.63, 98.72, 98.64, 98.39, 98.87, 98.63]
2026-04-21 09:08:35,939 [INFO] After Task 12 | Current Domain-IL: 98.63%
2026-04-21 09:08:35,939 [INFO] === Task 13/20 | degree=108.0 | epochs=20 ===
2026-04-21 09:09:42,559 [INFO]   Epoch 10/20 | Loss: 2.3289
2026-04-21 09:10:48,946 [INFO]   Epoch 20/20 | Loss: 2.3070
2026-04-21 09:12:23,562 [INFO] After Task 13 | Domain accs: [98.77, 98.84, 98.86, 98.87, 99.04, 98.78, 98.63, 98.72, 98.64, 98.39, 98.87, 98.63, 98.61]
2026-04-21 09:12:23,563 [INFO] After Task 13 | Current Domain-IL: 98.61%
2026-04-21 09:12:23,563 [INFO] === Task 14/20 | degree=117.0 | epochs=20 ===
2026-04-21 09:14:25,994 [INFO]   Epoch 10/20 | Loss: 2.3566
2026-04-21 09:15:36,963 [INFO]   Epoch 20/20 | Loss: 2.3222
2026-04-21 09:17:13,872 [INFO] After Task 14 | Domain accs: [98.77, 98.84, 98.86, 98.87, 99.04, 98.78, 98.63, 98.72, 98.64, 98.39, 98.87, 98.63, 98.61, 98.59]
2026-04-21 09:17:13,872 [INFO] After Task 14 | Current Domain-IL: 98.59%
2026-04-21 09:17:13,872 [INFO] === Task 15/20 | degree=126.0 | epochs=20 ===
2026-04-21 09:18:22,273 [INFO]   Epoch 10/20 | Loss: 2.3712
2026-04-21 09:19:28,683 [INFO]   Epoch 20/20 | Loss: 2.3363
2026-04-21 09:21:03,067 [INFO] After Task 15 | Domain accs: [98.77, 98.84, 98.86, 98.87, 99.04, 98.78, 98.63, 98.72, 98.64, 98.39, 98.87, 98.63, 98.61, 98.59, 98.54]
2026-04-21 09:21:03,067 [INFO] After Task 15 | Current Domain-IL: 98.54%
2026-04-21 09:21:03,067 [INFO] === Task 16/20 | degree=135.0 | epochs=20 ===
2026-04-21 09:22:09,277 [INFO]   Epoch 10/20 | Loss: 2.3737
2026-04-21 09:23:16,001 [INFO]   Epoch 20/20 | Loss: 2.3211
2026-04-21 09:24:55,950 [INFO] After Task 16 | Domain accs: [98.77, 98.84, 98.86, 98.87, 99.04, 98.78, 98.63, 98.72, 98.64, 98.39, 98.87, 98.63, 98.61, 98.59, 98.54, 98.13]
2026-04-21 09:24:55,950 [INFO] After Task 16 | Current Domain-IL: 98.13%
2026-04-21 09:24:55,950 [INFO] === Task 17/20 | degree=144.0 | epochs=20 ===
2026-04-21 09:26:02,208 [INFO]   Epoch 10/20 | Loss: 2.3699
2026-04-21 09:27:08,633 [INFO]   Epoch 20/20 | Loss: 2.3383
2026-04-21 09:28:44,841 [INFO] After Task 17 | Domain accs: [98.77, 98.84, 98.86, 98.87, 99.04, 98.78, 98.63, 98.72, 98.64, 98.39, 98.87, 98.63, 98.61, 98.59, 98.54, 98.13, 98.63]
2026-04-21 09:28:44,842 [INFO] After Task 17 | Current Domain-IL: 98.63%
2026-04-21 09:28:44,842 [INFO] === Task 18/20 | degree=153.0 | epochs=20 ===
2026-04-21 09:29:50,786 [INFO]   Epoch 10/20 | Loss: 2.3984
2026-04-21 09:30:56,148 [INFO]   Epoch 20/20 | Loss: 2.3379
2026-04-21 09:32:34,070 [INFO] After Task 18 | Domain accs: [98.77, 98.84, 98.86, 98.87, 99.04, 98.78, 98.63, 98.72, 98.64, 98.39, 98.87, 98.63, 98.61, 98.59, 98.54, 98.13, 98.63, 98.56]
2026-04-21 09:32:34,070 [INFO] After Task 18 | Current Domain-IL: 98.56%
2026-04-21 09:32:34,071 [INFO] === Task 19/20 | degree=162.0 | epochs=20 ===
2026-04-21 09:33:41,371 [INFO]   Epoch 10/20 | Loss: 2.3748
2026-04-21 09:34:49,531 [INFO]   Epoch 20/20 | Loss: 2.3445
2026-04-21 09:36:32,586 [INFO] After Task 19 | Domain accs: [98.77, 98.84, 98.86, 98.87, 99.04, 98.78, 98.63, 98.72, 98.64, 98.39, 98.87, 98.63, 98.61, 98.59, 98.54, 98.13, 98.63, 98.56, 98.45]
2026-04-21 09:36:32,587 [INFO] After Task 19 | Current Domain-IL: 98.45%
2026-04-21 09:36:32,587 [INFO] === Task 20/20 | degree=171.0 | epochs=20 ===
2026-04-21 09:37:39,869 [INFO]   Epoch 10/20 | Loss: 2.3931
2026-04-21 09:38:48,588 [INFO]   Epoch 20/20 | Loss: 2.3397
2026-04-21 09:40:27,953 [INFO] After Task 20 | Domain accs: [98.77, 98.84, 98.86, 98.87, 99.04, 98.78, 98.63, 98.72, 98.64, 98.39, 98.87, 98.63, 98.61, 98.59, 98.54, 98.13, 98.63, 98.56, 98.45, 98.25]
2026-04-21 09:40:27,953 [INFO] After Task 20 | Current Domain-IL: 98.25%
2026-04-21 09:40:27,953 [INFO] ==================================================
2026-04-21 09:40:27,953 [INFO] >>>> FINAL DOMAIN-IL METRICS <<<<
2026-04-21 09:40:27,953 [INFO] Domain-IL Accuracy : 98.64%
2026-04-21 09:40:27,953 [INFO] Backward Transfer  : -0.4105
2026-04-21 09:40:27,953 [INFO] Forgetting Measure : 0.5505
2026-04-21 09:40:27,953 [INFO] ==================================================
2026-04-21 09:40:28,025 [INFO] Trial 4 done in 6697.1s
2026-04-21 09:40:28,029 [INFO] >>>> TRIAL 5/5 <<<<
2026-04-21 09:40:28,029 [INFO] Using device: cuda
2026-04-21 09:40:28,029 [INFO] R-MNIST degrees: [0, 9, 18, 27, 36, 45, 54, 63, 72, 81, 90, 99, 108, 117, 126, 135, 144, 153, 162, 171]
2026-04-21 09:40:28,680 [INFO] === Task 1/20 | degree=0.0 | epochs=100 ===
2026-04-21 09:41:30,118 [INFO]   Epoch 10/100 | Loss: 1.7801
2026-04-21 09:42:31,903 [INFO]   Epoch 20/100 | Loss: 1.7222
2026-04-21 09:43:34,468 [INFO]   Epoch 30/100 | Loss: 1.7232
2026-04-21 09:44:36,416 [INFO]   Epoch 40/100 | Loss: 1.6795
2026-04-21 09:45:38,672 [INFO]   Epoch 50/100 | Loss: 1.6981
2026-04-21 09:46:39,852 [INFO]   Epoch 60/100 | Loss: 1.6592
2026-04-21 09:47:39,950 [INFO]   Epoch 70/100 | Loss: 1.6843
2026-04-21 09:48:43,105 [INFO]   Epoch 80/100 | Loss: 1.6479
2026-04-21 09:49:44,503 [INFO]   Epoch 90/100 | Loss: 1.6779
2026-04-21 09:50:43,725 [INFO]   Epoch 100/100 | Loss: 1.6405
2026-04-21 09:52:02,184 [INFO] After Task 1 | Domain accs: [98.91]
2026-04-21 09:52:02,184 [INFO] After Task 1 | Current Domain-IL: 98.91%
2026-04-21 09:52:02,184 [INFO] === Task 2/20 | degree=9.0 | epochs=20 ===
2026-04-21 09:53:05,135 [INFO]   Epoch 10/20 | Loss: 1.7577
2026-04-21 09:54:08,198 [INFO]   Epoch 20/20 | Loss: 1.7212
2026-04-21 09:55:26,395 [INFO] After Task 2 | Domain accs: [98.91, 98.78]
2026-04-21 09:55:26,395 [INFO] After Task 2 | Current Domain-IL: 98.78%
2026-04-21 09:55:26,395 [INFO] === Task 3/20 | degree=18.0 | epochs=20 ===
2026-04-21 09:56:30,310 [INFO]   Epoch 10/20 | Loss: 1.8375
2026-04-21 09:57:33,713 [INFO]   Epoch 20/20 | Loss: 1.7988
2026-04-21 09:58:59,009 [INFO] After Task 3 | Domain accs: [98.91, 98.78, 98.72]
2026-04-21 09:58:59,010 [INFO] After Task 3 | Current Domain-IL: 98.72%
2026-04-21 09:58:59,010 [INFO] === Task 4/20 | degree=27.0 | epochs=20 ===
2026-04-21 10:00:02,000 [INFO]   Epoch 10/20 | Loss: 1.8970
2026-04-21 10:01:04,423 [INFO]   Epoch 20/20 | Loss: 1.8700
2026-04-21 10:02:23,885 [INFO] After Task 4 | Domain accs: [98.91, 98.78, 98.72, 98.61]
2026-04-21 10:02:23,885 [INFO] After Task 4 | Current Domain-IL: 98.61%
2026-04-21 10:02:23,885 [INFO] === Task 5/20 | degree=36.0 | epochs=20 ===
2026-04-21 10:03:26,928 [INFO]   Epoch 10/20 | Loss: 1.9681
2026-04-21 10:04:29,831 [INFO]   Epoch 20/20 | Loss: 1.9164
2026-04-21 10:05:53,055 [INFO] After Task 5 | Domain accs: [98.91, 98.78, 98.72, 98.61, 98.79]
2026-04-21 10:05:53,056 [INFO] After Task 5 | Current Domain-IL: 98.79%
2026-04-21 10:05:53,056 [INFO] === Task 6/20 | degree=45.0 | epochs=20 ===
2026-04-21 10:06:58,438 [INFO]   Epoch 10/20 | Loss: 2.0155
2026-04-21 10:08:01,305 [INFO]   Epoch 20/20 | Loss: 1.9787
2026-04-21 10:09:26,235 [INFO] After Task 6 | Domain accs: [98.91, 98.78, 98.72, 98.61, 98.79, 98.65]
2026-04-21 10:09:26,235 [INFO] After Task 6 | Current Domain-IL: 98.65%
2026-04-21 10:09:26,235 [INFO] === Task 7/20 | degree=54.0 | epochs=20 ===
2026-04-21 10:10:28,083 [INFO]   Epoch 10/20 | Loss: 2.0759
2026-04-21 10:11:28,731 [INFO]   Epoch 20/20 | Loss: 2.0415
2026-04-21 10:12:45,538 [INFO] After Task 7 | Domain accs: [98.91, 98.78, 98.72, 98.61, 98.79, 98.65, 98.66]
2026-04-21 10:12:45,538 [INFO] After Task 7 | Current Domain-IL: 98.66%
2026-04-21 10:12:45,539 [INFO] === Task 8/20 | degree=63.0 | epochs=20 ===
2026-04-21 10:13:48,474 [INFO]   Epoch 10/20 | Loss: 2.1259
2026-04-21 10:14:51,134 [INFO]   Epoch 20/20 | Loss: 2.0794
2026-04-21 10:16:10,949 [INFO] After Task 8 | Domain accs: [98.91, 98.78, 98.72, 98.61, 98.79, 98.65, 98.66, 98.6]
2026-04-21 10:16:10,949 [INFO] After Task 8 | Current Domain-IL: 98.60%
2026-04-21 10:16:10,949 [INFO] === Task 9/20 | degree=72.0 | epochs=20 ===
2026-04-21 10:17:13,616 [INFO]   Epoch 10/20 | Loss: 2.1696
2026-04-21 10:18:16,458 [INFO]   Epoch 20/20 | Loss: 2.1374
2026-04-21 10:19:36,783 [INFO] After Task 9 | Domain accs: [98.91, 98.78, 98.72, 98.61, 98.79, 98.65, 98.66, 98.6, 98.43]
2026-04-21 10:19:36,783 [INFO] After Task 9 | Current Domain-IL: 98.43%
2026-04-21 10:19:36,783 [INFO] === Task 10/20 | degree=81.0 | epochs=20 ===
2026-04-21 10:20:41,667 [INFO]   Epoch 10/20 | Loss: 2.2099
2026-04-21 10:21:49,801 [INFO]   Epoch 20/20 | Loss: 2.1761
2026-04-21 10:23:29,717 [INFO] After Task 10 | Domain accs: [98.91, 98.78, 98.72, 98.61, 98.79, 98.65, 98.66, 98.6, 98.43, 98.4]
2026-04-21 10:23:29,718 [INFO] After Task 10 | Current Domain-IL: 98.40%
2026-04-21 10:23:29,718 [INFO] === Task 11/20 | degree=90.0 | epochs=20 ===
2026-04-21 10:24:38,560 [INFO]   Epoch 10/20 | Loss: 2.2414
2026-04-21 10:25:41,453 [INFO]   Epoch 20/20 | Loss: 2.2095
2026-04-21 10:27:03,096 [INFO] After Task 11 | Domain accs: [98.91, 98.78, 98.72, 98.61, 98.79, 98.65, 98.66, 98.6, 98.43, 98.4, 98.57]
2026-04-21 10:27:03,096 [INFO] After Task 11 | Current Domain-IL: 98.57%
2026-04-21 10:27:03,096 [INFO] === Task 12/20 | degree=99.0 | epochs=20 ===
2026-04-21 10:28:11,128 [INFO]   Epoch 10/20 | Loss: 2.2738
2026-04-21 10:29:18,028 [INFO]   Epoch 20/20 | Loss: 2.2487
2026-04-21 10:30:49,439 [INFO] After Task 12 | Domain accs: [98.91, 98.78, 98.72, 98.61, 98.79, 98.65, 98.66, 98.6, 98.43, 98.4, 98.57, 98.31]
2026-04-21 10:30:49,440 [INFO] After Task 12 | Current Domain-IL: 98.31%
2026-04-21 10:30:49,440 [INFO] === Task 13/20 | degree=108.0 | epochs=20 ===
2026-04-21 10:31:57,145 [INFO]   Epoch 10/20 | Loss: 2.3335
2026-04-21 10:33:04,532 [INFO]   Epoch 20/20 | Loss: 2.3007
2026-04-21 10:34:35,088 [INFO] After Task 13 | Domain accs: [98.91, 98.78, 98.72, 98.61, 98.79, 98.65, 98.66, 98.6, 98.43, 98.4, 98.57, 98.31, 98.55]
2026-04-21 10:34:35,088 [INFO] After Task 13 | Current Domain-IL: 98.55%
2026-04-21 10:34:35,088 [INFO] === Task 14/20 | degree=117.0 | epochs=20 ===
2026-04-21 10:35:43,616 [INFO]   Epoch 10/20 | Loss: 2.3591
2026-04-21 10:36:52,701 [INFO]   Epoch 20/20 | Loss: 2.3263
2026-04-21 10:38:19,644 [INFO] After Task 14 | Domain accs: [98.91, 98.78, 98.72, 98.61, 98.79, 98.65, 98.66, 98.6, 98.43, 98.4, 98.57, 98.31, 98.55, 98.26]
2026-04-21 10:38:19,644 [INFO] After Task 14 | Current Domain-IL: 98.26%
2026-04-21 10:38:19,644 [INFO] === Task 15/20 | degree=126.0 | epochs=20 ===
2026-04-21 10:39:22,006 [INFO]   Epoch 10/20 | Loss: 2.3868
2026-04-21 10:40:24,243 [INFO]   Epoch 20/20 | Loss: 2.3359
2026-04-21 10:41:46,755 [INFO] After Task 15 | Domain accs: [98.91, 98.78, 98.72, 98.61, 98.79, 98.65, 98.66, 98.6, 98.43, 98.4, 98.57, 98.31, 98.55, 98.26, 98.55]
2026-04-21 10:41:46,755 [INFO] After Task 15 | Current Domain-IL: 98.55%
2026-04-21 10:41:46,755 [INFO] === Task 16/20 | degree=135.0 | epochs=20 ===
2026-04-21 10:42:48,705 [INFO]   Epoch 10/20 | Loss: 2.3671
2026-04-21 10:43:50,336 [INFO]   Epoch 20/20 | Loss: 2.3245
2026-04-21 10:45:12,679 [INFO] After Task 16 | Domain accs: [98.91, 98.78, 98.72, 98.61, 98.79, 98.65, 98.66, 98.6, 98.43, 98.4, 98.57, 98.31, 98.55, 98.26, 98.55, 98.21]
2026-04-21 10:45:12,679 [INFO] After Task 16 | Current Domain-IL: 98.21%
2026-04-21 10:45:12,679 [INFO] === Task 17/20 | degree=144.0 | epochs=20 ===
2026-04-21 10:46:14,709 [INFO]   Epoch 10/20 | Loss: 2.3600
2026-04-21 10:47:16,822 [INFO]   Epoch 20/20 | Loss: 2.3337
2026-04-21 10:48:37,942 [INFO] After Task 17 | Domain accs: [98.91, 98.78, 98.72, 98.61, 98.79, 98.65, 98.66, 98.6, 98.43, 98.4, 98.57, 98.31, 98.55, 98.26, 98.55, 98.21, 98.35]
2026-04-21 10:48:37,942 [INFO] After Task 17 | Current Domain-IL: 98.35%
2026-04-21 10:48:37,942 [INFO] === Task 18/20 | degree=153.0 | epochs=20 ===
2026-04-21 10:49:39,978 [INFO]   Epoch 10/20 | Loss: 2.3779
2026-04-21 10:50:41,601 [INFO]   Epoch 20/20 | Loss: 2.3394
2026-04-21 10:52:04,812 [INFO] After Task 18 | Domain accs: [98.91, 98.78, 98.72, 98.61, 98.79, 98.65, 98.66, 98.6, 98.43, 98.4, 98.57, 98.31, 98.55, 98.26, 98.55, 98.21, 98.35, 98.68]
2026-04-21 10:52:04,812 [INFO] After Task 18 | Current Domain-IL: 98.68%
2026-04-21 10:52:04,812 [INFO] === Task 19/20 | degree=162.0 | epochs=20 ===
2026-04-21 10:53:07,117 [INFO]   Epoch 10/20 | Loss: 2.3697
2026-04-21 10:54:08,642 [INFO]   Epoch 20/20 | Loss: 2.3250
2026-04-21 10:55:32,894 [INFO] After Task 19 | Domain accs: [98.91, 98.78, 98.72, 98.61, 98.79, 98.65, 98.66, 98.6, 98.43, 98.4, 98.57, 98.31, 98.55, 98.26, 98.55, 98.21, 98.35, 98.68, 98.25]
2026-04-21 10:55:32,894 [INFO] After Task 19 | Current Domain-IL: 98.25%
2026-04-21 10:55:32,894 [INFO] === Task 20/20 | degree=171.0 | epochs=20 ===
2026-04-21 10:56:34,846 [INFO]   Epoch 10/20 | Loss: 2.3760
2026-04-21 10:57:36,531 [INFO]   Epoch 20/20 | Loss: 2.3326
2026-04-21 10:59:01,829 [INFO] After Task 20 | Domain accs: [98.91, 98.78, 98.72, 98.61, 98.79, 98.65, 98.66, 98.6, 98.43, 98.4, 98.57, 98.31, 98.55, 98.26, 98.55, 98.21, 98.35, 98.68, 98.25, 98.24]
2026-04-21 10:59:01,829 [INFO] After Task 20 | Current Domain-IL: 98.24%
2026-04-21 10:59:01,830 [INFO] ==================================================
2026-04-21 10:59:01,830 [INFO] >>>> FINAL DOMAIN-IL METRICS <<<<
2026-04-21 10:59:01,830 [INFO] Domain-IL Accuracy : 98.53%
2026-04-21 10:59:01,830 [INFO] Backward Transfer  : -0.3011
2026-04-21 10:59:01,830 [INFO] Forgetting Measure : 0.4526
2026-04-21 10:59:01,830 [INFO] ==================================================
2026-04-21 10:59:01,889 [INFO] Trial 5 done in 4713.9s
2026-04-21 10:59:01,894 [INFO] ==================================================
2026-04-21 10:59:01,894 [INFO] >>>> SUMMARY <<<<
2026-04-21 10:59:01,894 [INFO] ==================================================
2026-04-21 10:59:01,894 [INFO] Domain-IL Accuracy : 98.53 ± 0.11
2026-04-21 10:59:01,895 [INFO] Backward Transfer  : -0.3753 ± 0.1120
2026-04-21 10:59:01,895 [INFO] Forgetting Measure : 0.5240 ± 0.1480
2026-04-21 10:59:01,895 [INFO] ==================================================
